[0mCMake Deprecation Warning at CMakeLists.txt:1 (cmake_minimum_required):
  Compatibility with CMake < 3.10 will be removed from a future version of
  CMake.

  Update the VERSION argument <min> value.  Or, use the <min>...<max> syntax
  to tell CMake that the project requires at least <min> but has been updated
  to work with policies introduced by <max> or earlier.

[0m
[33mCMake Warning at CMakeLists.txt:67 (add_library):
  Cannot generate a safe runtime search path for target quadruped_controller
  because files in some directories may conflict with libraries in implicit
  directories:

    runtime library [libpython3.10.so.1.0] in /usr/lib/x86_64-linux-gnu may be hidden by files in:
      /mnt/data/2026_1/go2_ws/.pixi/envs/default/lib

  Some of these libraries may not be found correctly.

[0m
[33mCMake Warning at CMakeLists.txt:69 (add_executable):
  Cannot generate a safe runtime search path for target
  quadruped_controller_node because files in some directories may conflict
  with libraries in implicit directories:

    runtime library [libpython3.10.so.1.0] in /usr/lib/x86_64-linux-gnu may be hidden by files in:
      /mnt/data/2026_1/go2_ws/.pixi/envs/default/lib

  Some of these libraries may not be found correctly.

[0m
[33mCMake Warning at CMakeLists.txt:74 (add_library):
  Cannot generate a safe runtime search path for target message_relay because
  files in some directories may conflict with libraries in implicit
  directories:

    runtime library [libpython3.10.so.1.0] in /usr/lib/x86_64-linux-gnu may be hidden by files in:
      /mnt/data/2026_1/go2_ws/.pixi/envs/default/lib

  Some of these libraries may not be found correctly.

[0m
[33mCMake Warning at CMakeLists.txt:76 (add_executable):
  Cannot generate a safe runtime search path for target message_relay_node
  because files in some directories may conflict with libraries in implicit
  directories:

    runtime library [libpython3.10.so.1.0] in /usr/lib/x86_64-linux-gnu may be hidden by files in:
      /mnt/data/2026_1/go2_ws/.pixi/envs/default/lib

  Some of these libraries may not be found correctly.

[0m
[33mCMake Warning at CMakeLists.txt:81 (add_library):
  Cannot generate a safe runtime search path for target state_estimation
  because files in some directories may conflict with libraries in implicit
  directories:

    runtime library [libpython3.10.so.1.0] in /usr/lib/x86_64-linux-gnu may be hidden by files in:
      /mnt/data/2026_1/go2_ws/.pixi/envs/default/lib

  Some of these libraries may not be found correctly.

[0m
[33mCMake Warning at CMakeLists.txt:83 (add_executable):
  Cannot generate a safe runtime search path for target state_estimation_node
  because files in some directories may conflict with libraries in implicit
  directories:

    runtime library [libpython3.10.so.1.0] in /usr/lib/x86_64-linux-gnu may be hidden by files in:
      /mnt/data/2026_1/go2_ws/.pixi/envs/default/lib

  Some of these libraries may not be found correctly.

[0m
