[0.117s] [34mcolcon[0m [1;30mDEBUG[0m [32mCommand line arguments: ['/mnt/data/2026_1/go2_ws/.pixi/envs/default/bin/colcon', 'build', '--symlink-install'][0m
[0.117s] [34mcolcon[0m [1;30mDEBUG[0m [32mParsed command line arguments: Namespace(log_base=None, log_level=None, verb_name='build', build_base='build', install_base='install', merge_install=False, symlink_install=True, test_result_base=None, continue_on_error=False, executor='parallel', parallel_workers=12, event_handlers=None, ignore_user_meta=False, metas=['./colcon.meta'], base_paths=['.'], packages_ignore=None, packages_ignore_regex=None, paths=None, packages_up_to=None, packages_up_to_regex=None, packages_above=None, packages_above_and_dependencies=None, packages_above_depth=None, packages_select_by_dep=None, packages_skip_by_dep=None, packages_skip_up_to=None, packages_select_build_failed=False, packages_skip_build_finished=False, packages_select_test_failures=False, packages_skip_test_passed=False, packages_select=None, packages_skip=None, packages_select_regex=None, packages_skip_regex=None, packages_start=None, packages_end=None, cmake_args=None, cmake_target=None, cmake_target_skip_unavailable=False, cmake_clean_cache=False, cmake_clean_first=False, cmake_force_configure=False, ament_cmake_args=None, catkin_cmake_args=None, catkin_skip_building_tests=False, verb_parser=<colcon_defaults.argument_parser.defaults.DefaultArgumentsDecorator object at 0x702e12814310>, verb_extension=<colcon_core.verb.build.BuildVerb object at 0x702e129db940>, main=<bound method BuildVerb.main of <colcon_core.verb.build.BuildVerb object at 0x702e129db940>>)[0m
[0.230s] [34mcolcon.colcon_core.package_discovery[0m [1;30mLevel 1[0m discover_packages(colcon_meta) check parameters
[0.230s] [34mcolcon.colcon_core.package_discovery[0m [1;30mLevel 1[0m discover_packages(recursive) check parameters
[0.230s] [34mcolcon.colcon_core.package_discovery[0m [1;30mLevel 1[0m discover_packages(ignore) check parameters
[0.230s] [34mcolcon.colcon_core.package_discovery[0m [1;30mLevel 1[0m discover_packages(path) check parameters
[0.230s] [34mcolcon.colcon_core.package_discovery[0m [1;30mLevel 1[0m discover_packages(colcon_meta) discover
[0.230s] [34mcolcon.colcon_core.package_discovery[0m [1;30mLevel 1[0m discover_packages(recursive) discover
[0.230s] [34mcolcon.colcon_core.package_discovery[0m [1;30mINFO[0m Crawling recursively for packages in '/mnt/data/2026_1/go2_ws'
[0.230s] [34mcolcon.colcon_core.package_identification[0m [1;30mLevel 1[0m _identify(.) by extensions ['ignore', 'ignore_ament_install']
[0.230s] [34mcolcon.colcon_core.package_identification[0m [1;30mLevel 1[0m _identify(.) by extension 'ignore'
[0.230s] [34mcolcon.colcon_core.package_identification[0m [1;30mLevel 1[0m _identify(.) by extension 'ignore_ament_install'
[0.230s] [34mcolcon.colcon_core.package_identification[0m [1;30mLevel 1[0m _identify(.) by extensions ['colcon_pkg']
[0.230s] [34mcolcon.colcon_core.package_identification[0m [1;30mLevel 1[0m _identify(.) by extension 'colcon_pkg'
[0.230s] [34mcolcon.colcon_core.package_identification[0m [1;30mLevel 1[0m _identify(.) by extensions ['colcon_meta']
[0.230s] [34mcolcon.colcon_core.package_identification[0m [1;30mLevel 1[0m _identify(.) by extension 'colcon_meta'
[0.230s] [34mcolcon.colcon_core.package_identification[0m [1;30mLevel 1[0m _identify(.) by extensions ['ros']
[0.230s] [34mcolcon.colcon_core.package_identification[0m [1;30mLevel 1[0m _identify(.) by extension 'ros'
[0.252s] [34mcolcon.colcon_core.package_identification[0m [1;30mLevel 1[0m _identify(.) by extensions ['cmake', 'python']
[0.252s] [34mcolcon.colcon_core.package_identification[0m [1;30mLevel 1[0m _identify(.) by extension 'cmake'
[0.252s] [34mcolcon.colcon_core.package_identification[0m [1;30mLevel 1[0m _identify(.) by extension 'python'
[0.252s] [34mcolcon.colcon_core.package_identification[0m [1;30mLevel 1[0m _identify(.) by extensions ['python_setup_py']
[0.252s] [34mcolcon.colcon_core.package_identification[0m [1;30mLevel 1[0m _identify(.) by extension 'python_setup_py'
[0.252s] [34mcolcon.colcon_core.package_identification[0m [1;30mLevel 1[0m _identify(build) by extensions ['ignore', 'ignore_ament_install']
[0.252s] [34mcolcon.colcon_core.package_identification[0m [1;30mLevel 1[0m _identify(build) by extension 'ignore'
[0.252s] [34mcolcon.colcon_core.package_identification[0m [1;30mLevel 1[0m _identify(build) ignored
[0.252s] [34mcolcon.colcon_core.package_identification[0m [1;30mLevel 1[0m _identify(install) by extensions ['ignore', 'ignore_ament_install']
[0.252s] [34mcolcon.colcon_core.package_identification[0m [1;30mLevel 1[0m _identify(install) by extension 'ignore'
[0.252s] [34mcolcon.colcon_core.package_identification[0m [1;30mLevel 1[0m _identify(install) ignored
[0.252s] [34mcolcon.colcon_core.package_identification[0m [1;30mLevel 1[0m _identify(log) by extensions ['ignore', 'ignore_ament_install']
[0.252s] [34mcolcon.colcon_core.package_identification[0m [1;30mLevel 1[0m _identify(log) by extension 'ignore'
[0.252s] [34mcolcon.colcon_core.package_identification[0m [1;30mLevel 1[0m _identify(log) ignored
[0.253s] [34mcolcon.colcon_core.package_identification[0m [1;30mLevel 1[0m _identify(src) by extensions ['ignore', 'ignore_ament_install']
[0.253s] [34mcolcon.colcon_core.package_identification[0m [1;30mLevel 1[0m _identify(src) by extension 'ignore'
[0.253s] [34mcolcon.colcon_core.package_identification[0m [1;30mLevel 1[0m _identify(src) by extension 'ignore_ament_install'
[0.253s] [34mcolcon.colcon_core.package_identification[0m [1;30mLevel 1[0m _identify(src) by extensions ['colcon_pkg']
[0.253s] [34mcolcon.colcon_core.package_identification[0m [1;30mLevel 1[0m _identify(src) by extension 'colcon_pkg'
[0.253s] [34mcolcon.colcon_core.package_identification[0m [1;30mLevel 1[0m _identify(src) by extensions ['colcon_meta']
[0.253s] [34mcolcon.colcon_core.package_identification[0m [1;30mLevel 1[0m _identify(src) by extension 'colcon_meta'
[0.253s] [34mcolcon.colcon_core.package_identification[0m [1;30mLevel 1[0m _identify(src) by extensions ['ros']
[0.253s] [34mcolcon.colcon_core.package_identification[0m [1;30mLevel 1[0m _identify(src) by extension 'ros'
[0.253s] [34mcolcon.colcon_core.package_identification[0m [1;30mLevel 1[0m _identify(src) by extensions ['cmake', 'python']
[0.253s] [34mcolcon.colcon_core.package_identification[0m [1;30mLevel 1[0m _identify(src) by extension 'cmake'
[0.253s] [34mcolcon.colcon_core.package_identification[0m [1;30mLevel 1[0m _identify(src) by extension 'python'
[0.253s] [34mcolcon.colcon_core.package_identification[0m [1;30mLevel 1[0m _identify(src) by extensions ['python_setup_py']
[0.253s] [34mcolcon.colcon_core.package_identification[0m [1;30mLevel 1[0m _identify(src) by extension 'python_setup_py'
[0.253s] [34mcolcon.colcon_core.package_identification[0m [1;30mLevel 1[0m _identify(src/unitree_go2_ros2) by extensions ['ignore', 'ignore_ament_install']
[0.253s] [34mcolcon.colcon_core.package_identification[0m [1;30mLevel 1[0m _identify(src/unitree_go2_ros2) by extension 'ignore'
[0.253s] [34mcolcon.colcon_core.package_identification[0m [1;30mLevel 1[0m _identify(src/unitree_go2_ros2) by extension 'ignore_ament_install'
[0.253s] [34mcolcon.colcon_core.package_identification[0m [1;30mLevel 1[0m _identify(src/unitree_go2_ros2) by extensions ['colcon_pkg']
[0.253s] [34mcolcon.colcon_core.package_identification[0m [1;30mLevel 1[0m _identify(src/unitree_go2_ros2) by extension 'colcon_pkg'
[0.253s] [34mcolcon.colcon_core.package_identification[0m [1;30mLevel 1[0m _identify(src/unitree_go2_ros2) by extensions ['colcon_meta']
[0.253s] [34mcolcon.colcon_core.package_identification[0m [1;30mLevel 1[0m _identify(src/unitree_go2_ros2) by extension 'colcon_meta'
[0.253s] [34mcolcon.colcon_core.package_identification[0m [1;30mLevel 1[0m _identify(src/unitree_go2_ros2) by extensions ['ros']
[0.253s] [34mcolcon.colcon_core.package_identification[0m [1;30mLevel 1[0m _identify(src/unitree_go2_ros2) by extension 'ros'
[0.253s] [34mcolcon.colcon_core.package_identification[0m [1;30mLevel 1[0m _identify(src/unitree_go2_ros2) by extensions ['cmake', 'python']
[0.253s] [34mcolcon.colcon_core.package_identification[0m [1;30mLevel 1[0m _identify(src/unitree_go2_ros2) by extension 'cmake'
[0.253s] [34mcolcon.colcon_core.package_identification[0m [1;30mLevel 1[0m _identify(src/unitree_go2_ros2) by extension 'python'
[0.253s] [34mcolcon.colcon_core.package_identification[0m [1;30mLevel 1[0m _identify(src/unitree_go2_ros2) by extensions ['python_setup_py']
[0.253s] [34mcolcon.colcon_core.package_identification[0m [1;30mLevel 1[0m _identify(src/unitree_go2_ros2) by extension 'python_setup_py'
[0.254s] [34mcolcon.colcon_core.package_identification[0m [1;30mLevel 1[0m _identify(src/unitree_go2_ros2/champ) by extensions ['ignore', 'ignore_ament_install']
[0.254s] [34mcolcon.colcon_core.package_identification[0m [1;30mLevel 1[0m _identify(src/unitree_go2_ros2/champ) by extension 'ignore'
[0.254s] [34mcolcon.colcon_core.package_identification[0m [1;30mLevel 1[0m _identify(src/unitree_go2_ros2/champ) by extension 'ignore_ament_install'
[0.254s] [34mcolcon.colcon_core.package_identification[0m [1;30mLevel 1[0m _identify(src/unitree_go2_ros2/champ) by extensions ['colcon_pkg']
[0.254s] [34mcolcon.colcon_core.package_identification[0m [1;30mLevel 1[0m _identify(src/unitree_go2_ros2/champ) by extension 'colcon_pkg'
[0.254s] [34mcolcon.colcon_core.package_identification[0m [1;30mLevel 1[0m _identify(src/unitree_go2_ros2/champ) by extensions ['colcon_meta']
[0.254s] [34mcolcon.colcon_core.package_identification[0m [1;30mLevel 1[0m _identify(src/unitree_go2_ros2/champ) by extension 'colcon_meta'
[0.254s] [34mcolcon.colcon_core.package_identification[0m [1;30mLevel 1[0m _identify(src/unitree_go2_ros2/champ) by extensions ['ros']
[0.254s] [34mcolcon.colcon_core.package_identification[0m [1;30mLevel 1[0m _identify(src/unitree_go2_ros2/champ) by extension 'ros'
[0.256s] [34mcolcon.colcon_core.package_identification[0m [1;30mDEBUG[0m [32mPackage 'src/unitree_go2_ros2/champ' with type 'ros.ament_cmake' and name 'champ'[0m
[0.256s] [34mcolcon.colcon_core.package_identification[0m [1;30mLevel 1[0m _identify(src/unitree_go2_ros2/champ_base) by extensions ['ignore', 'ignore_ament_install']
[0.256s] [34mcolcon.colcon_core.package_identification[0m [1;30mLevel 1[0m _identify(src/unitree_go2_ros2/champ_base) by extension 'ignore'
[0.256s] [34mcolcon.colcon_core.package_identification[0m [1;30mLevel 1[0m _identify(src/unitree_go2_ros2/champ_base) by extension 'ignore_ament_install'
[0.256s] [34mcolcon.colcon_core.package_identification[0m [1;30mLevel 1[0m _identify(src/unitree_go2_ros2/champ_base) by extensions ['colcon_pkg']
[0.256s] [34mcolcon.colcon_core.package_identification[0m [1;30mLevel 1[0m _identify(src/unitree_go2_ros2/champ_base) by extension 'colcon_pkg'
[0.256s] [34mcolcon.colcon_core.package_identification[0m [1;30mLevel 1[0m _identify(src/unitree_go2_ros2/champ_base) by extensions ['colcon_meta']
[0.256s] [34mcolcon.colcon_core.package_identification[0m [1;30mLevel 1[0m _identify(src/unitree_go2_ros2/champ_base) by extension 'colcon_meta'
[0.256s] [34mcolcon.colcon_core.package_identification[0m [1;30mLevel 1[0m _identify(src/unitree_go2_ros2/champ_base) by extensions ['ros']
[0.256s] [34mcolcon.colcon_core.package_identification[0m [1;30mLevel 1[0m _identify(src/unitree_go2_ros2/champ_base) by extension 'ros'
[0.257s] [34mcolcon.colcon_core.package_identification[0m [1;30mDEBUG[0m [32mPackage 'src/unitree_go2_ros2/champ_base' with type 'ros.ament_cmake' and name 'champ_base'[0m
[0.257s] [34mcolcon.colcon_core.package_identification[0m [1;30mLevel 1[0m _identify(src/unitree_go2_ros2/champ_msgs) by extensions ['ignore', 'ignore_ament_install']
[0.257s] [34mcolcon.colcon_core.package_identification[0m [1;30mLevel 1[0m _identify(src/unitree_go2_ros2/champ_msgs) by extension 'ignore'
[0.257s] [34mcolcon.colcon_core.package_identification[0m [1;30mLevel 1[0m _identify(src/unitree_go2_ros2/champ_msgs) by extension 'ignore_ament_install'
[0.257s] [34mcolcon.colcon_core.package_identification[0m [1;30mLevel 1[0m _identify(src/unitree_go2_ros2/champ_msgs) by extensions ['colcon_pkg']
[0.257s] [34mcolcon.colcon_core.package_identification[0m [1;30mLevel 1[0m _identify(src/unitree_go2_ros2/champ_msgs) by extension 'colcon_pkg'
[0.257s] [34mcolcon.colcon_core.package_identification[0m [1;30mLevel 1[0m _identify(src/unitree_go2_ros2/champ_msgs) by extensions ['colcon_meta']
[0.257s] [34mcolcon.colcon_core.package_identification[0m [1;30mLevel 1[0m _identify(src/unitree_go2_ros2/champ_msgs) by extension 'colcon_meta'
[0.257s] [34mcolcon.colcon_core.package_identification[0m [1;30mLevel 1[0m _identify(src/unitree_go2_ros2/champ_msgs) by extensions ['ros']
[0.257s] [34mcolcon.colcon_core.package_identification[0m [1;30mLevel 1[0m _identify(src/unitree_go2_ros2/champ_msgs) by extension 'ros'
[0.258s] [34mcolcon.colcon_core.package_identification[0m [1;30mDEBUG[0m [32mPackage 'src/unitree_go2_ros2/champ_msgs' with type 'ros.ament_cmake' and name 'champ_msgs'[0m
[0.258s] [34mcolcon.colcon_core.package_identification[0m [1;30mLevel 1[0m _identify(src/unitree_go2_ros2/docs) by extensions ['ignore', 'ignore_ament_install']
[0.258s] [34mcolcon.colcon_core.package_identification[0m [1;30mLevel 1[0m _identify(src/unitree_go2_ros2/docs) by extension 'ignore'
[0.258s] [34mcolcon.colcon_core.package_identification[0m [1;30mLevel 1[0m _identify(src/unitree_go2_ros2/docs) by extension 'ignore_ament_install'
[0.258s] [34mcolcon.colcon_core.package_identification[0m [1;30mLevel 1[0m _identify(src/unitree_go2_ros2/docs) by extensions ['colcon_pkg']
[0.258s] [34mcolcon.colcon_core.package_identification[0m [1;30mLevel 1[0m _identify(src/unitree_go2_ros2/docs) by extension 'colcon_pkg'
[0.258s] [34mcolcon.colcon_core.package_identification[0m [1;30mLevel 1[0m _identify(src/unitree_go2_ros2/docs) by extensions ['colcon_meta']
[0.258s] [34mcolcon.colcon_core.package_identification[0m [1;30mLevel 1[0m _identify(src/unitree_go2_ros2/docs) by extension 'colcon_meta'
[0.258s] [34mcolcon.colcon_core.package_identification[0m [1;30mLevel 1[0m _identify(src/unitree_go2_ros2/docs) by extensions ['ros']
[0.258s] [34mcolcon.colcon_core.package_identification[0m [1;30mLevel 1[0m _identify(src/unitree_go2_ros2/docs) by extension 'ros'
[0.258s] [34mcolcon.colcon_core.package_identification[0m [1;30mLevel 1[0m _identify(src/unitree_go2_ros2/docs) by extensions ['cmake', 'python']
[0.258s] [34mcolcon.colcon_core.package_identification[0m [1;30mLevel 1[0m _identify(src/unitree_go2_ros2/docs) by extension 'cmake'
[0.258s] [34mcolcon.colcon_core.package_identification[0m [1;30mLevel 1[0m _identify(src/unitree_go2_ros2/docs) by extension 'python'
[0.258s] [34mcolcon.colcon_core.package_identification[0m [1;30mLevel 1[0m _identify(src/unitree_go2_ros2/docs) by extensions ['python_setup_py']
[0.258s] [34mcolcon.colcon_core.package_identification[0m [1;30mLevel 1[0m _identify(src/unitree_go2_ros2/docs) by extension 'python_setup_py'
[0.259s] [34mcolcon.colcon_core.package_identification[0m [1;30mLevel 1[0m _identify(src/unitree_go2_ros2/unitree_go2_description) by extensions ['ignore', 'ignore_ament_install']
[0.259s] [34mcolcon.colcon_core.package_identification[0m [1;30mLevel 1[0m _identify(src/unitree_go2_ros2/unitree_go2_description) by extension 'ignore'
[0.259s] [34mcolcon.colcon_core.package_identification[0m [1;30mLevel 1[0m _identify(src/unitree_go2_ros2/unitree_go2_description) by extension 'ignore_ament_install'
[0.259s] [34mcolcon.colcon_core.package_identification[0m [1;30mLevel 1[0m _identify(src/unitree_go2_ros2/unitree_go2_description) by extensions ['colcon_pkg']
[0.259s] [34mcolcon.colcon_core.package_identification[0m [1;30mLevel 1[0m _identify(src/unitree_go2_ros2/unitree_go2_description) by extension 'colcon_pkg'
[0.259s] [34mcolcon.colcon_core.package_identification[0m [1;30mLevel 1[0m _identify(src/unitree_go2_ros2/unitree_go2_description) by extensions ['colcon_meta']
[0.259s] [34mcolcon.colcon_core.package_identification[0m [1;30mLevel 1[0m _identify(src/unitree_go2_ros2/unitree_go2_description) by extension 'colcon_meta'
[0.259s] [34mcolcon.colcon_core.package_identification[0m [1;30mLevel 1[0m _identify(src/unitree_go2_ros2/unitree_go2_description) by extensions ['ros']
[0.259s] [34mcolcon.colcon_core.package_identification[0m [1;30mLevel 1[0m _identify(src/unitree_go2_ros2/unitree_go2_description) by extension 'ros'
[0.259s] [34mcolcon.colcon_core.package_identification[0m [1;30mDEBUG[0m [32mPackage 'src/unitree_go2_ros2/unitree_go2_description' with type 'ros.ament_cmake' and name 'unitree_go2_description'[0m
[0.260s] [34mcolcon.colcon_core.package_identification[0m [1;30mLevel 1[0m _identify(src/unitree_go2_ros2/unitree_go2_sim) by extensions ['ignore', 'ignore_ament_install']
[0.260s] [34mcolcon.colcon_core.package_identification[0m [1;30mLevel 1[0m _identify(src/unitree_go2_ros2/unitree_go2_sim) by extension 'ignore'
[0.260s] [34mcolcon.colcon_core.package_identification[0m [1;30mLevel 1[0m _identify(src/unitree_go2_ros2/unitree_go2_sim) by extension 'ignore_ament_install'
[0.260s] [34mcolcon.colcon_core.package_identification[0m [1;30mLevel 1[0m _identify(src/unitree_go2_ros2/unitree_go2_sim) by extensions ['colcon_pkg']
[0.260s] [34mcolcon.colcon_core.package_identification[0m [1;30mLevel 1[0m _identify(src/unitree_go2_ros2/unitree_go2_sim) by extension 'colcon_pkg'
[0.260s] [34mcolcon.colcon_core.package_identification[0m [1;30mLevel 1[0m _identify(src/unitree_go2_ros2/unitree_go2_sim) by extensions ['colcon_meta']
[0.260s] [34mcolcon.colcon_core.package_identification[0m [1;30mLevel 1[0m _identify(src/unitree_go2_ros2/unitree_go2_sim) by extension 'colcon_meta'
[0.260s] [34mcolcon.colcon_core.package_identification[0m [1;30mLevel 1[0m _identify(src/unitree_go2_ros2/unitree_go2_sim) by extensions ['ros']
[0.260s] [34mcolcon.colcon_core.package_identification[0m [1;30mLevel 1[0m _identify(src/unitree_go2_ros2/unitree_go2_sim) by extension 'ros'
[0.260s] [34mcolcon.colcon_core.package_identification[0m [1;30mDEBUG[0m [32mPackage 'src/unitree_go2_ros2/unitree_go2_sim' with type 'ros.ament_cmake' and name 'unitree_go2_sim'[0m
[0.260s] [34mcolcon.colcon_core.package_discovery[0m [1;30mLevel 1[0m discover_packages(recursive) using defaults
[0.260s] [34mcolcon.colcon_core.package_discovery[0m [1;30mLevel 1[0m discover_packages(ignore) discover
[0.260s] [34mcolcon.colcon_core.package_discovery[0m [1;30mLevel 1[0m discover_packages(ignore) using defaults
[0.260s] [34mcolcon.colcon_core.package_discovery[0m [1;30mLevel 1[0m discover_packages(path) discover
[0.260s] [34mcolcon.colcon_core.package_discovery[0m [1;30mLevel 1[0m discover_packages(path) using defaults
[0.274s] [34mcolcon.colcon_core.verb[0m [1;30mLevel 5[0m set package 'champ' build argument 'cmake_args' from command line to 'None'
[0.274s] [34mcolcon.colcon_core.verb[0m [1;30mLevel 5[0m set package 'champ' build argument 'cmake_target' from command line to 'None'
[0.274s] [34mcolcon.colcon_core.verb[0m [1;30mLevel 5[0m set package 'champ' build argument 'cmake_target_skip_unavailable' from command line to 'False'
[0.274s] [34mcolcon.colcon_core.verb[0m [1;30mLevel 5[0m set package 'champ' build argument 'cmake_clean_cache' from command line to 'False'
[0.274s] [34mcolcon.colcon_core.verb[0m [1;30mLevel 5[0m set package 'champ' build argument 'cmake_clean_first' from command line to 'False'
[0.274s] [34mcolcon.colcon_core.verb[0m [1;30mLevel 5[0m set package 'champ' build argument 'cmake_force_configure' from command line to 'False'
[0.274s] [34mcolcon.colcon_core.verb[0m [1;30mLevel 5[0m set package 'champ' build argument 'ament_cmake_args' from command line to 'None'
[0.274s] [34mcolcon.colcon_core.verb[0m [1;30mLevel 5[0m set package 'champ' build argument 'catkin_cmake_args' from command line to 'None'
[0.274s] [34mcolcon.colcon_core.verb[0m [1;30mLevel 5[0m set package 'champ' build argument 'catkin_skip_building_tests' from command line to 'False'
[0.274s] [34mcolcon.colcon_core.verb[0m [1;30mDEBUG[0m [32mBuilding package 'champ' with the following arguments: {'ament_cmake_args': None, 'build_base': '/mnt/data/2026_1/go2_ws/build/champ', 'catkin_cmake_args': None, 'catkin_skip_building_tests': False, 'cmake_args': None, 'cmake_clean_cache': False, 'cmake_clean_first': False, 'cmake_force_configure': False, 'cmake_target': None, 'cmake_target_skip_unavailable': False, 'install_base': '/mnt/data/2026_1/go2_ws/install/champ', 'merge_install': False, 'path': '/mnt/data/2026_1/go2_ws/src/unitree_go2_ros2/champ', 'symlink_install': True, 'test_result_base': None}[0m
[0.275s] [34mcolcon.colcon_core.verb[0m [1;30mLevel 5[0m set package 'champ_msgs' build argument 'cmake_args' from command line to 'None'
[0.275s] [34mcolcon.colcon_core.verb[0m [1;30mLevel 5[0m set package 'champ_msgs' build argument 'cmake_target' from command line to 'None'
[0.275s] [34mcolcon.colcon_core.verb[0m [1;30mLevel 5[0m set package 'champ_msgs' build argument 'cmake_target_skip_unavailable' from command line to 'False'
[0.275s] [34mcolcon.colcon_core.verb[0m [1;30mLevel 5[0m set package 'champ_msgs' build argument 'cmake_clean_cache' from command line to 'False'
[0.275s] [34mcolcon.colcon_core.verb[0m [1;30mLevel 5[0m set package 'champ_msgs' build argument 'cmake_clean_first' from command line to 'False'
[0.275s] [34mcolcon.colcon_core.verb[0m [1;30mLevel 5[0m set package 'champ_msgs' build argument 'cmake_force_configure' from command line to 'False'
[0.275s] [34mcolcon.colcon_core.verb[0m [1;30mLevel 5[0m set package 'champ_msgs' build argument 'ament_cmake_args' from command line to 'None'
[0.275s] [34mcolcon.colcon_core.verb[0m [1;30mLevel 5[0m set package 'champ_msgs' build argument 'catkin_cmake_args' from command line to 'None'
[0.275s] [34mcolcon.colcon_core.verb[0m [1;30mLevel 5[0m set package 'champ_msgs' build argument 'catkin_skip_building_tests' from command line to 'False'
[0.275s] [34mcolcon.colcon_core.verb[0m [1;30mDEBUG[0m [32mBuilding package 'champ_msgs' with the following arguments: {'ament_cmake_args': None, 'build_base': '/mnt/data/2026_1/go2_ws/build/champ_msgs', 'catkin_cmake_args': None, 'catkin_skip_building_tests': False, 'cmake_args': None, 'cmake_clean_cache': False, 'cmake_clean_first': False, 'cmake_force_configure': False, 'cmake_target': None, 'cmake_target_skip_unavailable': False, 'install_base': '/mnt/data/2026_1/go2_ws/install/champ_msgs', 'merge_install': False, 'path': '/mnt/data/2026_1/go2_ws/src/unitree_go2_ros2/champ_msgs', 'symlink_install': True, 'test_result_base': None}[0m
[0.275s] [34mcolcon.colcon_core.verb[0m [1;30mLevel 5[0m set package 'unitree_go2_description' build argument 'cmake_args' from command line to 'None'
[0.275s] [34mcolcon.colcon_core.verb[0m [1;30mLevel 5[0m set package 'unitree_go2_description' build argument 'cmake_target' from command line to 'None'
[0.275s] [34mcolcon.colcon_core.verb[0m [1;30mLevel 5[0m set package 'unitree_go2_description' build argument 'cmake_target_skip_unavailable' from command line to 'False'
[0.275s] [34mcolcon.colcon_core.verb[0m [1;30mLevel 5[0m set package 'unitree_go2_description' build argument 'cmake_clean_cache' from command line to 'False'
[0.275s] [34mcolcon.colcon_core.verb[0m [1;30mLevel 5[0m set package 'unitree_go2_description' build argument 'cmake_clean_first' from command line to 'False'
[0.275s] [34mcolcon.colcon_core.verb[0m [1;30mLevel 5[0m set package 'unitree_go2_description' build argument 'cmake_force_configure' from command line to 'False'
[0.275s] [34mcolcon.colcon_core.verb[0m [1;30mLevel 5[0m set package 'unitree_go2_description' build argument 'ament_cmake_args' from command line to 'None'
[0.275s] [34mcolcon.colcon_core.verb[0m [1;30mLevel 5[0m set package 'unitree_go2_description' build argument 'catkin_cmake_args' from command line to 'None'
[0.275s] [34mcolcon.colcon_core.verb[0m [1;30mLevel 5[0m set package 'unitree_go2_description' build argument 'catkin_skip_building_tests' from command line to 'False'
[0.275s] [34mcolcon.colcon_core.verb[0m [1;30mDEBUG[0m [32mBuilding package 'unitree_go2_description' with the following arguments: {'ament_cmake_args': None, 'build_base': '/mnt/data/2026_1/go2_ws/build/unitree_go2_description', 'catkin_cmake_args': None, 'catkin_skip_building_tests': False, 'cmake_args': None, 'cmake_clean_cache': False, 'cmake_clean_first': False, 'cmake_force_configure': False, 'cmake_target': None, 'cmake_target_skip_unavailable': False, 'install_base': '/mnt/data/2026_1/go2_ws/install/unitree_go2_description', 'merge_install': False, 'path': '/mnt/data/2026_1/go2_ws/src/unitree_go2_ros2/unitree_go2_description', 'symlink_install': True, 'test_result_base': None}[0m
[0.275s] [34mcolcon.colcon_core.verb[0m [1;30mLevel 5[0m set package 'unitree_go2_sim' build argument 'cmake_args' from command line to 'None'
[0.276s] [34mcolcon.colcon_core.verb[0m [1;30mLevel 5[0m set package 'unitree_go2_sim' build argument 'cmake_target' from command line to 'None'
[0.276s] [34mcolcon.colcon_core.verb[0m [1;30mLevel 5[0m set package 'unitree_go2_sim' build argument 'cmake_target_skip_unavailable' from command line to 'False'
[0.276s] [34mcolcon.colcon_core.verb[0m [1;30mLevel 5[0m set package 'unitree_go2_sim' build argument 'cmake_clean_cache' from command line to 'False'
[0.276s] [34mcolcon.colcon_core.verb[0m [1;30mLevel 5[0m set package 'unitree_go2_sim' build argument 'cmake_clean_first' from command line to 'False'
[0.276s] [34mcolcon.colcon_core.verb[0m [1;30mLevel 5[0m set package 'unitree_go2_sim' build argument 'cmake_force_configure' from command line to 'False'
[0.276s] [34mcolcon.colcon_core.verb[0m [1;30mLevel 5[0m set package 'unitree_go2_sim' build argument 'ament_cmake_args' from command line to 'None'
[0.276s] [34mcolcon.colcon_core.verb[0m [1;30mLevel 5[0m set package 'unitree_go2_sim' build argument 'catkin_cmake_args' from command line to 'None'
[0.276s] [34mcolcon.colcon_core.verb[0m [1;30mLevel 5[0m set package 'unitree_go2_sim' build argument 'catkin_skip_building_tests' from command line to 'False'
[0.276s] [34mcolcon.colcon_core.verb[0m [1;30mDEBUG[0m [32mBuilding package 'unitree_go2_sim' with the following arguments: {'ament_cmake_args': None, 'build_base': '/mnt/data/2026_1/go2_ws/build/unitree_go2_sim', 'catkin_cmake_args': None, 'catkin_skip_building_tests': False, 'cmake_args': None, 'cmake_clean_cache': False, 'cmake_clean_first': False, 'cmake_force_configure': False, 'cmake_target': None, 'cmake_target_skip_unavailable': False, 'install_base': '/mnt/data/2026_1/go2_ws/install/unitree_go2_sim', 'merge_install': False, 'path': '/mnt/data/2026_1/go2_ws/src/unitree_go2_ros2/unitree_go2_sim', 'symlink_install': True, 'test_result_base': None}[0m
[0.276s] [34mcolcon.colcon_core.verb[0m [1;30mLevel 5[0m set package 'champ_base' build argument 'cmake_args' from command line to 'None'
[0.276s] [34mcolcon.colcon_core.verb[0m [1;30mLevel 5[0m set package 'champ_base' build argument 'cmake_target' from command line to 'None'
[0.276s] [34mcolcon.colcon_core.verb[0m [1;30mLevel 5[0m set package 'champ_base' build argument 'cmake_target_skip_unavailable' from command line to 'False'
[0.276s] [34mcolcon.colcon_core.verb[0m [1;30mLevel 5[0m set package 'champ_base' build argument 'cmake_clean_cache' from command line to 'False'
[0.276s] [34mcolcon.colcon_core.verb[0m [1;30mLevel 5[0m set package 'champ_base' build argument 'cmake_clean_first' from command line to 'False'
[0.276s] [34mcolcon.colcon_core.verb[0m [1;30mLevel 5[0m set package 'champ_base' build argument 'cmake_force_configure' from command line to 'False'
[0.276s] [34mcolcon.colcon_core.verb[0m [1;30mLevel 5[0m set package 'champ_base' build argument 'ament_cmake_args' from command line to 'None'
[0.276s] [34mcolcon.colcon_core.verb[0m [1;30mLevel 5[0m set package 'champ_base' build argument 'catkin_cmake_args' from command line to 'None'
[0.276s] [34mcolcon.colcon_core.verb[0m [1;30mLevel 5[0m set package 'champ_base' build argument 'catkin_skip_building_tests' from command line to 'False'
[0.276s] [34mcolcon.colcon_core.verb[0m [1;30mDEBUG[0m [32mBuilding package 'champ_base' with the following arguments: {'ament_cmake_args': None, 'build_base': '/mnt/data/2026_1/go2_ws/build/champ_base', 'catkin_cmake_args': None, 'catkin_skip_building_tests': False, 'cmake_args': None, 'cmake_clean_cache': False, 'cmake_clean_first': False, 'cmake_force_configure': False, 'cmake_target': None, 'cmake_target_skip_unavailable': False, 'install_base': '/mnt/data/2026_1/go2_ws/install/champ_base', 'merge_install': False, 'path': '/mnt/data/2026_1/go2_ws/src/unitree_go2_ros2/champ_base', 'symlink_install': True, 'test_result_base': None}[0m
[0.276s] [34mcolcon.colcon_core.executor[0m [1;30mINFO[0m Executing jobs using 'parallel' executor
[0.288s] [34mcolcon.colcon_parallel_executor.executor.parallel[0m [1;30mDEBUG[0m [32mrun_until_complete[0m
[0.288s] [34mcolcon.colcon_ros.task.ament_cmake.build[0m [1;30mINFO[0m Building ROS package in '/mnt/data/2026_1/go2_ws/src/unitree_go2_ros2/champ' with build type 'ament_cmake'
[0.288s] [34mcolcon.colcon_cmake.task.cmake.build[0m [1;30mINFO[0m Building CMake package in '/mnt/data/2026_1/go2_ws/src/unitree_go2_ros2/champ'
[0.290s] [34mcolcon.colcon_core.plugin_system[0m [1;30mINFO[0m Skipping extension 'colcon_core.shell.bat': Not used on non-Windows systems
[0.290s] [34mcolcon.colcon_core.shell[0m [1;30mINFO[0m Skip shell extension 'powershell' for command environment: Not usable outside of PowerShell
[0.290s] [34mcolcon.colcon_core.shell[0m [1;30mDEBUG[0m [32mSkip shell extension 'dsv' for command environment[0m
[0.294s] [34mcolcon.colcon_ros.task.ament_cmake.build[0m [1;30mINFO[0m Building ROS package in '/mnt/data/2026_1/go2_ws/src/unitree_go2_ros2/champ_msgs' with build type 'ament_cmake'
[0.295s] [34mcolcon.colcon_cmake.task.cmake.build[0m [1;30mINFO[0m Building CMake package in '/mnt/data/2026_1/go2_ws/src/unitree_go2_ros2/champ_msgs'
[0.295s] [34mcolcon.colcon_core.shell[0m [1;30mINFO[0m Skip shell extension 'powershell' for command environment: Not usable outside of PowerShell
[0.295s] [34mcolcon.colcon_core.shell[0m [1;30mDEBUG[0m [32mSkip shell extension 'dsv' for command environment[0m
[0.298s] [34mcolcon.colcon_ros.task.ament_cmake.build[0m [1;30mINFO[0m Building ROS package in '/mnt/data/2026_1/go2_ws/src/unitree_go2_ros2/unitree_go2_description' with build type 'ament_cmake'
[0.298s] [34mcolcon.colcon_cmake.task.cmake.build[0m [1;30mINFO[0m Building CMake package in '/mnt/data/2026_1/go2_ws/src/unitree_go2_ros2/unitree_go2_description'
[0.299s] [34mcolcon.colcon_core.shell[0m [1;30mINFO[0m Skip shell extension 'powershell' for command environment: Not usable outside of PowerShell
[0.299s] [34mcolcon.colcon_core.shell[0m [1;30mDEBUG[0m [32mSkip shell extension 'dsv' for command environment[0m
[0.302s] [34mcolcon.colcon_ros.task.ament_cmake.build[0m [1;30mINFO[0m Building ROS package in '/mnt/data/2026_1/go2_ws/src/unitree_go2_ros2/unitree_go2_sim' with build type 'ament_cmake'
[0.302s] [34mcolcon.colcon_cmake.task.cmake.build[0m [1;30mINFO[0m Building CMake package in '/mnt/data/2026_1/go2_ws/src/unitree_go2_ros2/unitree_go2_sim'
[0.302s] [34mcolcon.colcon_core.shell[0m [1;30mINFO[0m Skip shell extension 'powershell' for command environment: Not usable outside of PowerShell
[0.302s] [34mcolcon.colcon_core.shell[0m [1;30mDEBUG[0m [32mSkip shell extension 'dsv' for command environment[0m
[0.309s] [34mcolcon.colcon_core.event_handler.log_command[0m [1;30mDEBUG[0m [32mInvoking command in '/mnt/data/2026_1/go2_ws/build/champ': CMAKE_PREFIX_PATH=${CMAKE_PREFIX_PATH}:/mnt/data/drone_writer_ws/install/drone_writer:/mnt/data/px4_ros_ws/install/drone_control:/opt/ros/humble CONDA_ENV_SHLVL_2_PIXI_PROMPT=(unitree_go2_ros2) PIXI_PROMPT=(unitree_go2_ros2) PS1=(unitree_go2_ros2) \[\e]0;\u@\h: \w\a\]${debian_chroot:+($debian_chroot)}\[\033[01;32m\]\u@\h\[\033[00m\]:\[\033[01;34m\]\w\[\033[00m\]\$ /mnt/data/2026_1/go2_ws/.pixi/envs/default/bin/cmake --build /mnt/data/2026_1/go2_ws/build/champ -- -j12 -l12[0m
[0.311s] [34mcolcon.colcon_core.event_handler.log_command[0m [1;30mDEBUG[0m [32mInvoking command in '/mnt/data/2026_1/go2_ws/build/champ_msgs': CMAKE_PREFIX_PATH=${CMAKE_PREFIX_PATH}:/mnt/data/drone_writer_ws/install/drone_writer:/mnt/data/px4_ros_ws/install/drone_control:/opt/ros/humble CONDA_ENV_SHLVL_2_PIXI_PROMPT=(unitree_go2_ros2) PIXI_PROMPT=(unitree_go2_ros2) PS1=(unitree_go2_ros2) \[\e]0;\u@\h: \w\a\]${debian_chroot:+($debian_chroot)}\[\033[01;32m\]\u@\h\[\033[00m\]:\[\033[01;34m\]\w\[\033[00m\]\$ /mnt/data/2026_1/go2_ws/.pixi/envs/default/bin/cmake --build /mnt/data/2026_1/go2_ws/build/champ_msgs -- -j12 -l12[0m
[0.314s] [34mcolcon.colcon_core.event_handler.log_command[0m [1;30mDEBUG[0m [32mInvoking command in '/mnt/data/2026_1/go2_ws/build/unitree_go2_description': CMAKE_PREFIX_PATH=${CMAKE_PREFIX_PATH}:/mnt/data/drone_writer_ws/install/drone_writer:/mnt/data/px4_ros_ws/install/drone_control:/opt/ros/humble CONDA_ENV_SHLVL_2_PIXI_PROMPT=(unitree_go2_ros2) PIXI_PROMPT=(unitree_go2_ros2) PS1=(unitree_go2_ros2) \[\e]0;\u@\h: \w\a\]${debian_chroot:+($debian_chroot)}\[\033[01;32m\]\u@\h\[\033[00m\]:\[\033[01;34m\]\w\[\033[00m\]\$ /mnt/data/2026_1/go2_ws/.pixi/envs/default/bin/cmake --build /mnt/data/2026_1/go2_ws/build/unitree_go2_description -- -j12 -l12[0m
[0.317s] [34mcolcon.colcon_core.event_handler.log_command[0m [1;30mDEBUG[0m [32mInvoking command in '/mnt/data/2026_1/go2_ws/build/unitree_go2_sim': CMAKE_PREFIX_PATH=${CMAKE_PREFIX_PATH}:/mnt/data/drone_writer_ws/install/drone_writer:/mnt/data/px4_ros_ws/install/drone_control:/opt/ros/humble CONDA_ENV_SHLVL_2_PIXI_PROMPT=(unitree_go2_ros2) PIXI_PROMPT=(unitree_go2_ros2) PS1=(unitree_go2_ros2) \[\e]0;\u@\h: \w\a\]${debian_chroot:+($debian_chroot)}\[\033[01;32m\]\u@\h\[\033[00m\]:\[\033[01;34m\]\w\[\033[00m\]\$ /mnt/data/2026_1/go2_ws/.pixi/envs/default/bin/cmake --build /mnt/data/2026_1/go2_ws/build/unitree_go2_sim -- -j12 -l12[0m
[0.340s] [34mcolcon.colcon_core.event_handler.log_command[0m [1;30mDEBUG[0m [32mInvoked command in '/mnt/data/2026_1/go2_ws/build/champ' returned '0': CMAKE_PREFIX_PATH=${CMAKE_PREFIX_PATH}:/mnt/data/drone_writer_ws/install/drone_writer:/mnt/data/px4_ros_ws/install/drone_control:/opt/ros/humble CONDA_ENV_SHLVL_2_PIXI_PROMPT=(unitree_go2_ros2) PIXI_PROMPT=(unitree_go2_ros2) PS1=(unitree_go2_ros2) \[\e]0;\u@\h: \w\a\]${debian_chroot:+($debian_chroot)}\[\033[01;32m\]\u@\h\[\033[00m\]:\[\033[01;34m\]\w\[\033[00m\]\$ /mnt/data/2026_1/go2_ws/.pixi/envs/default/bin/cmake --build /mnt/data/2026_1/go2_ws/build/champ -- -j12 -l12[0m
[0.349s] [34mcolcon.colcon_core.event_handler.log_command[0m [1;30mDEBUG[0m [32mInvoking command in '/mnt/data/2026_1/go2_ws/build/champ': CMAKE_PREFIX_PATH=${CMAKE_PREFIX_PATH}:/mnt/data/drone_writer_ws/install/drone_writer:/mnt/data/px4_ros_ws/install/drone_control:/opt/ros/humble CONDA_ENV_SHLVL_2_PIXI_PROMPT=(unitree_go2_ros2) PIXI_PROMPT=(unitree_go2_ros2) PS1=(unitree_go2_ros2) \[\e]0;\u@\h: \w\a\]${debian_chroot:+($debian_chroot)}\[\033[01;32m\]\u@\h\[\033[00m\]:\[\033[01;34m\]\w\[\033[00m\]\$ /mnt/data/2026_1/go2_ws/.pixi/envs/default/bin/cmake --install /mnt/data/2026_1/go2_ws/build/champ[0m
[0.350s] [34mcolcon.colcon_core.event_handler.log_command[0m [1;30mDEBUG[0m [32mInvoked command in '/mnt/data/2026_1/go2_ws/build/unitree_go2_description' returned '0': CMAKE_PREFIX_PATH=${CMAKE_PREFIX_PATH}:/mnt/data/drone_writer_ws/install/drone_writer:/mnt/data/px4_ros_ws/install/drone_control:/opt/ros/humble CONDA_ENV_SHLVL_2_PIXI_PROMPT=(unitree_go2_ros2) PIXI_PROMPT=(unitree_go2_ros2) PS1=(unitree_go2_ros2) \[\e]0;\u@\h: \w\a\]${debian_chroot:+($debian_chroot)}\[\033[01;32m\]\u@\h\[\033[00m\]:\[\033[01;34m\]\w\[\033[00m\]\$ /mnt/data/2026_1/go2_ws/.pixi/envs/default/bin/cmake --build /mnt/data/2026_1/go2_ws/build/unitree_go2_description -- -j12 -l12[0m
[0.352s] [34mcolcon.colcon_core.event_handler.log_command[0m [1;30mDEBUG[0m [32mInvoking command in '/mnt/data/2026_1/go2_ws/build/unitree_go2_description': CMAKE_PREFIX_PATH=${CMAKE_PREFIX_PATH}:/mnt/data/drone_writer_ws/install/drone_writer:/mnt/data/px4_ros_ws/install/drone_control:/opt/ros/humble CONDA_ENV_SHLVL_2_PIXI_PROMPT=(unitree_go2_ros2) PIXI_PROMPT=(unitree_go2_ros2) PS1=(unitree_go2_ros2) \[\e]0;\u@\h: \w\a\]${debian_chroot:+($debian_chroot)}\[\033[01;32m\]\u@\h\[\033[00m\]:\[\033[01;34m\]\w\[\033[00m\]\$ /mnt/data/2026_1/go2_ws/.pixi/envs/default/bin/cmake --install /mnt/data/2026_1/go2_ws/build/unitree_go2_description[0m
[0.352s] [34mcolcon.colcon_core.event_handler.log_command[0m [1;30mDEBUG[0m [32mInvoked command in '/mnt/data/2026_1/go2_ws/build/unitree_go2_sim' returned '0': CMAKE_PREFIX_PATH=${CMAKE_PREFIX_PATH}:/mnt/data/drone_writer_ws/install/drone_writer:/mnt/data/px4_ros_ws/install/drone_control:/opt/ros/humble CONDA_ENV_SHLVL_2_PIXI_PROMPT=(unitree_go2_ros2) PIXI_PROMPT=(unitree_go2_ros2) PS1=(unitree_go2_ros2) \[\e]0;\u@\h: \w\a\]${debian_chroot:+($debian_chroot)}\[\033[01;32m\]\u@\h\[\033[00m\]:\[\033[01;34m\]\w\[\033[00m\]\$ /mnt/data/2026_1/go2_ws/.pixi/envs/default/bin/cmake --build /mnt/data/2026_1/go2_ws/build/unitree_go2_sim -- -j12 -l12[0m
[0.354s] [34mcolcon.colcon_core.event_handler.log_command[0m [1;30mDEBUG[0m [32mInvoking command in '/mnt/data/2026_1/go2_ws/build/unitree_go2_sim': CMAKE_PREFIX_PATH=${CMAKE_PREFIX_PATH}:/mnt/data/drone_writer_ws/install/drone_writer:/mnt/data/px4_ros_ws/install/drone_control:/opt/ros/humble CONDA_ENV_SHLVL_2_PIXI_PROMPT=(unitree_go2_ros2) PIXI_PROMPT=(unitree_go2_ros2) PS1=(unitree_go2_ros2) \[\e]0;\u@\h: \w\a\]${debian_chroot:+($debian_chroot)}\[\033[01;32m\]\u@\h\[\033[00m\]:\[\033[01;34m\]\w\[\033[00m\]\$ /mnt/data/2026_1/go2_ws/.pixi/envs/default/bin/cmake --install /mnt/data/2026_1/go2_ws/build/unitree_go2_sim[0m
[0.369s] [34mcolcon.colcon_core.environment[0m [1;30mLevel 1[0m create_environment_scripts_only(champ)
[0.369s] [34mcolcon.colcon_core.event_handler.log_command[0m [1;30mDEBUG[0m [32mInvoked command in '/mnt/data/2026_1/go2_ws/build/champ' returned '0': CMAKE_PREFIX_PATH=${CMAKE_PREFIX_PATH}:/mnt/data/drone_writer_ws/install/drone_writer:/mnt/data/px4_ros_ws/install/drone_control:/opt/ros/humble CONDA_ENV_SHLVL_2_PIXI_PROMPT=(unitree_go2_ros2) PIXI_PROMPT=(unitree_go2_ros2) PS1=(unitree_go2_ros2) \[\e]0;\u@\h: \w\a\]${debian_chroot:+($debian_chroot)}\[\033[01;32m\]\u@\h\[\033[00m\]:\[\033[01;34m\]\w\[\033[00m\]\$ /mnt/data/2026_1/go2_ws/.pixi/envs/default/bin/cmake --install /mnt/data/2026_1/go2_ws/build/champ[0m
[0.373s] [34mcolcon.colcon_core.environment[0m [1;30mLevel 1[0m checking '/mnt/data/2026_1/go2_ws/install/champ' for CMake module files
[0.373s] [34mcolcon.colcon_core.environment[0m [1;30mLevel 1[0m checking '/mnt/data/2026_1/go2_ws/install/champ' for CMake config files
[0.374s] [34mcolcon.colcon_core.shell[0m [1;30mLevel 1[0m create_environment_hook('champ', 'cmake_prefix_path')
[0.374s] [34mcolcon.colcon_core.shell[0m [1;30mINFO[0m Creating environment hook '/mnt/data/2026_1/go2_ws/install/champ/share/champ/hook/cmake_prefix_path.ps1'
[0.375s] [34mcolcon.colcon_core.shell[0m [1;30mINFO[0m Creating environment descriptor '/mnt/data/2026_1/go2_ws/install/champ/share/champ/hook/cmake_prefix_path.dsv'
[0.376s] [34mcolcon.colcon_core.shell[0m [1;30mINFO[0m Creating environment hook '/mnt/data/2026_1/go2_ws/install/champ/share/champ/hook/cmake_prefix_path.sh'
[0.377s] [34mcolcon.colcon_core.environment[0m [1;30mLevel 1[0m checking '/mnt/data/2026_1/go2_ws/install/champ/bin'
[0.377s] [34mcolcon.colcon_core.environment[0m [1;30mLevel 1[0m checking '/mnt/data/2026_1/go2_ws/install/champ/lib/pkgconfig/champ.pc'
[0.378s] [34mcolcon.colcon_core.environment[0m [1;30mLevel 1[0m checking '/mnt/data/2026_1/go2_ws/install/champ/lib/python3.10/site-packages'
[0.379s] [34mcolcon.colcon_core.environment[0m [1;30mLevel 1[0m checking '/mnt/data/2026_1/go2_ws/install/champ/bin'
[0.379s] [34mcolcon.colcon_core.shell[0m [1;30mINFO[0m Creating package script '/mnt/data/2026_1/go2_ws/install/champ/share/champ/package.ps1'
[0.380s] [34mcolcon.colcon_core.shell[0m [1;30mINFO[0m Creating package descriptor '/mnt/data/2026_1/go2_ws/install/champ/share/champ/package.dsv'
[0.380s] [34mcolcon.colcon_core.shell[0m [1;30mINFO[0m Creating package script '/mnt/data/2026_1/go2_ws/install/champ/share/champ/package.sh'
[0.381s] [34mcolcon.colcon_core.shell[0m [1;30mINFO[0m Creating package script '/mnt/data/2026_1/go2_ws/install/champ/share/champ/package.bash'
[0.381s] [34mcolcon.colcon_core.shell[0m [1;30mINFO[0m Creating package script '/mnt/data/2026_1/go2_ws/install/champ/share/champ/package.zsh'
[0.382s] [34mcolcon.colcon_core.environment[0m [1;30mLevel 1[0m create_file_with_runtime_dependencies(/mnt/data/2026_1/go2_ws/install/champ/share/colcon-core/packages/champ)
[0.382s] [34mcolcon.colcon_core.environment[0m [1;30mLevel 1[0m create_environment_scripts_only(champ)
[0.382s] [34mcolcon.colcon_core.environment[0m [1;30mLevel 1[0m checking '/mnt/data/2026_1/go2_ws/install/champ' for CMake module files
[0.383s] [34mcolcon.colcon_core.environment[0m [1;30mLevel 1[0m checking '/mnt/data/2026_1/go2_ws/install/champ' for CMake config files
[0.383s] [34mcolcon.colcon_core.shell[0m [1;30mLevel 1[0m create_environment_hook('champ', 'cmake_prefix_path')
[0.383s] [34mcolcon.colcon_core.shell[0m [1;30mINFO[0m Creating environment hook '/mnt/data/2026_1/go2_ws/install/champ/share/champ/hook/cmake_prefix_path.ps1'
[0.384s] [34mcolcon.colcon_core.shell[0m [1;30mINFO[0m Creating environment descriptor '/mnt/data/2026_1/go2_ws/install/champ/share/champ/hook/cmake_prefix_path.dsv'
[0.384s] [34mcolcon.colcon_core.shell[0m [1;30mINFO[0m Creating environment hook '/mnt/data/2026_1/go2_ws/install/champ/share/champ/hook/cmake_prefix_path.sh'
[0.384s] [34mcolcon.colcon_core.environment[0m [1;30mLevel 1[0m checking '/mnt/data/2026_1/go2_ws/install/champ/bin'
[0.384s] [34mcolcon.colcon_core.environment[0m [1;30mLevel 1[0m checking '/mnt/data/2026_1/go2_ws/install/champ/lib/pkgconfig/champ.pc'
[0.384s] [34mcolcon.colcon_core.environment[0m [1;30mLevel 1[0m checking '/mnt/data/2026_1/go2_ws/install/champ/lib/python3.10/site-packages'
[0.385s] [34mcolcon.colcon_core.environment[0m [1;30mLevel 1[0m checking '/mnt/data/2026_1/go2_ws/install/champ/bin'
[0.385s] [34mcolcon.colcon_core.shell[0m [1;30mINFO[0m Creating package script '/mnt/data/2026_1/go2_ws/install/champ/share/champ/package.ps1'
[0.385s] [34mcolcon.colcon_core.shell[0m [1;30mINFO[0m Creating package descriptor '/mnt/data/2026_1/go2_ws/install/champ/share/champ/package.dsv'
[0.386s] [34mcolcon.colcon_core.shell[0m [1;30mINFO[0m Creating package script '/mnt/data/2026_1/go2_ws/install/champ/share/champ/package.sh'
[0.386s] [34mcolcon.colcon_core.shell[0m [1;30mINFO[0m Creating package script '/mnt/data/2026_1/go2_ws/install/champ/share/champ/package.bash'
[0.386s] [34mcolcon.colcon_core.shell[0m [1;30mINFO[0m Creating package script '/mnt/data/2026_1/go2_ws/install/champ/share/champ/package.zsh'
[0.387s] [34mcolcon.colcon_core.environment[0m [1;30mLevel 1[0m create_file_with_runtime_dependencies(/mnt/data/2026_1/go2_ws/install/champ/share/colcon-core/packages/champ)
[0.388s] [34mcolcon.colcon_core.environment[0m [1;30mLevel 1[0m create_environment_scripts_only(unitree_go2_sim)
[0.388s] [34mcolcon.colcon_core.environment[0m [1;30mLevel 1[0m checking '/mnt/data/2026_1/go2_ws/install/unitree_go2_sim' for CMake module files
[0.388s] [34mcolcon.colcon_core.event_handler.log_command[0m [1;30mDEBUG[0m [32mInvoked command in '/mnt/data/2026_1/go2_ws/build/unitree_go2_sim' returned '0': CMAKE_PREFIX_PATH=${CMAKE_PREFIX_PATH}:/mnt/data/drone_writer_ws/install/drone_writer:/mnt/data/px4_ros_ws/install/drone_control:/opt/ros/humble CONDA_ENV_SHLVL_2_PIXI_PROMPT=(unitree_go2_ros2) PIXI_PROMPT=(unitree_go2_ros2) PS1=(unitree_go2_ros2) \[\e]0;\u@\h: \w\a\]${debian_chroot:+($debian_chroot)}\[\033[01;32m\]\u@\h\[\033[00m\]:\[\033[01;34m\]\w\[\033[00m\]\$ /mnt/data/2026_1/go2_ws/.pixi/envs/default/bin/cmake --install /mnt/data/2026_1/go2_ws/build/unitree_go2_sim[0m
[0.389s] [34mcolcon.colcon_core.environment[0m [1;30mLevel 1[0m checking '/mnt/data/2026_1/go2_ws/install/unitree_go2_sim' for CMake config files
[0.389s] [34mcolcon.colcon_core.shell[0m [1;30mLevel 1[0m create_environment_hook('unitree_go2_sim', 'cmake_prefix_path')
[0.389s] [34mcolcon.colcon_core.shell[0m [1;30mINFO[0m Creating environment hook '/mnt/data/2026_1/go2_ws/install/unitree_go2_sim/share/unitree_go2_sim/hook/cmake_prefix_path.ps1'
[0.389s] [34mcolcon.colcon_core.shell[0m [1;30mINFO[0m Creating environment descriptor '/mnt/data/2026_1/go2_ws/install/unitree_go2_sim/share/unitree_go2_sim/hook/cmake_prefix_path.dsv'
[0.390s] [34mcolcon.colcon_core.shell[0m [1;30mINFO[0m Creating environment hook '/mnt/data/2026_1/go2_ws/install/unitree_go2_sim/share/unitree_go2_sim/hook/cmake_prefix_path.sh'
[0.390s] [34mcolcon.colcon_core.environment[0m [1;30mLevel 1[0m checking '/mnt/data/2026_1/go2_ws/install/unitree_go2_sim/bin'
[0.390s] [34mcolcon.colcon_core.environment[0m [1;30mLevel 1[0m checking '/mnt/data/2026_1/go2_ws/install/unitree_go2_sim/lib/pkgconfig/unitree_go2_sim.pc'
[0.390s] [34mcolcon.colcon_core.environment[0m [1;30mLevel 1[0m checking '/mnt/data/2026_1/go2_ws/install/unitree_go2_sim/lib/python3.10/site-packages'
[0.390s] [34mcolcon.colcon_core.environment[0m [1;30mLevel 1[0m checking '/mnt/data/2026_1/go2_ws/install/unitree_go2_sim/bin'
[0.391s] [34mcolcon.colcon_core.shell[0m [1;30mINFO[0m Creating package script '/mnt/data/2026_1/go2_ws/install/unitree_go2_sim/share/unitree_go2_sim/package.ps1'
[0.391s] [34mcolcon.colcon_core.shell[0m [1;30mINFO[0m Creating package descriptor '/mnt/data/2026_1/go2_ws/install/unitree_go2_sim/share/unitree_go2_sim/package.dsv'
[0.391s] [34mcolcon.colcon_core.shell[0m [1;30mINFO[0m Creating package script '/mnt/data/2026_1/go2_ws/install/unitree_go2_sim/share/unitree_go2_sim/package.sh'
[0.392s] [34mcolcon.colcon_core.shell[0m [1;30mINFO[0m Creating package script '/mnt/data/2026_1/go2_ws/install/unitree_go2_sim/share/unitree_go2_sim/package.bash'
[0.392s] [34mcolcon.colcon_core.shell[0m [1;30mINFO[0m Creating package script '/mnt/data/2026_1/go2_ws/install/unitree_go2_sim/share/unitree_go2_sim/package.zsh'
[0.392s] [34mcolcon.colcon_core.environment[0m [1;30mLevel 1[0m create_file_with_runtime_dependencies(/mnt/data/2026_1/go2_ws/install/unitree_go2_sim/share/colcon-core/packages/unitree_go2_sim)
[0.393s] [34mcolcon.colcon_core.environment[0m [1;30mLevel 1[0m create_environment_scripts_only(unitree_go2_sim)
[0.393s] [34mcolcon.colcon_core.environment[0m [1;30mLevel 1[0m checking '/mnt/data/2026_1/go2_ws/install/unitree_go2_sim' for CMake module files
[0.393s] [34mcolcon.colcon_core.environment[0m [1;30mLevel 1[0m checking '/mnt/data/2026_1/go2_ws/install/unitree_go2_sim' for CMake config files
[0.394s] [34mcolcon.colcon_core.shell[0m [1;30mLevel 1[0m create_environment_hook('unitree_go2_sim', 'cmake_prefix_path')
[0.394s] [34mcolcon.colcon_core.shell[0m [1;30mINFO[0m Creating environment hook '/mnt/data/2026_1/go2_ws/install/unitree_go2_sim/share/unitree_go2_sim/hook/cmake_prefix_path.ps1'
[0.394s] [34mcolcon.colcon_core.shell[0m [1;30mINFO[0m Creating environment descriptor '/mnt/data/2026_1/go2_ws/install/unitree_go2_sim/share/unitree_go2_sim/hook/cmake_prefix_path.dsv'
[0.395s] [34mcolcon.colcon_core.shell[0m [1;30mINFO[0m Creating environment hook '/mnt/data/2026_1/go2_ws/install/unitree_go2_sim/share/unitree_go2_sim/hook/cmake_prefix_path.sh'
[0.395s] [34mcolcon.colcon_core.environment[0m [1;30mLevel 1[0m checking '/mnt/data/2026_1/go2_ws/install/unitree_go2_sim/bin'
[0.395s] [34mcolcon.colcon_core.environment[0m [1;30mLevel 1[0m checking '/mnt/data/2026_1/go2_ws/install/unitree_go2_sim/lib/pkgconfig/unitree_go2_sim.pc'
[0.395s] [34mcolcon.colcon_core.environment[0m [1;30mLevel 1[0m checking '/mnt/data/2026_1/go2_ws/install/unitree_go2_sim/lib/python3.10/site-packages'
[0.396s] [34mcolcon.colcon_core.environment[0m [1;30mLevel 1[0m checking '/mnt/data/2026_1/go2_ws/install/unitree_go2_sim/bin'
[0.396s] [34mcolcon.colcon_core.shell[0m [1;30mINFO[0m Creating package script '/mnt/data/2026_1/go2_ws/install/unitree_go2_sim/share/unitree_go2_sim/package.ps1'
[0.396s] [34mcolcon.colcon_core.shell[0m [1;30mINFO[0m Creating package descriptor '/mnt/data/2026_1/go2_ws/install/unitree_go2_sim/share/unitree_go2_sim/package.dsv'
[0.397s] [34mcolcon.colcon_core.shell[0m [1;30mINFO[0m Creating package script '/mnt/data/2026_1/go2_ws/install/unitree_go2_sim/share/unitree_go2_sim/package.sh'
[0.397s] [34mcolcon.colcon_core.shell[0m [1;30mINFO[0m Creating package script '/mnt/data/2026_1/go2_ws/install/unitree_go2_sim/share/unitree_go2_sim/package.bash'
[0.397s] [34mcolcon.colcon_core.shell[0m [1;30mINFO[0m Creating package script '/mnt/data/2026_1/go2_ws/install/unitree_go2_sim/share/unitree_go2_sim/package.zsh'
[0.398s] [34mcolcon.colcon_core.environment[0m [1;30mLevel 1[0m create_file_with_runtime_dependencies(/mnt/data/2026_1/go2_ws/install/unitree_go2_sim/share/colcon-core/packages/unitree_go2_sim)
[0.398s] [34mcolcon.colcon_core.environment[0m [1;30mLevel 1[0m create_environment_scripts_only(unitree_go2_description)
[0.398s] [34mcolcon.colcon_core.environment[0m [1;30mLevel 1[0m checking '/mnt/data/2026_1/go2_ws/install/unitree_go2_description' for CMake module files
[0.399s] [34mcolcon.colcon_core.event_handler.log_command[0m [1;30mDEBUG[0m [32mInvoked command in '/mnt/data/2026_1/go2_ws/build/unitree_go2_description' returned '0': CMAKE_PREFIX_PATH=${CMAKE_PREFIX_PATH}:/mnt/data/drone_writer_ws/install/drone_writer:/mnt/data/px4_ros_ws/install/drone_control:/opt/ros/humble CONDA_ENV_SHLVL_2_PIXI_PROMPT=(unitree_go2_ros2) PIXI_PROMPT=(unitree_go2_ros2) PS1=(unitree_go2_ros2) \[\e]0;\u@\h: \w\a\]${debian_chroot:+($debian_chroot)}\[\033[01;32m\]\u@\h\[\033[00m\]:\[\033[01;34m\]\w\[\033[00m\]\$ /mnt/data/2026_1/go2_ws/.pixi/envs/default/bin/cmake --install /mnt/data/2026_1/go2_ws/build/unitree_go2_description[0m
[0.399s] [34mcolcon.colcon_core.environment[0m [1;30mLevel 1[0m checking '/mnt/data/2026_1/go2_ws/install/unitree_go2_description' for CMake config files
[0.399s] [34mcolcon.colcon_core.shell[0m [1;30mLevel 1[0m create_environment_hook('unitree_go2_description', 'cmake_prefix_path')
[0.400s] [34mcolcon.colcon_core.shell[0m [1;30mINFO[0m Creating environment hook '/mnt/data/2026_1/go2_ws/install/unitree_go2_description/share/unitree_go2_description/hook/cmake_prefix_path.ps1'
[0.400s] [34mcolcon.colcon_core.shell[0m [1;30mINFO[0m Creating environment descriptor '/mnt/data/2026_1/go2_ws/install/unitree_go2_description/share/unitree_go2_description/hook/cmake_prefix_path.dsv'
[0.400s] [34mcolcon.colcon_core.shell[0m [1;30mINFO[0m Creating environment hook '/mnt/data/2026_1/go2_ws/install/unitree_go2_description/share/unitree_go2_description/hook/cmake_prefix_path.sh'
[0.401s] [34mcolcon.colcon_core.environment[0m [1;30mLevel 1[0m checking '/mnt/data/2026_1/go2_ws/install/unitree_go2_description/bin'
[0.401s] [34mcolcon.colcon_core.environment[0m [1;30mLevel 1[0m checking '/mnt/data/2026_1/go2_ws/install/unitree_go2_description/lib/pkgconfig/unitree_go2_description.pc'
[0.401s] [34mcolcon.colcon_core.environment[0m [1;30mLevel 1[0m checking '/mnt/data/2026_1/go2_ws/install/unitree_go2_description/lib/python3.10/site-packages'
[0.401s] [34mcolcon.colcon_core.environment[0m [1;30mLevel 1[0m checking '/mnt/data/2026_1/go2_ws/install/unitree_go2_description/bin'
[0.401s] [34mcolcon.colcon_core.shell[0m [1;30mINFO[0m Creating package script '/mnt/data/2026_1/go2_ws/install/unitree_go2_description/share/unitree_go2_description/package.ps1'
[0.402s] [34mcolcon.colcon_core.shell[0m [1;30mINFO[0m Creating package descriptor '/mnt/data/2026_1/go2_ws/install/unitree_go2_description/share/unitree_go2_description/package.dsv'
[0.402s] [34mcolcon.colcon_core.shell[0m [1;30mINFO[0m Creating package script '/mnt/data/2026_1/go2_ws/install/unitree_go2_description/share/unitree_go2_description/package.sh'
[0.402s] [34mcolcon.colcon_core.shell[0m [1;30mINFO[0m Creating package script '/mnt/data/2026_1/go2_ws/install/unitree_go2_description/share/unitree_go2_description/package.bash'
[0.403s] [34mcolcon.colcon_core.shell[0m [1;30mINFO[0m Creating package script '/mnt/data/2026_1/go2_ws/install/unitree_go2_description/share/unitree_go2_description/package.zsh'
[0.403s] [34mcolcon.colcon_core.environment[0m [1;30mLevel 1[0m create_file_with_runtime_dependencies(/mnt/data/2026_1/go2_ws/install/unitree_go2_description/share/colcon-core/packages/unitree_go2_description)
[0.403s] [34mcolcon.colcon_core.environment[0m [1;30mLevel 1[0m create_environment_scripts_only(unitree_go2_description)
[0.403s] [34mcolcon.colcon_core.environment[0m [1;30mLevel 1[0m checking '/mnt/data/2026_1/go2_ws/install/unitree_go2_description' for CMake module files
[0.404s] [34mcolcon.colcon_core.environment[0m [1;30mLevel 1[0m checking '/mnt/data/2026_1/go2_ws/install/unitree_go2_description' for CMake config files
[0.404s] [34mcolcon.colcon_core.shell[0m [1;30mLevel 1[0m create_environment_hook('unitree_go2_description', 'cmake_prefix_path')
[0.404s] [34mcolcon.colcon_core.shell[0m [1;30mINFO[0m Creating environment hook '/mnt/data/2026_1/go2_ws/install/unitree_go2_description/share/unitree_go2_description/hook/cmake_prefix_path.ps1'
[0.404s] [34mcolcon.colcon_core.shell[0m [1;30mINFO[0m Creating environment descriptor '/mnt/data/2026_1/go2_ws/install/unitree_go2_description/share/unitree_go2_description/hook/cmake_prefix_path.dsv'
[0.405s] [34mcolcon.colcon_core.shell[0m [1;30mINFO[0m Creating environment hook '/mnt/data/2026_1/go2_ws/install/unitree_go2_description/share/unitree_go2_description/hook/cmake_prefix_path.sh'
[0.405s] [34mcolcon.colcon_core.environment[0m [1;30mLevel 1[0m checking '/mnt/data/2026_1/go2_ws/install/unitree_go2_description/bin'
[0.405s] [34mcolcon.colcon_core.environment[0m [1;30mLevel 1[0m checking '/mnt/data/2026_1/go2_ws/install/unitree_go2_description/lib/pkgconfig/unitree_go2_description.pc'
[0.405s] [34mcolcon.colcon_core.environment[0m [1;30mLevel 1[0m checking '/mnt/data/2026_1/go2_ws/install/unitree_go2_description/lib/python3.10/site-packages'
[0.406s] [34mcolcon.colcon_core.environment[0m [1;30mLevel 1[0m checking '/mnt/data/2026_1/go2_ws/install/unitree_go2_description/bin'
[0.406s] [34mcolcon.colcon_core.shell[0m [1;30mINFO[0m Creating package script '/mnt/data/2026_1/go2_ws/install/unitree_go2_description/share/unitree_go2_description/package.ps1'
[0.406s] [34mcolcon.colcon_core.shell[0m [1;30mINFO[0m Creating package descriptor '/mnt/data/2026_1/go2_ws/install/unitree_go2_description/share/unitree_go2_description/package.dsv'
[0.407s] [34mcolcon.colcon_core.shell[0m [1;30mINFO[0m Creating package script '/mnt/data/2026_1/go2_ws/install/unitree_go2_description/share/unitree_go2_description/package.sh'
[0.407s] [34mcolcon.colcon_core.shell[0m [1;30mINFO[0m Creating package script '/mnt/data/2026_1/go2_ws/install/unitree_go2_description/share/unitree_go2_description/package.bash'
[0.407s] [34mcolcon.colcon_core.shell[0m [1;30mINFO[0m Creating package script '/mnt/data/2026_1/go2_ws/install/unitree_go2_description/share/unitree_go2_description/package.zsh'
[0.407s] [34mcolcon.colcon_core.environment[0m [1;30mLevel 1[0m create_file_with_runtime_dependencies(/mnt/data/2026_1/go2_ws/install/unitree_go2_description/share/colcon-core/packages/unitree_go2_description)
[4.460s] [34mcolcon.colcon_core.event_handler.log_command[0m [1;30mDEBUG[0m [32mInvoked command in '/mnt/data/2026_1/go2_ws/build/champ_msgs' returned '0': CMAKE_PREFIX_PATH=${CMAKE_PREFIX_PATH}:/mnt/data/drone_writer_ws/install/drone_writer:/mnt/data/px4_ros_ws/install/drone_control:/opt/ros/humble CONDA_ENV_SHLVL_2_PIXI_PROMPT=(unitree_go2_ros2) PIXI_PROMPT=(unitree_go2_ros2) PS1=(unitree_go2_ros2) \[\e]0;\u@\h: \w\a\]${debian_chroot:+($debian_chroot)}\[\033[01;32m\]\u@\h\[\033[00m\]:\[\033[01;34m\]\w\[\033[00m\]\$ /mnt/data/2026_1/go2_ws/.pixi/envs/default/bin/cmake --build /mnt/data/2026_1/go2_ws/build/champ_msgs -- -j12 -l12[0m
[4.462s] [34mcolcon.colcon_core.event_handler.log_command[0m [1;30mDEBUG[0m [32mInvoking command in '/mnt/data/2026_1/go2_ws/build/champ_msgs': CMAKE_PREFIX_PATH=${CMAKE_PREFIX_PATH}:/mnt/data/drone_writer_ws/install/drone_writer:/mnt/data/px4_ros_ws/install/drone_control:/opt/ros/humble CONDA_ENV_SHLVL_2_PIXI_PROMPT=(unitree_go2_ros2) PIXI_PROMPT=(unitree_go2_ros2) PS1=(unitree_go2_ros2) \[\e]0;\u@\h: \w\a\]${debian_chroot:+($debian_chroot)}\[\033[01;32m\]\u@\h\[\033[00m\]:\[\033[01;34m\]\w\[\033[00m\]\$ /mnt/data/2026_1/go2_ws/.pixi/envs/default/bin/cmake --install /mnt/data/2026_1/go2_ws/build/champ_msgs[0m
[5.692s] [34mcolcon.colcon_core.environment[0m [1;30mLevel 1[0m create_environment_scripts_only(champ_msgs)
[5.692s] [34mcolcon.colcon_core.environment[0m [1;30mLevel 1[0m checking '/mnt/data/2026_1/go2_ws/install/champ_msgs' for CMake module files
[5.693s] [34mcolcon.colcon_core.event_handler.log_command[0m [1;30mDEBUG[0m [32mInvoked command in '/mnt/data/2026_1/go2_ws/build/champ_msgs' returned '0': CMAKE_PREFIX_PATH=${CMAKE_PREFIX_PATH}:/mnt/data/drone_writer_ws/install/drone_writer:/mnt/data/px4_ros_ws/install/drone_control:/opt/ros/humble CONDA_ENV_SHLVL_2_PIXI_PROMPT=(unitree_go2_ros2) PIXI_PROMPT=(unitree_go2_ros2) PS1=(unitree_go2_ros2) \[\e]0;\u@\h: \w\a\]${debian_chroot:+($debian_chroot)}\[\033[01;32m\]\u@\h\[\033[00m\]:\[\033[01;34m\]\w\[\033[00m\]\$ /mnt/data/2026_1/go2_ws/.pixi/envs/default/bin/cmake --install /mnt/data/2026_1/go2_ws/build/champ_msgs[0m
[5.693s] [34mcolcon.colcon_core.environment[0m [1;30mLevel 1[0m checking '/mnt/data/2026_1/go2_ws/install/champ_msgs' for CMake config files
[5.694s] [34mcolcon.colcon_core.shell[0m [1;30mLevel 1[0m create_environment_hook('champ_msgs', 'cmake_prefix_path')
[5.695s] [34mcolcon.colcon_core.shell[0m [1;30mINFO[0m Creating environment hook '/mnt/data/2026_1/go2_ws/install/champ_msgs/share/champ_msgs/hook/cmake_prefix_path.ps1'
[5.695s] [34mcolcon.colcon_core.shell[0m [1;30mINFO[0m Creating environment descriptor '/mnt/data/2026_1/go2_ws/install/champ_msgs/share/champ_msgs/hook/cmake_prefix_path.dsv'
[5.695s] [34mcolcon.colcon_core.shell[0m [1;30mINFO[0m Creating environment hook '/mnt/data/2026_1/go2_ws/install/champ_msgs/share/champ_msgs/hook/cmake_prefix_path.sh'
[5.696s] [34mcolcon.colcon_core.environment[0m [1;30mLevel 1[0m checking '/mnt/data/2026_1/go2_ws/install/champ_msgs/lib'
[5.696s] [34mcolcon.colcon_core.shell[0m [1;30mLevel 1[0m create_environment_hook('champ_msgs', 'ld_library_path_lib')
[5.696s] [34mcolcon.colcon_core.shell[0m [1;30mINFO[0m Creating environment hook '/mnt/data/2026_1/go2_ws/install/champ_msgs/share/champ_msgs/hook/ld_library_path_lib.ps1'
[5.696s] [34mcolcon.colcon_core.shell[0m [1;30mINFO[0m Creating environment descriptor '/mnt/data/2026_1/go2_ws/install/champ_msgs/share/champ_msgs/hook/ld_library_path_lib.dsv'
[5.696s] [34mcolcon.colcon_core.shell[0m [1;30mINFO[0m Creating environment hook '/mnt/data/2026_1/go2_ws/install/champ_msgs/share/champ_msgs/hook/ld_library_path_lib.sh'
[5.697s] [34mcolcon.colcon_core.environment[0m [1;30mLevel 1[0m checking '/mnt/data/2026_1/go2_ws/install/champ_msgs/bin'
[5.697s] [34mcolcon.colcon_core.environment[0m [1;30mLevel 1[0m checking '/mnt/data/2026_1/go2_ws/install/champ_msgs/lib/pkgconfig/champ_msgs.pc'
[5.697s] [34mcolcon.colcon_core.environment[0m [1;30mLevel 1[0m checking '/mnt/data/2026_1/go2_ws/install/champ_msgs/lib/python3.10/site-packages'
[5.697s] [34mcolcon.colcon_core.shell[0m [1;30mLevel 1[0m create_environment_hook('champ_msgs', 'pythonpath')
[5.697s] [34mcolcon.colcon_core.shell[0m [1;30mINFO[0m Creating environment hook '/mnt/data/2026_1/go2_ws/install/champ_msgs/share/champ_msgs/hook/pythonpath.ps1'
[5.697s] [34mcolcon.colcon_core.shell[0m [1;30mINFO[0m Creating environment descriptor '/mnt/data/2026_1/go2_ws/install/champ_msgs/share/champ_msgs/hook/pythonpath.dsv'
[5.698s] [34mcolcon.colcon_core.shell[0m [1;30mINFO[0m Creating environment hook '/mnt/data/2026_1/go2_ws/install/champ_msgs/share/champ_msgs/hook/pythonpath.sh'
[5.698s] [34mcolcon.colcon_core.environment[0m [1;30mLevel 1[0m checking '/mnt/data/2026_1/go2_ws/install/champ_msgs/bin'
[5.698s] [34mcolcon.colcon_core.shell[0m [1;30mINFO[0m Creating package script '/mnt/data/2026_1/go2_ws/install/champ_msgs/share/champ_msgs/package.ps1'
[5.699s] [34mcolcon.colcon_core.shell[0m [1;30mINFO[0m Creating package descriptor '/mnt/data/2026_1/go2_ws/install/champ_msgs/share/champ_msgs/package.dsv'
[5.699s] [34mcolcon.colcon_core.shell[0m [1;30mINFO[0m Creating package script '/mnt/data/2026_1/go2_ws/install/champ_msgs/share/champ_msgs/package.sh'
[5.699s] [34mcolcon.colcon_core.shell[0m [1;30mINFO[0m Creating package script '/mnt/data/2026_1/go2_ws/install/champ_msgs/share/champ_msgs/package.bash'
[5.700s] [34mcolcon.colcon_core.shell[0m [1;30mINFO[0m Creating package script '/mnt/data/2026_1/go2_ws/install/champ_msgs/share/champ_msgs/package.zsh'
[5.700s] [34mcolcon.colcon_core.environment[0m [1;30mLevel 1[0m create_file_with_runtime_dependencies(/mnt/data/2026_1/go2_ws/install/champ_msgs/share/colcon-core/packages/champ_msgs)
[5.700s] [34mcolcon.colcon_core.environment[0m [1;30mLevel 1[0m create_environment_scripts_only(champ_msgs)
[5.701s] [34mcolcon.colcon_core.environment[0m [1;30mLevel 1[0m checking '/mnt/data/2026_1/go2_ws/install/champ_msgs' for CMake module files
[5.701s] [34mcolcon.colcon_core.environment[0m [1;30mLevel 1[0m checking '/mnt/data/2026_1/go2_ws/install/champ_msgs' for CMake config files
[5.702s] [34mcolcon.colcon_core.shell[0m [1;30mLevel 1[0m create_environment_hook('champ_msgs', 'cmake_prefix_path')
[5.702s] [34mcolcon.colcon_core.shell[0m [1;30mINFO[0m Creating environment hook '/mnt/data/2026_1/go2_ws/install/champ_msgs/share/champ_msgs/hook/cmake_prefix_path.ps1'
[5.702s] [34mcolcon.colcon_core.shell[0m [1;30mINFO[0m Creating environment descriptor '/mnt/data/2026_1/go2_ws/install/champ_msgs/share/champ_msgs/hook/cmake_prefix_path.dsv'
[5.703s] [34mcolcon.colcon_core.shell[0m [1;30mINFO[0m Creating environment hook '/mnt/data/2026_1/go2_ws/install/champ_msgs/share/champ_msgs/hook/cmake_prefix_path.sh'
[5.703s] [34mcolcon.colcon_core.environment[0m [1;30mLevel 1[0m checking '/mnt/data/2026_1/go2_ws/install/champ_msgs/lib'
[5.703s] [34mcolcon.colcon_core.shell[0m [1;30mLevel 1[0m create_environment_hook('champ_msgs', 'ld_library_path_lib')
[5.703s] [34mcolcon.colcon_core.shell[0m [1;30mINFO[0m Creating environment hook '/mnt/data/2026_1/go2_ws/install/champ_msgs/share/champ_msgs/hook/ld_library_path_lib.ps1'
[5.704s] [34mcolcon.colcon_core.shell[0m [1;30mINFO[0m Creating environment descriptor '/mnt/data/2026_1/go2_ws/install/champ_msgs/share/champ_msgs/hook/ld_library_path_lib.dsv'
[5.704s] [34mcolcon.colcon_core.shell[0m [1;30mINFO[0m Creating environment hook '/mnt/data/2026_1/go2_ws/install/champ_msgs/share/champ_msgs/hook/ld_library_path_lib.sh'
[5.704s] [34mcolcon.colcon_core.environment[0m [1;30mLevel 1[0m checking '/mnt/data/2026_1/go2_ws/install/champ_msgs/bin'
[5.704s] [34mcolcon.colcon_core.environment[0m [1;30mLevel 1[0m checking '/mnt/data/2026_1/go2_ws/install/champ_msgs/lib/pkgconfig/champ_msgs.pc'
[5.704s] [34mcolcon.colcon_core.environment[0m [1;30mLevel 1[0m checking '/mnt/data/2026_1/go2_ws/install/champ_msgs/lib/python3.10/site-packages'
[5.704s] [34mcolcon.colcon_core.shell[0m [1;30mLevel 1[0m create_environment_hook('champ_msgs', 'pythonpath')
[5.704s] [34mcolcon.colcon_core.shell[0m [1;30mINFO[0m Creating environment hook '/mnt/data/2026_1/go2_ws/install/champ_msgs/share/champ_msgs/hook/pythonpath.ps1'
[5.705s] [34mcolcon.colcon_core.shell[0m [1;30mINFO[0m Creating environment descriptor '/mnt/data/2026_1/go2_ws/install/champ_msgs/share/champ_msgs/hook/pythonpath.dsv'
[5.705s] [34mcolcon.colcon_core.shell[0m [1;30mINFO[0m Creating environment hook '/mnt/data/2026_1/go2_ws/install/champ_msgs/share/champ_msgs/hook/pythonpath.sh'
[5.705s] [34mcolcon.colcon_core.environment[0m [1;30mLevel 1[0m checking '/mnt/data/2026_1/go2_ws/install/champ_msgs/bin'
[5.706s] [34mcolcon.colcon_core.shell[0m [1;30mINFO[0m Creating package script '/mnt/data/2026_1/go2_ws/install/champ_msgs/share/champ_msgs/package.ps1'
[5.706s] [34mcolcon.colcon_core.shell[0m [1;30mINFO[0m Creating package descriptor '/mnt/data/2026_1/go2_ws/install/champ_msgs/share/champ_msgs/package.dsv'
[5.707s] [34mcolcon.colcon_core.shell[0m [1;30mINFO[0m Creating package script '/mnt/data/2026_1/go2_ws/install/champ_msgs/share/champ_msgs/package.sh'
[5.707s] [34mcolcon.colcon_core.shell[0m [1;30mINFO[0m Creating package script '/mnt/data/2026_1/go2_ws/install/champ_msgs/share/champ_msgs/package.bash'
[5.707s] [34mcolcon.colcon_core.shell[0m [1;30mINFO[0m Creating package script '/mnt/data/2026_1/go2_ws/install/champ_msgs/share/champ_msgs/package.zsh'
[5.707s] [34mcolcon.colcon_core.environment[0m [1;30mLevel 1[0m create_file_with_runtime_dependencies(/mnt/data/2026_1/go2_ws/install/champ_msgs/share/colcon-core/packages/champ_msgs)
[5.708s] [34mcolcon.colcon_ros.task.ament_cmake.build[0m [1;30mINFO[0m Building ROS package in '/mnt/data/2026_1/go2_ws/src/unitree_go2_ros2/champ_base' with build type 'ament_cmake'
[5.708s] [34mcolcon.colcon_cmake.task.cmake.build[0m [1;30mINFO[0m Building CMake package in '/mnt/data/2026_1/go2_ws/src/unitree_go2_ros2/champ_base'
[5.708s] [34mcolcon.colcon_core.shell[0m [1;30mINFO[0m Skip shell extension 'powershell' for command environment: Not usable outside of PowerShell
[5.708s] [34mcolcon.colcon_core.shell[0m [1;30mDEBUG[0m [32mSkip shell extension 'dsv' for command environment[0m
[5.719s] [34mcolcon.colcon_core.event_handler.log_command[0m [1;30mDEBUG[0m [32mInvoking command in '/mnt/data/2026_1/go2_ws/build/champ_base': AMENT_PREFIX_PATH=/mnt/data/2026_1/go2_ws/install/champ_msgs:/mnt/data/2026_1/go2_ws/install/champ:${AMENT_PREFIX_PATH} CMAKE_PREFIX_PATH=/mnt/data/2026_1/go2_ws/install/champ_msgs:/mnt/data/2026_1/go2_ws/install/champ:/mnt/data/drone_writer_ws/install/mavros:/mnt/data/drone_writer_ws/install/mavros_msgs:/mnt/data/drone_writer_ws/install/libmavconn:/mnt/data/px4_ros_ws/install/px4_ros_com:/mnt/data/px4_ros_ws/install/px4_msgs:/mnt/data/px4_ros_ws/install/mavros_extras:/mnt/data/px4_ros_ws/install/mavros_examples:/mnt/data/px4_ros_ws/install/mavros:/mnt/data/px4_ros_ws/install/mavros_msgs:/mnt/data/px4_ros_ws/install/libmavconn:/mnt/data/drone_writer_ws/install/drone_writer:/mnt/data/px4_ros_ws/install/drone_control:/opt/ros/humble CONDA_ENV_SHLVL_2_PIXI_PROMPT=(unitree_go2_ros2) LD_LIBRARY_PATH=/mnt/data/2026_1/go2_ws/install/champ_msgs/lib:${LD_LIBRARY_PATH} PIXI_PROMPT=(unitree_go2_ros2) PS1=(unitree_go2_ros2) \[\e]0;\u@\h: \w\a\]${debian_chroot:+($debian_chroot)}\[\033[01;32m\]\u@\h\[\033[00m\]:\[\033[01;34m\]\w\[\033[00m\]\$ PYTHONPATH=/mnt/data/2026_1/go2_ws/install/champ_msgs/lib/python3.10/site-packages:${PYTHONPATH} /mnt/data/2026_1/go2_ws/.pixi/envs/default/bin/cmake /mnt/data/2026_1/go2_ws/src/unitree_go2_ros2/champ_base -DAMENT_CMAKE_SYMLINK_INSTALL=1 -DCMAKE_INSTALL_PREFIX=/mnt/data/2026_1/go2_ws/install/champ_base[0m
[7.687s] [34mcolcon.colcon_core.event_handler.log_command[0m [1;30mDEBUG[0m [32mInvoked command in '/mnt/data/2026_1/go2_ws/build/champ_base' returned '0': AMENT_PREFIX_PATH=/mnt/data/2026_1/go2_ws/install/champ_msgs:/mnt/data/2026_1/go2_ws/install/champ:${AMENT_PREFIX_PATH} CMAKE_PREFIX_PATH=/mnt/data/2026_1/go2_ws/install/champ_msgs:/mnt/data/2026_1/go2_ws/install/champ:/mnt/data/drone_writer_ws/install/mavros:/mnt/data/drone_writer_ws/install/mavros_msgs:/mnt/data/drone_writer_ws/install/libmavconn:/mnt/data/px4_ros_ws/install/px4_ros_com:/mnt/data/px4_ros_ws/install/px4_msgs:/mnt/data/px4_ros_ws/install/mavros_extras:/mnt/data/px4_ros_ws/install/mavros_examples:/mnt/data/px4_ros_ws/install/mavros:/mnt/data/px4_ros_ws/install/mavros_msgs:/mnt/data/px4_ros_ws/install/libmavconn:/mnt/data/drone_writer_ws/install/drone_writer:/mnt/data/px4_ros_ws/install/drone_control:/opt/ros/humble CONDA_ENV_SHLVL_2_PIXI_PROMPT=(unitree_go2_ros2) LD_LIBRARY_PATH=/mnt/data/2026_1/go2_ws/install/champ_msgs/lib:${LD_LIBRARY_PATH} PIXI_PROMPT=(unitree_go2_ros2) PS1=(unitree_go2_ros2) \[\e]0;\u@\h: \w\a\]${debian_chroot:+($debian_chroot)}\[\033[01;32m\]\u@\h\[\033[00m\]:\[\033[01;34m\]\w\[\033[00m\]\$ PYTHONPATH=/mnt/data/2026_1/go2_ws/install/champ_msgs/lib/python3.10/site-packages:${PYTHONPATH} /mnt/data/2026_1/go2_ws/.pixi/envs/default/bin/cmake /mnt/data/2026_1/go2_ws/src/unitree_go2_ros2/champ_base -DAMENT_CMAKE_SYMLINK_INSTALL=1 -DCMAKE_INSTALL_PREFIX=/mnt/data/2026_1/go2_ws/install/champ_base[0m
[7.689s] [34mcolcon.colcon_core.event_handler.log_command[0m [1;30mDEBUG[0m [32mInvoking command in '/mnt/data/2026_1/go2_ws/build/champ_base': AMENT_PREFIX_PATH=/mnt/data/2026_1/go2_ws/install/champ_msgs:/mnt/data/2026_1/go2_ws/install/champ:${AMENT_PREFIX_PATH} CMAKE_PREFIX_PATH=/mnt/data/2026_1/go2_ws/install/champ_msgs:/mnt/data/2026_1/go2_ws/install/champ:/mnt/data/drone_writer_ws/install/mavros:/mnt/data/drone_writer_ws/install/mavros_msgs:/mnt/data/drone_writer_ws/install/libmavconn:/mnt/data/px4_ros_ws/install/px4_ros_com:/mnt/data/px4_ros_ws/install/px4_msgs:/mnt/data/px4_ros_ws/install/mavros_extras:/mnt/data/px4_ros_ws/install/mavros_examples:/mnt/data/px4_ros_ws/install/mavros:/mnt/data/px4_ros_ws/install/mavros_msgs:/mnt/data/px4_ros_ws/install/libmavconn:/mnt/data/drone_writer_ws/install/drone_writer:/mnt/data/px4_ros_ws/install/drone_control:/opt/ros/humble CONDA_ENV_SHLVL_2_PIXI_PROMPT=(unitree_go2_ros2) LD_LIBRARY_PATH=/mnt/data/2026_1/go2_ws/install/champ_msgs/lib:${LD_LIBRARY_PATH} PIXI_PROMPT=(unitree_go2_ros2) PS1=(unitree_go2_ros2) \[\e]0;\u@\h: \w\a\]${debian_chroot:+($debian_chroot)}\[\033[01;32m\]\u@\h\[\033[00m\]:\[\033[01;34m\]\w\[\033[00m\]\$ PYTHONPATH=/mnt/data/2026_1/go2_ws/install/champ_msgs/lib/python3.10/site-packages:${PYTHONPATH} /mnt/data/2026_1/go2_ws/.pixi/envs/default/bin/cmake --build /mnt/data/2026_1/go2_ws/build/champ_base -- -j12 -l12[0m
[28.659s] [34mcolcon.colcon_core.event_handler.log_command[0m [1;30mDEBUG[0m [32mInvoked command in '/mnt/data/2026_1/go2_ws/build/champ_base' returned '0': AMENT_PREFIX_PATH=/mnt/data/2026_1/go2_ws/install/champ_msgs:/mnt/data/2026_1/go2_ws/install/champ:${AMENT_PREFIX_PATH} CMAKE_PREFIX_PATH=/mnt/data/2026_1/go2_ws/install/champ_msgs:/mnt/data/2026_1/go2_ws/install/champ:/mnt/data/drone_writer_ws/install/mavros:/mnt/data/drone_writer_ws/install/mavros_msgs:/mnt/data/drone_writer_ws/install/libmavconn:/mnt/data/px4_ros_ws/install/px4_ros_com:/mnt/data/px4_ros_ws/install/px4_msgs:/mnt/data/px4_ros_ws/install/mavros_extras:/mnt/data/px4_ros_ws/install/mavros_examples:/mnt/data/px4_ros_ws/install/mavros:/mnt/data/px4_ros_ws/install/mavros_msgs:/mnt/data/px4_ros_ws/install/libmavconn:/mnt/data/drone_writer_ws/install/drone_writer:/mnt/data/px4_ros_ws/install/drone_control:/opt/ros/humble CONDA_ENV_SHLVL_2_PIXI_PROMPT=(unitree_go2_ros2) LD_LIBRARY_PATH=/mnt/data/2026_1/go2_ws/install/champ_msgs/lib:${LD_LIBRARY_PATH} PIXI_PROMPT=(unitree_go2_ros2) PS1=(unitree_go2_ros2) \[\e]0;\u@\h: \w\a\]${debian_chroot:+($debian_chroot)}\[\033[01;32m\]\u@\h\[\033[00m\]:\[\033[01;34m\]\w\[\033[00m\]\$ PYTHONPATH=/mnt/data/2026_1/go2_ws/install/champ_msgs/lib/python3.10/site-packages:${PYTHONPATH} /mnt/data/2026_1/go2_ws/.pixi/envs/default/bin/cmake --build /mnt/data/2026_1/go2_ws/build/champ_base -- -j12 -l12[0m
[28.661s] [34mcolcon.colcon_core.event_handler.log_command[0m [1;30mDEBUG[0m [32mInvoking command in '/mnt/data/2026_1/go2_ws/build/champ_base': AMENT_PREFIX_PATH=/mnt/data/2026_1/go2_ws/install/champ_msgs:/mnt/data/2026_1/go2_ws/install/champ:${AMENT_PREFIX_PATH} CMAKE_PREFIX_PATH=/mnt/data/2026_1/go2_ws/install/champ_msgs:/mnt/data/2026_1/go2_ws/install/champ:/mnt/data/drone_writer_ws/install/mavros:/mnt/data/drone_writer_ws/install/mavros_msgs:/mnt/data/drone_writer_ws/install/libmavconn:/mnt/data/px4_ros_ws/install/px4_ros_com:/mnt/data/px4_ros_ws/install/px4_msgs:/mnt/data/px4_ros_ws/install/mavros_extras:/mnt/data/px4_ros_ws/install/mavros_examples:/mnt/data/px4_ros_ws/install/mavros:/mnt/data/px4_ros_ws/install/mavros_msgs:/mnt/data/px4_ros_ws/install/libmavconn:/mnt/data/drone_writer_ws/install/drone_writer:/mnt/data/px4_ros_ws/install/drone_control:/opt/ros/humble CONDA_ENV_SHLVL_2_PIXI_PROMPT=(unitree_go2_ros2) LD_LIBRARY_PATH=/mnt/data/2026_1/go2_ws/install/champ_msgs/lib:${LD_LIBRARY_PATH} PIXI_PROMPT=(unitree_go2_ros2) PS1=(unitree_go2_ros2) \[\e]0;\u@\h: \w\a\]${debian_chroot:+($debian_chroot)}\[\033[01;32m\]\u@\h\[\033[00m\]:\[\033[01;34m\]\w\[\033[00m\]\$ PYTHONPATH=/mnt/data/2026_1/go2_ws/install/champ_msgs/lib/python3.10/site-packages:${PYTHONPATH} /mnt/data/2026_1/go2_ws/.pixi/envs/default/bin/cmake --install /mnt/data/2026_1/go2_ws/build/champ_base[0m
[28.849s] [34mcolcon.colcon_core.environment[0m [1;30mLevel 1[0m create_environment_scripts_only(champ_base)
[28.849s] [34mcolcon.colcon_core.environment[0m [1;30mLevel 1[0m checking '/mnt/data/2026_1/go2_ws/install/champ_base' for CMake module files
[28.849s] [34mcolcon.colcon_core.event_handler.log_command[0m [1;30mDEBUG[0m [32mInvoked command in '/mnt/data/2026_1/go2_ws/build/champ_base' returned '0': AMENT_PREFIX_PATH=/mnt/data/2026_1/go2_ws/install/champ_msgs:/mnt/data/2026_1/go2_ws/install/champ:${AMENT_PREFIX_PATH} CMAKE_PREFIX_PATH=/mnt/data/2026_1/go2_ws/install/champ_msgs:/mnt/data/2026_1/go2_ws/install/champ:/mnt/data/drone_writer_ws/install/mavros:/mnt/data/drone_writer_ws/install/mavros_msgs:/mnt/data/drone_writer_ws/install/libmavconn:/mnt/data/px4_ros_ws/install/px4_ros_com:/mnt/data/px4_ros_ws/install/px4_msgs:/mnt/data/px4_ros_ws/install/mavros_extras:/mnt/data/px4_ros_ws/install/mavros_examples:/mnt/data/px4_ros_ws/install/mavros:/mnt/data/px4_ros_ws/install/mavros_msgs:/mnt/data/px4_ros_ws/install/libmavconn:/mnt/data/drone_writer_ws/install/drone_writer:/mnt/data/px4_ros_ws/install/drone_control:/opt/ros/humble CONDA_ENV_SHLVL_2_PIXI_PROMPT=(unitree_go2_ros2) LD_LIBRARY_PATH=/mnt/data/2026_1/go2_ws/install/champ_msgs/lib:${LD_LIBRARY_PATH} PIXI_PROMPT=(unitree_go2_ros2) PS1=(unitree_go2_ros2) \[\e]0;\u@\h: \w\a\]${debian_chroot:+($debian_chroot)}\[\033[01;32m\]\u@\h\[\033[00m\]:\[\033[01;34m\]\w\[\033[00m\]\$ PYTHONPATH=/mnt/data/2026_1/go2_ws/install/champ_msgs/lib/python3.10/site-packages:${PYTHONPATH} /mnt/data/2026_1/go2_ws/.pixi/envs/default/bin/cmake --install /mnt/data/2026_1/go2_ws/build/champ_base[0m
[28.850s] [34mcolcon.colcon_core.environment[0m [1;30mLevel 1[0m checking '/mnt/data/2026_1/go2_ws/install/champ_base' for CMake config files
[28.850s] [34mcolcon.colcon_core.shell[0m [1;30mLevel 1[0m create_environment_hook('champ_base', 'cmake_prefix_path')
[28.850s] [34mcolcon.colcon_core.shell[0m [1;30mINFO[0m Creating environment hook '/mnt/data/2026_1/go2_ws/install/champ_base/share/champ_base/hook/cmake_prefix_path.ps1'
[28.851s] [34mcolcon.colcon_core.shell[0m [1;30mINFO[0m Creating environment descriptor '/mnt/data/2026_1/go2_ws/install/champ_base/share/champ_base/hook/cmake_prefix_path.dsv'
[28.851s] [34mcolcon.colcon_core.shell[0m [1;30mINFO[0m Creating environment hook '/mnt/data/2026_1/go2_ws/install/champ_base/share/champ_base/hook/cmake_prefix_path.sh'
[28.851s] [34mcolcon.colcon_core.environment[0m [1;30mLevel 1[0m checking '/mnt/data/2026_1/go2_ws/install/champ_base/lib'
[28.851s] [34mcolcon.colcon_core.shell[0m [1;30mLevel 1[0m create_environment_hook('champ_base', 'ld_library_path_lib')
[28.851s] [34mcolcon.colcon_core.shell[0m [1;30mINFO[0m Creating environment hook '/mnt/data/2026_1/go2_ws/install/champ_base/share/champ_base/hook/ld_library_path_lib.ps1'
[28.852s] [34mcolcon.colcon_core.shell[0m [1;30mINFO[0m Creating environment descriptor '/mnt/data/2026_1/go2_ws/install/champ_base/share/champ_base/hook/ld_library_path_lib.dsv'
[28.852s] [34mcolcon.colcon_core.shell[0m [1;30mINFO[0m Creating environment hook '/mnt/data/2026_1/go2_ws/install/champ_base/share/champ_base/hook/ld_library_path_lib.sh'
[28.852s] [34mcolcon.colcon_core.environment[0m [1;30mLevel 1[0m checking '/mnt/data/2026_1/go2_ws/install/champ_base/bin'
[28.852s] [34mcolcon.colcon_core.shell[0m [1;30mLevel 1[0m create_environment_hook('champ_base', 'path')
[28.852s] [34mcolcon.colcon_core.shell[0m [1;30mINFO[0m Creating environment hook '/mnt/data/2026_1/go2_ws/install/champ_base/share/champ_base/hook/path.ps1'
[28.853s] [34mcolcon.colcon_core.shell[0m [1;30mINFO[0m Creating environment descriptor '/mnt/data/2026_1/go2_ws/install/champ_base/share/champ_base/hook/path.dsv'
[28.853s] [34mcolcon.colcon_core.shell[0m [1;30mINFO[0m Creating environment hook '/mnt/data/2026_1/go2_ws/install/champ_base/share/champ_base/hook/path.sh'
[28.853s] [34mcolcon.colcon_core.environment[0m [1;30mLevel 1[0m checking '/mnt/data/2026_1/go2_ws/install/champ_base/lib/pkgconfig/champ_base.pc'
[28.853s] [34mcolcon.colcon_core.environment[0m [1;30mLevel 1[0m checking '/mnt/data/2026_1/go2_ws/install/champ_base/lib/python3.10/site-packages'
[28.854s] [34mcolcon.colcon_core.environment[0m [1;30mLevel 1[0m checking '/mnt/data/2026_1/go2_ws/install/champ_base/bin'
[28.854s] [34mcolcon.colcon_core.shell[0m [1;30mLevel 1[0m create_environment_hook('champ_base', 'pythonscriptspath')
[28.854s] [34mcolcon.colcon_core.shell[0m [1;30mINFO[0m Creating environment hook '/mnt/data/2026_1/go2_ws/install/champ_base/share/champ_base/hook/pythonscriptspath.ps1'
[28.854s] [34mcolcon.colcon_core.shell[0m [1;30mINFO[0m Creating environment descriptor '/mnt/data/2026_1/go2_ws/install/champ_base/share/champ_base/hook/pythonscriptspath.dsv'
[28.854s] [34mcolcon.colcon_core.shell[0m [1;30mINFO[0m Creating environment hook '/mnt/data/2026_1/go2_ws/install/champ_base/share/champ_base/hook/pythonscriptspath.sh'
[28.855s] [34mcolcon.colcon_core.shell[0m [1;30mINFO[0m Creating package script '/mnt/data/2026_1/go2_ws/install/champ_base/share/champ_base/package.ps1'
[28.855s] [34mcolcon.colcon_core.shell[0m [1;30mINFO[0m Creating package descriptor '/mnt/data/2026_1/go2_ws/install/champ_base/share/champ_base/package.dsv'
[28.855s] [34mcolcon.colcon_core.shell[0m [1;30mINFO[0m Creating package script '/mnt/data/2026_1/go2_ws/install/champ_base/share/champ_base/package.sh'
[28.856s] [34mcolcon.colcon_core.shell[0m [1;30mINFO[0m Creating package script '/mnt/data/2026_1/go2_ws/install/champ_base/share/champ_base/package.bash'
[28.856s] [34mcolcon.colcon_core.shell[0m [1;30mINFO[0m Creating package script '/mnt/data/2026_1/go2_ws/install/champ_base/share/champ_base/package.zsh'
[28.856s] [34mcolcon.colcon_core.environment[0m [1;30mLevel 1[0m create_file_with_runtime_dependencies(/mnt/data/2026_1/go2_ws/install/champ_base/share/colcon-core/packages/champ_base)
[28.857s] [34mcolcon.colcon_core.environment[0m [1;30mLevel 1[0m create_environment_scripts_only(champ_base)
[28.857s] [34mcolcon.colcon_core.environment[0m [1;30mLevel 1[0m checking '/mnt/data/2026_1/go2_ws/install/champ_base' for CMake module files
[28.858s] [34mcolcon.colcon_core.environment[0m [1;30mLevel 1[0m checking '/mnt/data/2026_1/go2_ws/install/champ_base' for CMake config files
[28.858s] [34mcolcon.colcon_core.shell[0m [1;30mLevel 1[0m create_environment_hook('champ_base', 'cmake_prefix_path')
[28.858s] [34mcolcon.colcon_core.shell[0m [1;30mINFO[0m Creating environment hook '/mnt/data/2026_1/go2_ws/install/champ_base/share/champ_base/hook/cmake_prefix_path.ps1'
[28.858s] [34mcolcon.colcon_core.shell[0m [1;30mINFO[0m Creating environment descriptor '/mnt/data/2026_1/go2_ws/install/champ_base/share/champ_base/hook/cmake_prefix_path.dsv'
[28.858s] [34mcolcon.colcon_core.shell[0m [1;30mINFO[0m Creating environment hook '/mnt/data/2026_1/go2_ws/install/champ_base/share/champ_base/hook/cmake_prefix_path.sh'
[28.859s] [34mcolcon.colcon_core.environment[0m [1;30mLevel 1[0m checking '/mnt/data/2026_1/go2_ws/install/champ_base/lib'
[28.859s] [34mcolcon.colcon_core.shell[0m [1;30mLevel 1[0m create_environment_hook('champ_base', 'ld_library_path_lib')
[28.859s] [34mcolcon.colcon_core.shell[0m [1;30mINFO[0m Creating environment hook '/mnt/data/2026_1/go2_ws/install/champ_base/share/champ_base/hook/ld_library_path_lib.ps1'
[28.860s] [34mcolcon.colcon_core.shell[0m [1;30mINFO[0m Creating environment descriptor '/mnt/data/2026_1/go2_ws/install/champ_base/share/champ_base/hook/ld_library_path_lib.dsv'
[28.860s] [34mcolcon.colcon_core.shell[0m [1;30mINFO[0m Creating environment hook '/mnt/data/2026_1/go2_ws/install/champ_base/share/champ_base/hook/ld_library_path_lib.sh'
[28.860s] [34mcolcon.colcon_core.environment[0m [1;30mLevel 1[0m checking '/mnt/data/2026_1/go2_ws/install/champ_base/bin'
[28.860s] [34mcolcon.colcon_core.shell[0m [1;30mLevel 1[0m create_environment_hook('champ_base', 'path')
[28.860s] [34mcolcon.colcon_core.shell[0m [1;30mINFO[0m Creating environment hook '/mnt/data/2026_1/go2_ws/install/champ_base/share/champ_base/hook/path.ps1'
[28.861s] [34mcolcon.colcon_core.shell[0m [1;30mINFO[0m Creating environment descriptor '/mnt/data/2026_1/go2_ws/install/champ_base/share/champ_base/hook/path.dsv'
[28.861s] [34mcolcon.colcon_core.shell[0m [1;30mINFO[0m Creating environment hook '/mnt/data/2026_1/go2_ws/install/champ_base/share/champ_base/hook/path.sh'
[28.861s] [34mcolcon.colcon_core.environment[0m [1;30mLevel 1[0m checking '/mnt/data/2026_1/go2_ws/install/champ_base/lib/pkgconfig/champ_base.pc'
[28.861s] [34mcolcon.colcon_core.environment[0m [1;30mLevel 1[0m checking '/mnt/data/2026_1/go2_ws/install/champ_base/lib/python3.10/site-packages'
[28.862s] [34mcolcon.colcon_core.environment[0m [1;30mLevel 1[0m checking '/mnt/data/2026_1/go2_ws/install/champ_base/bin'
[28.862s] [34mcolcon.colcon_core.shell[0m [1;30mLevel 1[0m create_environment_hook('champ_base', 'pythonscriptspath')
[28.862s] [34mcolcon.colcon_core.shell[0m [1;30mINFO[0m Creating environment hook '/mnt/data/2026_1/go2_ws/install/champ_base/share/champ_base/hook/pythonscriptspath.ps1'
[28.862s] [34mcolcon.colcon_core.shell[0m [1;30mINFO[0m Creating environment descriptor '/mnt/data/2026_1/go2_ws/install/champ_base/share/champ_base/hook/pythonscriptspath.dsv'
[28.862s] [34mcolcon.colcon_core.shell[0m [1;30mINFO[0m Creating environment hook '/mnt/data/2026_1/go2_ws/install/champ_base/share/champ_base/hook/pythonscriptspath.sh'
[28.863s] [34mcolcon.colcon_core.shell[0m [1;30mINFO[0m Creating package script '/mnt/data/2026_1/go2_ws/install/champ_base/share/champ_base/package.ps1'
[28.863s] [34mcolcon.colcon_core.shell[0m [1;30mINFO[0m Creating package descriptor '/mnt/data/2026_1/go2_ws/install/champ_base/share/champ_base/package.dsv'
[28.864s] [34mcolcon.colcon_core.shell[0m [1;30mINFO[0m Creating package script '/mnt/data/2026_1/go2_ws/install/champ_base/share/champ_base/package.sh'
[28.864s] [34mcolcon.colcon_core.shell[0m [1;30mINFO[0m Creating package script '/mnt/data/2026_1/go2_ws/install/champ_base/share/champ_base/package.bash'
[28.864s] [34mcolcon.colcon_core.shell[0m [1;30mINFO[0m Creating package script '/mnt/data/2026_1/go2_ws/install/champ_base/share/champ_base/package.zsh'
[28.865s] [34mcolcon.colcon_core.environment[0m [1;30mLevel 1[0m create_file_with_runtime_dependencies(/mnt/data/2026_1/go2_ws/install/champ_base/share/colcon-core/packages/champ_base)
[28.865s] [34mcolcon.colcon_parallel_executor.executor.parallel[0m [1;30mDEBUG[0m [32mclosing loop[0m
[28.865s] [34mcolcon.colcon_parallel_executor.executor.parallel[0m [1;30mDEBUG[0m [32mloop closed[0m
[28.865s] [34mcolcon.colcon_parallel_executor.executor.parallel[0m [1;30mDEBUG[0m [32mrun_until_complete finished with '0'[0m
[28.865s] [34mcolcon.colcon_core.event_reactor[0m [1;30mDEBUG[0m [32mjoining thread[0m
[28.866s] [34mcolcon.colcon_core.event_reactor[0m [1;30mDEBUG[0m [32mjoined thread[0m
[28.866s] [34mcolcon.colcon_core.shell[0m [1;30mINFO[0m Creating prefix script '/mnt/data/2026_1/go2_ws/install/local_setup.ps1'
[28.867s] [34mcolcon.colcon_core.shell[0m [1;30mINFO[0m Creating prefix util module '/mnt/data/2026_1/go2_ws/install/_local_setup_util_ps1.py'
[28.868s] [34mcolcon.colcon_core.shell[0m [1;30mINFO[0m Creating prefix chain script '/mnt/data/2026_1/go2_ws/install/setup.ps1'
[28.871s] [34mcolcon.colcon_core.shell[0m [1;30mINFO[0m Creating prefix script '/mnt/data/2026_1/go2_ws/install/local_setup.sh'
[28.872s] [34mcolcon.colcon_core.shell[0m [1;30mINFO[0m Creating prefix util module '/mnt/data/2026_1/go2_ws/install/_local_setup_util_sh.py'
[28.872s] [34mcolcon.colcon_core.shell[0m [1;30mINFO[0m Creating prefix chain script '/mnt/data/2026_1/go2_ws/install/setup.sh'
[28.873s] [34mcolcon.colcon_core.shell[0m [1;30mINFO[0m Creating prefix script '/mnt/data/2026_1/go2_ws/install/local_setup.bash'
[28.874s] [34mcolcon.colcon_core.shell[0m [1;30mINFO[0m Creating prefix chain script '/mnt/data/2026_1/go2_ws/install/setup.bash'
[28.875s] [34mcolcon.colcon_core.shell[0m [1;30mINFO[0m Creating prefix script '/mnt/data/2026_1/go2_ws/install/local_setup.zsh'
[28.875s] [34mcolcon.colcon_core.shell[0m [1;30mINFO[0m Creating prefix chain script '/mnt/data/2026_1/go2_ws/install/setup.zsh'
