[0.014s] Invoking command in '/mnt/data/2026_1/go2_ws/build/unitree_go2_sim': CMAKE_PREFIX_PATH=${CMAKE_PREFIX_PATH}:/mnt/data/drone_writer_ws/install/drone_writer:/mnt/data/px4_ros_ws/install/drone_control:/opt/ros/humble PIXI_PROMPT=(unitree_go2_ros2) PS1=(unitree_go2_ros2) \[\e]0;\u@\h: \w\a\]${debian_chroot:+($debian_chroot)}\[\033[01;32m\]\u@\h\[\033[00m\]:\[\033[01;34m\]\w\[\033[00m\]\$ /mnt/data/2026_1/go2_ws/.pixi/envs/default/bin/cmake /mnt/data/2026_1/go2_ws/src/unitree_go2_ros2/unitree_go2_sim -DAMENT_CMAKE_SYMLINK_INSTALL=1 -DCMAKE_INSTALL_PREFIX=/mnt/data/2026_1/go2_ws/install/unitree_go2_sim
[0.020s] [0mCMake Deprecation Warning at CMakeLists.txt:1 (cmake_minimum_required):
[0.020s]   Compatibility with CMake < 3.10 will be removed from a future version of
[0.020s]   CMake.
[0.020s] 
[0.020s]   Update the VERSION argument <min> value.  Or, use the <min>...<max> syntax
[0.020s]   to tell CMake that the project requires at least <min> but has been updated
[0.020s]   to work with policies introduced by <max> or earlier.
[0.020s] 
[0.020s] [0m
[0.117s] -- The C compiler identification is GNU 11.4.0
[0.233s] -- The CXX compiler identification is GNU 11.4.0
[0.239s] -- Detecting C compiler ABI info
[0.313s] -- Detecting C compiler ABI info - done
[0.326s] -- Check for working C compiler: /usr/bin/cc - skipped
[0.327s] -- Detecting C compile features
[0.327s] -- Detecting C compile features - done
[0.339s] -- Detecting CXX compiler ABI info
[0.422s] -- Detecting CXX compiler ABI info - done
[0.436s] -- Check for working CXX compiler: /usr/bin/c++ - skipped
[0.436s] -- Detecting CXX compile features
[0.437s] -- Detecting CXX compile features - done
[0.453s] -- Found ament_cmake: 1.3.12 (/opt/ros/humble/share/ament_cmake/cmake)
[0.569s] -- Found Python3: /mnt/data/2026_1/go2_ws/.pixi/envs/default/bin/python3 (found version "3.10.20") found components: Interpreter
[0.641s] -- Override CMake install command with custom implementation using symlinks instead of copying resources
[0.786s] -- Configuring done (0.8s)
[0.790s] -- Generating done (0.0s)
[0.791s] -- Build files have been written to: /mnt/data/2026_1/go2_ws/build/unitree_go2_sim
[0.798s] Invoked command in '/mnt/data/2026_1/go2_ws/build/unitree_go2_sim' returned '0': CMAKE_PREFIX_PATH=${CMAKE_PREFIX_PATH}:/mnt/data/drone_writer_ws/install/drone_writer:/mnt/data/px4_ros_ws/install/drone_control:/opt/ros/humble PIXI_PROMPT=(unitree_go2_ros2) PS1=(unitree_go2_ros2) \[\e]0;\u@\h: \w\a\]${debian_chroot:+($debian_chroot)}\[\033[01;32m\]\u@\h\[\033[00m\]:\[\033[01;34m\]\w\[\033[00m\]\$ /mnt/data/2026_1/go2_ws/.pixi/envs/default/bin/cmake /mnt/data/2026_1/go2_ws/src/unitree_go2_ros2/unitree_go2_sim -DAMENT_CMAKE_SYMLINK_INSTALL=1 -DCMAKE_INSTALL_PREFIX=/mnt/data/2026_1/go2_ws/install/unitree_go2_sim
[0.799s] Invoking command in '/mnt/data/2026_1/go2_ws/build/unitree_go2_sim': CMAKE_PREFIX_PATH=${CMAKE_PREFIX_PATH}:/mnt/data/drone_writer_ws/install/drone_writer:/mnt/data/px4_ros_ws/install/drone_control:/opt/ros/humble PIXI_PROMPT=(unitree_go2_ros2) PS1=(unitree_go2_ros2) \[\e]0;\u@\h: \w\a\]${debian_chroot:+($debian_chroot)}\[\033[01;32m\]\u@\h\[\033[00m\]:\[\033[01;34m\]\w\[\033[00m\]\$ /mnt/data/2026_1/go2_ws/.pixi/envs/default/bin/cmake --build /mnt/data/2026_1/go2_ws/build/unitree_go2_sim -- -j12 -l12
[0.834s] Invoked command in '/mnt/data/2026_1/go2_ws/build/unitree_go2_sim' returned '0': CMAKE_PREFIX_PATH=${CMAKE_PREFIX_PATH}:/mnt/data/drone_writer_ws/install/drone_writer:/mnt/data/px4_ros_ws/install/drone_control:/opt/ros/humble PIXI_PROMPT=(unitree_go2_ros2) PS1=(unitree_go2_ros2) \[\e]0;\u@\h: \w\a\]${debian_chroot:+($debian_chroot)}\[\033[01;32m\]\u@\h\[\033[00m\]:\[\033[01;34m\]\w\[\033[00m\]\$ /mnt/data/2026_1/go2_ws/.pixi/envs/default/bin/cmake --build /mnt/data/2026_1/go2_ws/build/unitree_go2_sim -- -j12 -l12
[0.835s] Invoking command in '/mnt/data/2026_1/go2_ws/build/unitree_go2_sim': CMAKE_PREFIX_PATH=${CMAKE_PREFIX_PATH}:/mnt/data/drone_writer_ws/install/drone_writer:/mnt/data/px4_ros_ws/install/drone_control:/opt/ros/humble PIXI_PROMPT=(unitree_go2_ros2) PS1=(unitree_go2_ros2) \[\e]0;\u@\h: \w\a\]${debian_chroot:+($debian_chroot)}\[\033[01;32m\]\u@\h\[\033[00m\]:\[\033[01;34m\]\w\[\033[00m\]\$ /mnt/data/2026_1/go2_ws/.pixi/envs/default/bin/cmake --install /mnt/data/2026_1/go2_ws/build/unitree_go2_sim
[0.840s] -- Install configuration: ""
[0.840s] -- Execute custom install script
[0.841s] -- Symlinking: /mnt/data/2026_1/go2_ws/install/unitree_go2_sim/share/unitree_go2_sim/launch/unitree_go2_launch.py
[0.847s] -- Symlinking: /mnt/data/2026_1/go2_ws/install/unitree_go2_sim/share/unitree_go2_sim/config/gait/gait.yaml
[0.853s] -- Symlinking: /mnt/data/2026_1/go2_ws/install/unitree_go2_sim/share/unitree_go2_sim/config/joints/joints.yaml
[0.859s] -- Symlinking: /mnt/data/2026_1/go2_ws/install/unitree_go2_sim/share/unitree_go2_sim/config/links/links.yaml
[0.865s] -- Symlinking: /mnt/data/2026_1/go2_ws/install/unitree_go2_sim/share/unitree_go2_sim/config/ros_control/ros_control.yaml
[0.871s] -- Symlinking: /mnt/data/2026_1/go2_ws/install/unitree_go2_sim/share/unitree_go2_sim/rviz/rviz.rviz
[0.877s] -- Symlinking: /mnt/data/2026_1/go2_ws/install/unitree_go2_sim/share/ament_index/resource_index/package_run_dependencies/unitree_go2_sim
[0.883s] -- Symlinking: /mnt/data/2026_1/go2_ws/install/unitree_go2_sim/share/ament_index/resource_index/parent_prefix_path/unitree_go2_sim
[0.890s] -- Symlinking: /mnt/data/2026_1/go2_ws/install/unitree_go2_sim/share/unitree_go2_sim/environment/ament_prefix_path.sh
[0.896s] -- Symlinking: /mnt/data/2026_1/go2_ws/install/unitree_go2_sim/share/unitree_go2_sim/environment/ament_prefix_path.dsv
[0.902s] -- Symlinking: /mnt/data/2026_1/go2_ws/install/unitree_go2_sim/share/unitree_go2_sim/environment/path.sh
[0.908s] -- Symlinking: /mnt/data/2026_1/go2_ws/install/unitree_go2_sim/share/unitree_go2_sim/environment/path.dsv
[0.915s] -- Symlinking: /mnt/data/2026_1/go2_ws/install/unitree_go2_sim/share/unitree_go2_sim/local_setup.bash
[0.921s] -- Symlinking: /mnt/data/2026_1/go2_ws/install/unitree_go2_sim/share/unitree_go2_sim/local_setup.sh
[0.927s] -- Symlinking: /mnt/data/2026_1/go2_ws/install/unitree_go2_sim/share/unitree_go2_sim/local_setup.zsh
[0.934s] -- Symlinking: /mnt/data/2026_1/go2_ws/install/unitree_go2_sim/share/unitree_go2_sim/local_setup.dsv
[0.940s] -- Symlinking: /mnt/data/2026_1/go2_ws/install/unitree_go2_sim/share/unitree_go2_sim/package.dsv
[0.948s] -- Symlinking: /mnt/data/2026_1/go2_ws/install/unitree_go2_sim/share/ament_index/resource_index/packages/unitree_go2_sim
[0.954s] -- Symlinking: /mnt/data/2026_1/go2_ws/install/unitree_go2_sim/share/unitree_go2_sim/cmake/unitree_go2_simConfig.cmake
[0.960s] -- Symlinking: /mnt/data/2026_1/go2_ws/install/unitree_go2_sim/share/unitree_go2_sim/cmake/unitree_go2_simConfig-version.cmake
[0.967s] -- Symlinking: /mnt/data/2026_1/go2_ws/install/unitree_go2_sim/share/unitree_go2_sim/package.xml
[0.975s] Invoked command in '/mnt/data/2026_1/go2_ws/build/unitree_go2_sim' returned '0': CMAKE_PREFIX_PATH=${CMAKE_PREFIX_PATH}:/mnt/data/drone_writer_ws/install/drone_writer:/mnt/data/px4_ros_ws/install/drone_control:/opt/ros/humble PIXI_PROMPT=(unitree_go2_ros2) PS1=(unitree_go2_ros2) \[\e]0;\u@\h: \w\a\]${debian_chroot:+($debian_chroot)}\[\033[01;32m\]\u@\h\[\033[00m\]:\[\033[01;34m\]\w\[\033[00m\]\$ /mnt/data/2026_1/go2_ws/.pixi/envs/default/bin/cmake --install /mnt/data/2026_1/go2_ws/build/unitree_go2_sim
