[0.011s] Invoking command in '/mnt/data/2026_1/go2_ws/build/unitree_go2_sim': CMAKE_PREFIX_PATH=${CMAKE_PREFIX_PATH}:/mnt/data/drone_writer_ws/install/drone_writer:/mnt/data/px4_ros_ws/install/drone_control:/opt/ros/humble PIXI_PROMPT=(unitree_go2_ros2) PS1=(unitree_go2_ros2) \[\e]0;\u@\h: \w\a\]${debian_chroot:+($debian_chroot)}\[\033[01;32m\]\u@\h\[\033[00m\]:\[\033[01;34m\]\w\[\033[00m\]\$ /mnt/data/2026_1/go2_ws/.pixi/envs/default/bin/cmake --build /mnt/data/2026_1/go2_ws/build/unitree_go2_sim -- -j12 -l12
[0.045s] Invoked command in '/mnt/data/2026_1/go2_ws/build/unitree_go2_sim' returned '0': CMAKE_PREFIX_PATH=${CMAKE_PREFIX_PATH}:/mnt/data/drone_writer_ws/install/drone_writer:/mnt/data/px4_ros_ws/install/drone_control:/opt/ros/humble PIXI_PROMPT=(unitree_go2_ros2) PS1=(unitree_go2_ros2) \[\e]0;\u@\h: \w\a\]${debian_chroot:+($debian_chroot)}\[\033[01;32m\]\u@\h\[\033[00m\]:\[\033[01;34m\]\w\[\033[00m\]\$ /mnt/data/2026_1/go2_ws/.pixi/envs/default/bin/cmake --build /mnt/data/2026_1/go2_ws/build/unitree_go2_sim -- -j12 -l12
[0.046s] Invoking command in '/mnt/data/2026_1/go2_ws/build/unitree_go2_sim': CMAKE_PREFIX_PATH=${CMAKE_PREFIX_PATH}:/mnt/data/drone_writer_ws/install/drone_writer:/mnt/data/px4_ros_ws/install/drone_control:/opt/ros/humble PIXI_PROMPT=(unitree_go2_ros2) PS1=(unitree_go2_ros2) \[\e]0;\u@\h: \w\a\]${debian_chroot:+($debian_chroot)}\[\033[01;32m\]\u@\h\[\033[00m\]:\[\033[01;34m\]\w\[\033[00m\]\$ /mnt/data/2026_1/go2_ws/.pixi/envs/default/bin/cmake --install /mnt/data/2026_1/go2_ws/build/unitree_go2_sim
[0.051s] -- Install configuration: ""
[0.052s] -- Execute custom install script
[0.052s] -- Up-to-date symlink: /mnt/data/2026_1/go2_ws/install/unitree_go2_sim/share/unitree_go2_sim/launch/unitree_go2_launch.py
[0.052s] -- Up-to-date symlink: /mnt/data/2026_1/go2_ws/install/unitree_go2_sim/share/unitree_go2_sim/launch/unitree_go2_with_fork_launch.py
[0.052s] -- Up-to-date symlink: /mnt/data/2026_1/go2_ws/install/unitree_go2_sim/share/unitree_go2_sim/config/gait/gait.yaml
[0.052s] -- Up-to-date symlink: /mnt/data/2026_1/go2_ws/install/unitree_go2_sim/share/unitree_go2_sim/config/joints/joints.yaml
[0.053s] -- Up-to-date symlink: /mnt/data/2026_1/go2_ws/install/unitree_go2_sim/share/unitree_go2_sim/config/links/links.yaml
[0.053s] -- Up-to-date symlink: /mnt/data/2026_1/go2_ws/install/unitree_go2_sim/share/unitree_go2_sim/config/ros_control/ros_control.yaml
[0.053s] -- Up-to-date symlink: /mnt/data/2026_1/go2_ws/install/unitree_go2_sim/share/unitree_go2_sim/rviz/rviz.rviz
[0.053s] -- Up-to-date symlink: /mnt/data/2026_1/go2_ws/install/unitree_go2_sim/share/ament_index/resource_index/package_run_dependencies/unitree_go2_sim
[0.053s] -- Up-to-date symlink: /mnt/data/2026_1/go2_ws/install/unitree_go2_sim/share/ament_index/resource_index/parent_prefix_path/unitree_go2_sim
[0.053s] -- Up-to-date symlink: /mnt/data/2026_1/go2_ws/install/unitree_go2_sim/share/unitree_go2_sim/environment/ament_prefix_path.sh
[0.053s] -- Up-to-date symlink: /mnt/data/2026_1/go2_ws/install/unitree_go2_sim/share/unitree_go2_sim/environment/ament_prefix_path.dsv
[0.054s] -- Up-to-date symlink: /mnt/data/2026_1/go2_ws/install/unitree_go2_sim/share/unitree_go2_sim/environment/path.sh
[0.054s] -- Up-to-date symlink: /mnt/data/2026_1/go2_ws/install/unitree_go2_sim/share/unitree_go2_sim/environment/path.dsv
[0.054s] -- Up-to-date symlink: /mnt/data/2026_1/go2_ws/install/unitree_go2_sim/share/unitree_go2_sim/local_setup.bash
[0.054s] -- Up-to-date symlink: /mnt/data/2026_1/go2_ws/install/unitree_go2_sim/share/unitree_go2_sim/local_setup.sh
[0.054s] -- Up-to-date symlink: /mnt/data/2026_1/go2_ws/install/unitree_go2_sim/share/unitree_go2_sim/local_setup.zsh
[0.054s] -- Up-to-date symlink: /mnt/data/2026_1/go2_ws/install/unitree_go2_sim/share/unitree_go2_sim/local_setup.dsv
[0.055s] -- Symlinking: /mnt/data/2026_1/go2_ws/install/unitree_go2_sim/share/unitree_go2_sim/package.dsv
[0.060s] -- Up-to-date symlink: /mnt/data/2026_1/go2_ws/install/unitree_go2_sim/share/ament_index/resource_index/packages/unitree_go2_sim
[0.060s] -- Up-to-date symlink: /mnt/data/2026_1/go2_ws/install/unitree_go2_sim/share/unitree_go2_sim/cmake/unitree_go2_simConfig.cmake
[0.061s] -- Up-to-date symlink: /mnt/data/2026_1/go2_ws/install/unitree_go2_sim/share/unitree_go2_sim/cmake/unitree_go2_simConfig-version.cmake
[0.061s] -- Up-to-date symlink: /mnt/data/2026_1/go2_ws/install/unitree_go2_sim/share/unitree_go2_sim/package.xml
[0.062s] Invoked command in '/mnt/data/2026_1/go2_ws/build/unitree_go2_sim' returned '0': CMAKE_PREFIX_PATH=${CMAKE_PREFIX_PATH}:/mnt/data/drone_writer_ws/install/drone_writer:/mnt/data/px4_ros_ws/install/drone_control:/opt/ros/humble PIXI_PROMPT=(unitree_go2_ros2) PS1=(unitree_go2_ros2) \[\e]0;\u@\h: \w\a\]${debian_chroot:+($debian_chroot)}\[\033[01;32m\]\u@\h\[\033[00m\]:\[\033[01;34m\]\w\[\033[00m\]\$ /mnt/data/2026_1/go2_ws/.pixi/envs/default/bin/cmake --install /mnt/data/2026_1/go2_ws/build/unitree_go2_sim
