-- The C compiler identification is GNU 11.4.0
-- The CXX compiler identification is GNU 11.4.0
-- Detecting C compiler ABI info
-- Detecting C compiler ABI info - done
-- Check for working C compiler: /usr/bin/cc - skipped
-- Detecting C compile features
-- Detecting C compile features - done
-- Detecting CXX compiler ABI info
-- Detecting CXX compiler ABI info - done
-- Check for working CXX compiler: /usr/bin/c++ - skipped
-- Detecting CXX compile features
-- Detecting CXX compile features - done
-- Found ament_cmake: 1.3.12 (/opt/ros/humble/share/ament_cmake/cmake)
-- Found Python3: /mnt/data/2026_1/go2_ws/.pixi/envs/default/bin/python3 (found version "3.10.20") found components: Interpreter
-- Override CMake install command with custom implementation using symlinks instead of copying resources
-- Found rosidl_default_generators: 1.2.0 (/opt/ros/humble/share/rosidl_default_generators/cmake)
-- Using all available rosidl_typesupport_c: rosidl_typesupport_fastrtps_c;rosidl_typesupport_introspection_c
-- Found rosidl_adapter: 3.1.7 (/opt/ros/humble/share/rosidl_adapter/cmake)
-- Using all available rosidl_typesupport_cpp: rosidl_typesupport_fastrtps_cpp;rosidl_typesupport_introspection_cpp
-- Found std_msgs: 4.9.0 (/opt/ros/humble/share/std_msgs/cmake)
-- Found geometry_msgs: 4.9.0 (/opt/ros/humble/share/geometry_msgs/cmake)
-- Found ament_cmake_ros: 0.10.0 (/opt/ros/humble/share/ament_cmake_ros/cmake)
-- Using all available rosidl_typesupport_c: rosidl_typesupport_fastrtps_c;rosidl_typesupport_introspection_c
-- Using all available rosidl_typesupport_cpp: rosidl_typesupport_fastrtps_cpp;rosidl_typesupport_introspection_cpp
-- Found PythonInterp: /mnt/data/2026_1/go2_ws/.pixi/envs/default/bin/python3 (found suitable version "3.10.20", minimum required is "3.6")
-- Found python_cmake_module: 0.10.0 (/opt/ros/humble/share/python_cmake_module/cmake)
-- Found PythonLibs: /mnt/data/2026_1/go2_ws/.pixi/envs/default/lib/libpython3.10.so (found suitable version "3.10.20", minimum required is "3.5")
-- Using PYTHON_EXECUTABLE: /mnt/data/2026_1/go2_ws/.pixi/envs/default/bin/python3
-- Using PYTHON_INCLUDE_DIRS: /mnt/data/2026_1/go2_ws/.pixi/envs/default/include/python3.10
-- Using PYTHON_LIBRARIES: /mnt/data/2026_1/go2_ws/.pixi/envs/default/lib/libpython3.10.so
-- Found PythonExtra: .so
-- Using numpy include directory: /home/cjk/.local/lib/python3.10/site-packages/numpy/_core/include
-- Found ament_lint_auto: 0.12.14 (/opt/ros/humble/share/ament_lint_auto/cmake)
-- Configuring done (2.4s)
-- Generating done (0.0s)
-- Build files have been written to: /mnt/data/2026_1/go2_ws/build/champ_msgs
[  1%] [1m[34mGenerating C code for ROS interfaces[0m
[  2%] [1m[34mGenerating C++ code for ROS interfaces[0m
[  2%] Built target ament_cmake_python_symlink_champ_msgs
running egg_info
creating champ_msgs.egg-info
writing champ_msgs.egg-info/PKG-INFO
writing dependency_links to champ_msgs.egg-info/dependency_links.txt
writing top-level names to champ_msgs.egg-info/top_level.txt
writing manifest file 'champ_msgs.egg-info/SOURCES.txt'
reading manifest file 'champ_msgs.egg-info/SOURCES.txt'
writing manifest file 'champ_msgs.egg-info/SOURCES.txt'
[  2%] Built target ament_cmake_python_build_champ_msgs_egg
