[0.016s] Invoking command in '/mnt/data/2026_1/go2_ws/build/champ_msgs': CMAKE_PREFIX_PATH=${CMAKE_PREFIX_PATH}:/mnt/data/drone_writer_ws/install/drone_writer:/mnt/data/px4_ros_ws/install/drone_control:/opt/ros/humble PIXI_PROMPT=(unitree_go2_ros2) PS1=(unitree_go2_ros2) \[\e]0;\u@\h: \w\a\]${debian_chroot:+($debian_chroot)}\[\033[01;32m\]\u@\h\[\033[00m\]:\[\033[01;34m\]\w\[\033[00m\]\$ /mnt/data/2026_1/go2_ws/.pixi/envs/default/bin/cmake /mnt/data/2026_1/go2_ws/src/unitree_go2_ros2/champ_msgs -DAMENT_CMAKE_SYMLINK_INSTALL=1 -DCMAKE_INSTALL_PREFIX=/mnt/data/2026_1/go2_ws/install/champ_msgs
[0.022s] [0mCMake Deprecation Warning at CMakeLists.txt:1 (cmake_minimum_required):
[0.022s]   Compatibility with CMake < 3.10 will be removed from a future version of
[0.022s]   CMake.
[0.022s] 
[0.022s]   Update the VERSION argument <min> value.  Or, use the <min>...<max> syntax
[0.022s]   to tell CMake that the project requires at least <min> but has been updated
[0.022s]   to work with policies introduced by <max> or earlier.
[0.022s] 
[0.022s] [0m
[0.124s] -- The C compiler identification is GNU 11.4.0
[0.240s] -- The CXX compiler identification is GNU 11.4.0
[0.248s] -- Detecting C compiler ABI info
[0.321s] -- Detecting C compiler ABI info - done
[0.334s] -- Check for working C compiler: /usr/bin/cc - skipped
[0.334s] -- Detecting C compile features
[0.334s] -- Detecting C compile features - done
[0.346s] -- Detecting CXX compiler ABI info
[0.429s] -- Detecting CXX compiler ABI info - done
[0.444s] -- Check for working CXX compiler: /usr/bin/c++ - skipped
[0.444s] -- Detecting CXX compile features
[0.445s] -- Detecting CXX compile features - done
[0.460s] -- Found ament_cmake: 1.3.12 (/opt/ros/humble/share/ament_cmake/cmake)
[0.577s] -- Found Python3: /mnt/data/2026_1/go2_ws/.pixi/envs/default/bin/python3 (found version "3.10.20") found components: Interpreter
[0.649s] -- Override CMake install command with custom implementation using symlinks instead of copying resources
[0.710s] -- Found rosidl_default_generators: 1.2.0 (/opt/ros/humble/share/rosidl_default_generators/cmake)
[0.724s] -- Using all available rosidl_typesupport_c: rosidl_typesupport_fastrtps_c;rosidl_typesupport_introspection_c
[0.738s] -- Found rosidl_adapter: 3.1.7 (/opt/ros/humble/share/rosidl_adapter/cmake)
[0.808s] -- Using all available rosidl_typesupport_cpp: rosidl_typesupport_fastrtps_cpp;rosidl_typesupport_introspection_cpp
[0.858s] -- Found std_msgs: 4.9.0 (/opt/ros/humble/share/std_msgs/cmake)
[0.899s] -- Found geometry_msgs: 4.9.0 (/opt/ros/humble/share/geometry_msgs/cmake)
[1.337s] -- Found ament_cmake_ros: 0.10.0 (/opt/ros/humble/share/ament_cmake_ros/cmake)
[1.712s] -- Using all available rosidl_typesupport_c: rosidl_typesupport_fastrtps_c;rosidl_typesupport_introspection_c
[2.197s] -- Using all available rosidl_typesupport_cpp: rosidl_typesupport_fastrtps_cpp;rosidl_typesupport_introspection_cpp
[2.199s] [33mCMake Warning (dev) at /opt/ros/humble/share/rosidl_generator_py/cmake/rosidl_generator_py_generate_interfaces.cmake:20 (find_package):
[2.199s]   Policy CMP0148 is not set: The FindPythonInterp and FindPythonLibs modules
[2.199s]   are removed.  Run "cmake --help-policy CMP0148" for policy details.  Use
[2.199s]   the cmake_policy command to set the policy and suppress this warning.
[2.199s] 
[2.199s] Call Stack (most recent call first):
[2.199s]   /opt/ros/humble/share/ament_cmake_core/cmake/core/ament_execute_extensions.cmake:48 (include)
[2.199s]   /opt/ros/humble/share/rosidl_cmake/cmake/rosidl_generate_interfaces.cmake:286 (ament_execute_extensions)
[2.199s]   CMakeLists.txt:9 (rosidl_generate_interfaces)
[2.199s] This warning is for project developers.  Use -Wno-dev to suppress it.
[2.199s] [0m
[2.214s] -- Found PythonInterp: /mnt/data/2026_1/go2_ws/.pixi/envs/default/bin/python3 (found suitable version "3.10.20", minimum required is "3.6")
[2.218s] -- Found python_cmake_module: 0.10.0 (/opt/ros/humble/share/python_cmake_module/cmake)
[2.218s] [33mCMake Warning (dev) at /opt/ros/humble/share/python_cmake_module/cmake/Modules/FindPythonExtra.cmake:52 (find_package):
[2.218s]   Policy CMP0148 is not set: The FindPythonInterp and FindPythonLibs modules
[2.218s]   are removed.  Run "cmake --help-policy CMP0148" for policy details.  Use
[2.218s]   the cmake_policy command to set the policy and suppress this warning.
[2.219s] 
[2.219s] Call Stack (most recent call first):
[2.219s]   /opt/ros/humble/share/rosidl_generator_py/cmake/rosidl_generator_py_generate_interfaces.cmake:23 (find_package)
[2.219s]   /opt/ros/humble/share/ament_cmake_core/cmake/core/ament_execute_extensions.cmake:48 (include)
[2.219s]   /opt/ros/humble/share/rosidl_cmake/cmake/rosidl_generate_interfaces.cmake:286 (ament_execute_extensions)
[2.219s]   CMakeLists.txt:9 (rosidl_generate_interfaces)
[2.219s] This warning is for project developers.  Use -Wno-dev to suppress it.
[2.219s] [0m
[2.232s] [33mCMake Warning (dev) at /opt/ros/humble/share/python_cmake_module/cmake/Modules/FindPythonExtra.cmake:140 (find_package):
[2.232s]   Policy CMP0148 is not set: The FindPythonInterp and FindPythonLibs modules
[2.232s]   are removed.  Run "cmake --help-policy CMP0148" for policy details.  Use
[2.232s]   the cmake_policy command to set the policy and suppress this warning.
[2.232s] 
[2.232s] Call Stack (most recent call first):
[2.232s]   /opt/ros/humble/share/rosidl_generator_py/cmake/rosidl_generator_py_generate_interfaces.cmake:23 (find_package)
[2.232s]   /opt/ros/humble/share/ament_cmake_core/cmake/core/ament_execute_extensions.cmake:48 (include)
[2.232s]   /opt/ros/humble/share/rosidl_cmake/cmake/rosidl_generate_interfaces.cmake:286 (ament_execute_extensions)
[2.233s]   CMakeLists.txt:9 (rosidl_generate_interfaces)
[2.233s] This warning is for project developers.  Use -Wno-dev to suppress it.
[2.233s] [0m
[2.236s] -- Found PythonLibs: /mnt/data/2026_1/go2_ws/.pixi/envs/default/lib/libpython3.10.so (found suitable version "3.10.20", minimum required is "3.5")
[2.236s] -- Using PYTHON_EXECUTABLE: /mnt/data/2026_1/go2_ws/.pixi/envs/default/bin/python3
[2.237s] -- Using PYTHON_INCLUDE_DIRS: /mnt/data/2026_1/go2_ws/.pixi/envs/default/include/python3.10
[2.237s] -- Using PYTHON_LIBRARIES: /mnt/data/2026_1/go2_ws/.pixi/envs/default/lib/libpython3.10.so
[2.251s] -- Found PythonExtra: .so
[2.422s] -- Using numpy include directory: /home/cjk/.local/lib/python3.10/site-packages/numpy/_core/include
[2.440s] -- Found ament_lint_auto: 0.12.14 (/opt/ros/humble/share/ament_lint_auto/cmake)
[2.451s] -- Configuring done (2.4s)
[2.482s] [33mCMake Warning at /opt/ros/humble/share/rosidl_generator_py/cmake/rosidl_generator_py_generate_interfaces.cmake:166 (add_library):
[2.482s]   Cannot generate a safe runtime search path for target
[2.482s]   champ_msgs__rosidl_generator_py because files in some directories may
[2.483s]   conflict with libraries in implicit directories:
[2.483s] 
[2.483s]     runtime library [libpython3.10.so.1.0] in /usr/lib/x86_64-linux-gnu may be hidden by files in:
[2.483s]       /mnt/data/2026_1/go2_ws/.pixi/envs/default/lib
[2.483s] 
[2.483s]   Some of these libraries may not be found correctly.
[2.483s] Call Stack (most recent call first):
[2.483s]   /opt/ros/humble/share/ament_cmake_core/cmake/core/ament_execute_extensions.cmake:48 (include)
[2.483s]   /opt/ros/humble/share/rosidl_cmake/cmake/rosidl_generate_interfaces.cmake:286 (ament_execute_extensions)
[2.483s]   CMakeLists.txt:9 (rosidl_generate_interfaces)
[2.483s] 
[2.483s] [0m
[2.486s] [33mCMake Warning at /opt/ros/humble/share/rosidl_generator_py/cmake/rosidl_generator_py_generate_interfaces.cmake:226 (add_library):
[2.486s]   Cannot generate a safe runtime search path for target
[2.486s]   champ_msgs__rosidl_typesupport_fastrtps_c__pyext because files in some
[2.486s]   directories may conflict with libraries in implicit directories:
[2.486s] 
[2.486s]     runtime library [libpython3.10.so.1.0] in /usr/lib/x86_64-linux-gnu may be hidden by files in:
[2.486s]       /mnt/data/2026_1/go2_ws/.pixi/envs/default/lib
[2.486s] 
[2.486s]   Some of these libraries may not be found correctly.
[2.486s] Call Stack (most recent call first):
[2.486s]   /opt/ros/humble/share/ament_cmake_core/cmake/core/ament_execute_extensions.cmake:48 (include)
[2.486s]   /opt/ros/humble/share/rosidl_cmake/cmake/rosidl_generate_interfaces.cmake:286 (ament_execute_extensions)
[2.486s]   CMakeLists.txt:9 (rosidl_generate_interfaces)
[2.486s] 
[2.486s] [0m
[2.488s] [33mCMake Warning at /opt/ros/humble/share/rosidl_generator_py/cmake/rosidl_generator_py_generate_interfaces.cmake:226 (add_library):
[2.488s]   Cannot generate a safe runtime search path for target
[2.488s]   champ_msgs__rosidl_typesupport_introspection_c__pyext because files in some
[2.488s]   directories may conflict with libraries in implicit directories:
[2.488s] 
[2.488s]     runtime library [libpython3.10.so.1.0] in /usr/lib/x86_64-linux-gnu may be hidden by files in:
[2.488s]       /mnt/data/2026_1/go2_ws/.pixi/envs/default/lib
[2.489s] 
[2.489s]   Some of these libraries may not be found correctly.
[2.489s] Call Stack (most recent call first):
[2.489s]   /opt/ros/humble/share/ament_cmake_core/cmake/core/ament_execute_extensions.cmake:48 (include)
[2.489s]   /opt/ros/humble/share/rosidl_cmake/cmake/rosidl_generate_interfaces.cmake:286 (ament_execute_extensions)
[2.489s]   CMakeLists.txt:9 (rosidl_generate_interfaces)
[2.489s] 
[2.489s] [0m
[2.491s] [33mCMake Warning at /opt/ros/humble/share/rosidl_generator_py/cmake/rosidl_generator_py_generate_interfaces.cmake:226 (add_library):
[2.491s]   Cannot generate a safe runtime search path for target
[2.491s]   champ_msgs__rosidl_typesupport_c__pyext because files in some directories
[2.491s]   may conflict with libraries in implicit directories:
[2.491s] 
[2.491s]     runtime library [libpython3.10.so.1.0] in /usr/lib/x86_64-linux-gnu may be hidden by files in:
[2.491s]       /mnt/data/2026_1/go2_ws/.pixi/envs/default/lib
[2.491s] 
[2.491s]   Some of these libraries may not be found correctly.
[2.491s] Call Stack (most recent call first):
[2.491s]   /opt/ros/humble/share/ament_cmake_core/cmake/core/ament_execute_extensions.cmake:48 (include)
[2.491s]   /opt/ros/humble/share/rosidl_cmake/cmake/rosidl_generate_interfaces.cmake:286 (ament_execute_extensions)
[2.491s]   CMakeLists.txt:9 (rosidl_generate_interfaces)
[2.491s] 
[2.491s] [0m
[2.499s] -- Generating done (0.0s)
[2.514s] -- Build files have been written to: /mnt/data/2026_1/go2_ws/build/champ_msgs
[2.523s] Invoked command in '/mnt/data/2026_1/go2_ws/build/champ_msgs' returned '0': CMAKE_PREFIX_PATH=${CMAKE_PREFIX_PATH}:/mnt/data/drone_writer_ws/install/drone_writer:/mnt/data/px4_ros_ws/install/drone_control:/opt/ros/humble PIXI_PROMPT=(unitree_go2_ros2) PS1=(unitree_go2_ros2) \[\e]0;\u@\h: \w\a\]${debian_chroot:+($debian_chroot)}\[\033[01;32m\]\u@\h\[\033[00m\]:\[\033[01;34m\]\w\[\033[00m\]\$ /mnt/data/2026_1/go2_ws/.pixi/envs/default/bin/cmake /mnt/data/2026_1/go2_ws/src/unitree_go2_ros2/champ_msgs -DAMENT_CMAKE_SYMLINK_INSTALL=1 -DCMAKE_INSTALL_PREFIX=/mnt/data/2026_1/go2_ws/install/champ_msgs
[2.524s] Invoking command in '/mnt/data/2026_1/go2_ws/build/champ_msgs': CMAKE_PREFIX_PATH=${CMAKE_PREFIX_PATH}:/mnt/data/drone_writer_ws/install/drone_writer:/mnt/data/px4_ros_ws/install/drone_control:/opt/ros/humble PIXI_PROMPT=(unitree_go2_ros2) PS1=(unitree_go2_ros2) \[\e]0;\u@\h: \w\a\]${debian_chroot:+($debian_chroot)}\[\033[01;32m\]\u@\h\[\033[00m\]:\[\033[01;34m\]\w\[\033[00m\]\$ /mnt/data/2026_1/go2_ws/.pixi/envs/default/bin/cmake --build /mnt/data/2026_1/go2_ws/build/champ_msgs -- -j12 -l12
[2.556s] [  1%] [1m[34mGenerating C code for ROS interfaces[0m
[2.565s] [  2%] [1m[34mGenerating C++ code for ROS interfaces[0m
[2.569s] [  2%] Built target ament_cmake_python_symlink_champ_msgs
[2.599s] Traceback (most recent call last):
[2.599s]   File "/opt/ros/humble/share/rosidl_generator_c/cmake/../../../lib/rosidl_generator_c/rosidl_generator_c", line 8, in <module>
[2.599s]     from rosidl_generator_c import generate_c
[2.599s]   File "/opt/ros/humble/local/lib/python3.10/dist-packages/rosidl_generator_c/__init__.py", line 15, in <module>
[2.599s]     from rosidl_cmake import convert_camel_case_to_lower_case_underscore
[2.599s]   File "/opt/ros/humble/local/lib/python3.10/dist-packages/rosidl_cmake/__init__.py", line 24, in <module>
[2.599s]     from rosidl_parser.parser import parse_idl_file
[2.600s]   File "/opt/ros/humble/local/lib/python3.10/dist-packages/rosidl_parser/parser.py", line 20, in <module>
[2.600s]     from lark import Lark
[2.600s] ModuleNotFoundError: No module named 'lark'
[2.605s] gmake[2]: *** [CMakeFiles/champ_msgs__rosidl_generator_c.dir/build.make:159: rosidl_generator_c/champ_msgs/msg/velocities.h] Error 1
[2.606s] gmake[1]: *** [CMakeFiles/Makefile2:257: CMakeFiles/champ_msgs__rosidl_generator_c.dir/all] Error 2
[2.606s] gmake[1]: *** Waiting for unfinished jobs....
[2.607s] Traceback (most recent call last):
[2.607s]   File "/opt/ros/humble/share/rosidl_generator_cpp/cmake/../../../lib/rosidl_generator_cpp/rosidl_generator_cpp", line 8, in <module>
[2.607s]     from rosidl_generator_cpp import generate_cpp
[2.607s]   File "/opt/ros/humble/local/lib/python3.10/dist-packages/rosidl_generator_cpp/__init__.py", line 17, in <module>
[2.607s]     from rosidl_cmake import generate_files
[2.607s]   File "/opt/ros/humble/local/lib/python3.10/dist-packages/rosidl_cmake/__init__.py", line 24, in <module>
[2.607s]     from rosidl_parser.parser import parse_idl_file
[2.607s]   File "/opt/ros/humble/local/lib/python3.10/dist-packages/rosidl_parser/parser.py", line 20, in <module>
[2.607s]     from lark import Lark
[2.607s] ModuleNotFoundError: No module named 'lark'
[2.613s] gmake[2]: *** [CMakeFiles/champ_msgs__cpp.dir/build.make:205: rosidl_generator_cpp/champ_msgs/msg/velocities.hpp] Error 1
[2.613s] gmake[1]: *** [CMakeFiles/Makefile2:386: CMakeFiles/champ_msgs__cpp.dir/all] Error 2
[2.759s] running egg_info
[2.759s] creating champ_msgs.egg-info
[2.759s] writing champ_msgs.egg-info/PKG-INFO
[2.760s] writing dependency_links to champ_msgs.egg-info/dependency_links.txt
[2.760s] writing top-level names to champ_msgs.egg-info/top_level.txt
[2.760s] writing manifest file 'champ_msgs.egg-info/SOURCES.txt'
[2.769s] reading manifest file 'champ_msgs.egg-info/SOURCES.txt'
[2.770s] writing manifest file 'champ_msgs.egg-info/SOURCES.txt'
[2.791s] [  2%] Built target ament_cmake_python_build_champ_msgs_egg
[2.792s] gmake: *** [Makefile:146: all] Error 2
[2.794s] Invoked command in '/mnt/data/2026_1/go2_ws/build/champ_msgs' returned '2': CMAKE_PREFIX_PATH=${CMAKE_PREFIX_PATH}:/mnt/data/drone_writer_ws/install/drone_writer:/mnt/data/px4_ros_ws/install/drone_control:/opt/ros/humble PIXI_PROMPT=(unitree_go2_ros2) PS1=(unitree_go2_ros2) \[\e]0;\u@\h: \w\a\]${debian_chroot:+($debian_chroot)}\[\033[01;32m\]\u@\h\[\033[00m\]:\[\033[01;34m\]\w\[\033[00m\]\$ /mnt/data/2026_1/go2_ws/.pixi/envs/default/bin/cmake --build /mnt/data/2026_1/go2_ws/build/champ_msgs -- -j12 -l12
