[0.030s] Invoking command in '/mnt/data/2026_1/go2_ws/build/champ': CMAKE_PREFIX_PATH=${CMAKE_PREFIX_PATH}:/mnt/data/drone_writer_ws/install/drone_writer:/mnt/data/px4_ros_ws/install/drone_control:/opt/ros/humble PIXI_PROMPT=(unitree_go2_ros2) PS1=(unitree_go2_ros2) \[\e]0;\u@\h: \w\a\]${debian_chroot:+($debian_chroot)}\[\033[01;32m\]\u@\h\[\033[00m\]:\[\033[01;34m\]\w\[\033[00m\]\$ /mnt/data/2026_1/go2_ws/.pixi/envs/default/bin/cmake /mnt/data/2026_1/go2_ws/src/unitree_go2_ros2/champ -DAMENT_CMAKE_SYMLINK_INSTALL=1 -DCMAKE_INSTALL_PREFIX=/mnt/data/2026_1/go2_ws/install/champ
[0.039s] [0mCMake Deprecation Warning at CMakeLists.txt:2 (cmake_minimum_required):
[0.039s]   Compatibility with CMake < 3.10 will be removed from a future version of
[0.039s]   CMake.
[0.039s] 
[0.039s]   Update the VERSION argument <min> value.  Or, use the <min>...<max> syntax
[0.039s]   to tell CMake that the project requires at least <min> but has been updated
[0.039s]   to work with policies introduced by <max> or earlier.
[0.039s] 
[0.039s] [0m
[0.141s] -- The C compiler identification is GNU 11.4.0
[0.256s] -- The CXX compiler identification is GNU 11.4.0
[0.264s] -- Detecting C compiler ABI info
[0.337s] -- Detecting C compiler ABI info - done
[0.350s] -- Check for working C compiler: /usr/bin/cc - skipped
[0.351s] -- Detecting C compile features
[0.351s] -- Detecting C compile features - done
[0.362s] -- Detecting CXX compiler ABI info
[0.447s] -- Detecting CXX compiler ABI info - done
[0.460s] -- Check for working CXX compiler: /usr/bin/c++ - skipped
[0.460s] -- Detecting CXX compile features
[0.461s] -- Detecting CXX compile features - done
[0.477s] -- Found ament_cmake: 1.3.12 (/opt/ros/humble/share/ament_cmake/cmake)
[0.593s] -- Found Python3: /mnt/data/2026_1/go2_ws/.pixi/envs/default/bin/python3 (found version "3.10.20") found components: Interpreter
[0.665s] -- Override CMake install command with custom implementation using symlinks instead of copying resources
[0.728s] -- Found rclcpp: 16.0.14 (/opt/ros/humble/share/rclcpp/cmake)
[0.802s] -- Found rosidl_generator_c: 3.1.7 (/opt/ros/humble/share/rosidl_generator_c/cmake)
[0.810s] -- Found rosidl_adapter: 3.1.7 (/opt/ros/humble/share/rosidl_adapter/cmake)
[0.824s] -- Found rosidl_generator_cpp: 3.1.7 (/opt/ros/humble/share/rosidl_generator_cpp/cmake)
[0.841s] -- Using all available rosidl_typesupport_c: rosidl_typesupport_fastrtps_c;rosidl_typesupport_introspection_c
[0.862s] -- Using all available rosidl_typesupport_cpp: rosidl_typesupport_fastrtps_cpp;rosidl_typesupport_introspection_cpp
[0.941s] -- Found rmw_implementation_cmake: 6.1.2 (/opt/ros/humble/share/rmw_implementation_cmake/cmake)
[0.947s] -- Found rmw_fastrtps_cpp: 6.2.8 (/opt/ros/humble/share/rmw_fastrtps_cpp/cmake)
[1.329s] -- Found OpenSSL: /mnt/data/2026_1/go2_ws/.pixi/envs/default/lib/libcrypto.so (found version "3.6.2")
[1.382s] -- Found FastRTPS: /opt/ros/humble/include
[1.462s] -- Using RMW implementation 'rmw_fastrtps_cpp' as default
[1.479s] -- Performing Test CMAKE_HAVE_LIBC_PTHREAD
[1.555s] -- Performing Test CMAKE_HAVE_LIBC_PTHREAD - Success
[1.556s] -- Found Threads: TRUE
[1.632s] -- Found ament_lint_auto: 0.12.14 (/opt/ros/humble/share/ament_lint_auto/cmake)
[1.715s] -- Configuring done (1.7s)
[1.722s] -- Generating done (0.0s)
[1.742s] -- Build files have been written to: /mnt/data/2026_1/go2_ws/build/champ
[1.752s] Invoked command in '/mnt/data/2026_1/go2_ws/build/champ' returned '0': CMAKE_PREFIX_PATH=${CMAKE_PREFIX_PATH}:/mnt/data/drone_writer_ws/install/drone_writer:/mnt/data/px4_ros_ws/install/drone_control:/opt/ros/humble PIXI_PROMPT=(unitree_go2_ros2) PS1=(unitree_go2_ros2) \[\e]0;\u@\h: \w\a\]${debian_chroot:+($debian_chroot)}\[\033[01;32m\]\u@\h\[\033[00m\]:\[\033[01;34m\]\w\[\033[00m\]\$ /mnt/data/2026_1/go2_ws/.pixi/envs/default/bin/cmake /mnt/data/2026_1/go2_ws/src/unitree_go2_ros2/champ -DAMENT_CMAKE_SYMLINK_INSTALL=1 -DCMAKE_INSTALL_PREFIX=/mnt/data/2026_1/go2_ws/install/champ
[1.754s] Invoking command in '/mnt/data/2026_1/go2_ws/build/champ': CMAKE_PREFIX_PATH=${CMAKE_PREFIX_PATH}:/mnt/data/drone_writer_ws/install/drone_writer:/mnt/data/px4_ros_ws/install/drone_control:/opt/ros/humble PIXI_PROMPT=(unitree_go2_ros2) PS1=(unitree_go2_ros2) \[\e]0;\u@\h: \w\a\]${debian_chroot:+($debian_chroot)}\[\033[01;32m\]\u@\h\[\033[00m\]:\[\033[01;34m\]\w\[\033[00m\]\$ /mnt/data/2026_1/go2_ws/.pixi/envs/default/bin/cmake --build /mnt/data/2026_1/go2_ws/build/champ -- -j12 -l12
[1.783s] Invoked command in '/mnt/data/2026_1/go2_ws/build/champ' returned '0': CMAKE_PREFIX_PATH=${CMAKE_PREFIX_PATH}:/mnt/data/drone_writer_ws/install/drone_writer:/mnt/data/px4_ros_ws/install/drone_control:/opt/ros/humble PIXI_PROMPT=(unitree_go2_ros2) PS1=(unitree_go2_ros2) \[\e]0;\u@\h: \w\a\]${debian_chroot:+($debian_chroot)}\[\033[01;32m\]\u@\h\[\033[00m\]:\[\033[01;34m\]\w\[\033[00m\]\$ /mnt/data/2026_1/go2_ws/.pixi/envs/default/bin/cmake --build /mnt/data/2026_1/go2_ws/build/champ -- -j12 -l12
[1.784s] Invoking command in '/mnt/data/2026_1/go2_ws/build/champ': CMAKE_PREFIX_PATH=${CMAKE_PREFIX_PATH}:/mnt/data/drone_writer_ws/install/drone_writer:/mnt/data/px4_ros_ws/install/drone_control:/opt/ros/humble PIXI_PROMPT=(unitree_go2_ros2) PS1=(unitree_go2_ros2) \[\e]0;\u@\h: \w\a\]${debian_chroot:+($debian_chroot)}\[\033[01;32m\]\u@\h\[\033[00m\]:\[\033[01;34m\]\w\[\033[00m\]\$ /mnt/data/2026_1/go2_ws/.pixi/envs/default/bin/cmake --install /mnt/data/2026_1/go2_ws/build/champ
[1.790s] -- Install configuration: ""
[1.790s] -- Execute custom install script
[1.791s] -- Symlinking: /mnt/data/2026_1/go2_ws/install/champ/include/champ/LICENSE
[1.797s] -- Symlinking: /mnt/data/2026_1/go2_ws/install/champ/include/champ/README.md
[1.802s] -- Symlinking: /mnt/data/2026_1/go2_ws/install/champ/include/champ/bla/basic_linear_algebra.h
[1.808s] -- Symlinking: /mnt/data/2026_1/go2_ws/install/champ/include/champ/bla/memory_delegate.h
[1.814s] -- Symlinking: /mnt/data/2026_1/go2_ws/install/champ/include/champ/body_controller/body_controller.h
[1.820s] -- Symlinking: /mnt/data/2026_1/go2_ws/install/champ/include/champ/geometry/geometry.h
[1.826s] -- Symlinking: /mnt/data/2026_1/go2_ws/install/champ/include/champ/kinematics/kinematics.h
[1.832s] -- Symlinking: /mnt/data/2026_1/go2_ws/install/champ/include/champ/leg_controller/leg_controller.h
[1.838s] -- Symlinking: /mnt/data/2026_1/go2_ws/install/champ/include/champ/leg_controller/phase_generator.h
[1.844s] -- Symlinking: /mnt/data/2026_1/go2_ws/install/champ/include/champ/leg_controller/trajectory_planner.h
[1.850s] -- Symlinking: /mnt/data/2026_1/go2_ws/install/champ/include/champ/macros/macros.h
[1.856s] -- Symlinking: /mnt/data/2026_1/go2_ws/install/champ/include/champ/odometry/odometry.h
[1.862s] -- Symlinking: /mnt/data/2026_1/go2_ws/install/champ/include/champ/quadruped_base/quadruped_base.h
[1.868s] -- Symlinking: /mnt/data/2026_1/go2_ws/install/champ/include/champ/quadruped_base/quadruped_components.h
[1.874s] -- Symlinking: /mnt/data/2026_1/go2_ws/install/champ/include/champ/quadruped_base/quadruped_joint.h
[1.880s] -- Symlinking: /mnt/data/2026_1/go2_ws/install/champ/include/champ/quadruped_base/quadruped_leg.h
[1.886s] -- Symlinking: /mnt/data/2026_1/go2_ws/install/champ/include/champ/utils/urdf_loader.h
[1.892s] -- Symlinking: /mnt/data/2026_1/go2_ws/install/champ/include/champ/utils/xmlrpc_helpers.h
[1.898s] -- Symlinking: /mnt/data/2026_1/go2_ws/install/champ/share/ament_index/resource_index/package_run_dependencies/champ
[1.904s] -- Symlinking: /mnt/data/2026_1/go2_ws/install/champ/share/ament_index/resource_index/parent_prefix_path/champ
[1.910s] -- Symlinking: /mnt/data/2026_1/go2_ws/install/champ/share/champ/environment/ament_prefix_path.sh
[1.916s] -- Symlinking: /mnt/data/2026_1/go2_ws/install/champ/share/champ/environment/ament_prefix_path.dsv
[1.923s] -- Symlinking: /mnt/data/2026_1/go2_ws/install/champ/share/champ/environment/path.sh
[1.928s] -- Symlinking: /mnt/data/2026_1/go2_ws/install/champ/share/champ/environment/path.dsv
[1.934s] -- Symlinking: /mnt/data/2026_1/go2_ws/install/champ/share/champ/local_setup.bash
[1.941s] -- Symlinking: /mnt/data/2026_1/go2_ws/install/champ/share/champ/local_setup.sh
[1.946s] -- Symlinking: /mnt/data/2026_1/go2_ws/install/champ/share/champ/local_setup.zsh
[1.953s] -- Symlinking: /mnt/data/2026_1/go2_ws/install/champ/share/champ/local_setup.dsv
[1.959s] -- Symlinking: /mnt/data/2026_1/go2_ws/install/champ/share/champ/package.dsv
[1.965s] -- Symlinking: /mnt/data/2026_1/go2_ws/install/champ/share/ament_index/resource_index/packages/champ
[1.972s] -- Symlinking: /mnt/data/2026_1/go2_ws/install/champ/share/champ/cmake/ament_cmake_export_include_directories-extras.cmake
[1.978s] -- Symlinking: /mnt/data/2026_1/go2_ws/install/champ/share/champ/cmake/champConfig.cmake
[1.984s] -- Symlinking: /mnt/data/2026_1/go2_ws/install/champ/share/champ/cmake/champConfig-version.cmake
[1.990s] -- Symlinking: /mnt/data/2026_1/go2_ws/install/champ/share/champ/package.xml
[1.998s] Invoked command in '/mnt/data/2026_1/go2_ws/build/champ' returned '0': CMAKE_PREFIX_PATH=${CMAKE_PREFIX_PATH}:/mnt/data/drone_writer_ws/install/drone_writer:/mnt/data/px4_ros_ws/install/drone_control:/opt/ros/humble PIXI_PROMPT=(unitree_go2_ros2) PS1=(unitree_go2_ros2) \[\e]0;\u@\h: \w\a\]${debian_chroot:+($debian_chroot)}\[\033[01;32m\]\u@\h\[\033[00m\]:\[\033[01;34m\]\w\[\033[00m\]\$ /mnt/data/2026_1/go2_ws/.pixi/envs/default/bin/cmake --install /mnt/data/2026_1/go2_ws/build/champ
