[0.125s] [34mcolcon[0m [1;30mDEBUG[0m [32mCommand line arguments: ['/mnt/data/2026_1/go2_ws/.pixi/envs/default/bin/colcon', 'build', '--packages-select', 'unitree_go2_description', 'unitree_go2_sim', '--symlink-install'][0m
[0.131s] [34mcolcon[0m [1;30mDEBUG[0m [32mParsed command line arguments: Namespace(log_base=None, log_level=None, verb_name='build', build_base='build', install_base='install', merge_install=False, symlink_install=True, test_result_base=None, continue_on_error=False, executor='parallel', parallel_workers=12, event_handlers=None, ignore_user_meta=False, metas=['./colcon.meta'], base_paths=['.'], packages_ignore=None, packages_ignore_regex=None, paths=None, packages_up_to=None, packages_up_to_regex=None, packages_above=None, packages_above_and_dependencies=None, packages_above_depth=None, packages_select_by_dep=None, packages_skip_by_dep=None, packages_skip_up_to=None, packages_select_build_failed=False, packages_skip_build_finished=False, packages_select_test_failures=False, packages_skip_test_passed=False, packages_select=['unitree_go2_description', 'unitree_go2_sim'], packages_skip=None, packages_select_regex=None, packages_skip_regex=None, packages_start=None, packages_end=None, cmake_args=None, cmake_target=None, cmake_target_skip_unavailable=False, cmake_clean_cache=False, cmake_clean_first=False, cmake_force_configure=False, ament_cmake_args=None, catkin_cmake_args=None, catkin_skip_building_tests=False, verb_parser=<colcon_defaults.argument_parser.defaults.DefaultArgumentsDecorator object at 0x789ea5420580>, verb_extension=<colcon_core.verb.build.BuildVerb object at 0x789ea55e7bb0>, main=<bound method BuildVerb.main of <colcon_core.verb.build.BuildVerb object at 0x789ea55e7bb0>>)[0m
[0.247s] [34mcolcon.colcon_core.package_discovery[0m [1;30mLevel 1[0m discover_packages(colcon_meta) check parameters
[0.247s] [34mcolcon.colcon_core.package_discovery[0m [1;30mLevel 1[0m discover_packages(recursive) check parameters
[0.247s] [34mcolcon.colcon_core.package_discovery[0m [1;30mLevel 1[0m discover_packages(ignore) check parameters
[0.248s] [34mcolcon.colcon_core.package_discovery[0m [1;30mLevel 1[0m discover_packages(path) check parameters
[0.248s] [34mcolcon.colcon_core.package_discovery[0m [1;30mLevel 1[0m discover_packages(colcon_meta) discover
[0.248s] [34mcolcon.colcon_core.package_discovery[0m [1;30mLevel 1[0m discover_packages(recursive) discover
[0.248s] [34mcolcon.colcon_core.package_discovery[0m [1;30mINFO[0m Crawling recursively for packages in '/mnt/data/2026_1/go2_ws'
[0.248s] [34mcolcon.colcon_core.package_identification[0m [1;30mLevel 1[0m _identify(.) by extensions ['ignore', 'ignore_ament_install']
[0.248s] [34mcolcon.colcon_core.package_identification[0m [1;30mLevel 1[0m _identify(.) by extension 'ignore'
[0.248s] [34mcolcon.colcon_core.package_identification[0m [1;30mLevel 1[0m _identify(.) by extension 'ignore_ament_install'
[0.248s] [34mcolcon.colcon_core.package_identification[0m [1;30mLevel 1[0m _identify(.) by extensions ['colcon_pkg']
[0.248s] [34mcolcon.colcon_core.package_identification[0m [1;30mLevel 1[0m _identify(.) by extension 'colcon_pkg'
[0.248s] [34mcolcon.colcon_core.package_identification[0m [1;30mLevel 1[0m _identify(.) by extensions ['colcon_meta']
[0.248s] [34mcolcon.colcon_core.package_identification[0m [1;30mLevel 1[0m _identify(.) by extension 'colcon_meta'
[0.248s] [34mcolcon.colcon_core.package_identification[0m [1;30mLevel 1[0m _identify(.) by extensions ['ros']
[0.248s] [34mcolcon.colcon_core.package_identification[0m [1;30mLevel 1[0m _identify(.) by extension 'ros'
[0.271s] [34mcolcon.colcon_core.package_identification[0m [1;30mLevel 1[0m _identify(.) by extensions ['cmake', 'python']
[0.271s] [34mcolcon.colcon_core.package_identification[0m [1;30mLevel 1[0m _identify(.) by extension 'cmake'
[0.271s] [34mcolcon.colcon_core.package_identification[0m [1;30mLevel 1[0m _identify(.) by extension 'python'
[0.271s] [34mcolcon.colcon_core.package_identification[0m [1;30mLevel 1[0m _identify(.) by extensions ['python_setup_py']
[0.271s] [34mcolcon.colcon_core.package_identification[0m [1;30mLevel 1[0m _identify(.) by extension 'python_setup_py'
[0.271s] [34mcolcon.colcon_core.package_identification[0m [1;30mLevel 1[0m _identify(build) by extensions ['ignore', 'ignore_ament_install']
[0.271s] [34mcolcon.colcon_core.package_identification[0m [1;30mLevel 1[0m _identify(build) by extension 'ignore'
[0.271s] [34mcolcon.colcon_core.package_identification[0m [1;30mLevel 1[0m _identify(build) ignored
[0.271s] [34mcolcon.colcon_core.package_identification[0m [1;30mLevel 1[0m _identify(install) by extensions ['ignore', 'ignore_ament_install']
[0.271s] [34mcolcon.colcon_core.package_identification[0m [1;30mLevel 1[0m _identify(install) by extension 'ignore'
[0.271s] [34mcolcon.colcon_core.package_identification[0m [1;30mLevel 1[0m _identify(install) ignored
[0.271s] [34mcolcon.colcon_core.package_identification[0m [1;30mLevel 1[0m _identify(log) by extensions ['ignore', 'ignore_ament_install']
[0.272s] [34mcolcon.colcon_core.package_identification[0m [1;30mLevel 1[0m _identify(log) by extension 'ignore'
[0.272s] [34mcolcon.colcon_core.package_identification[0m [1;30mLevel 1[0m _identify(log) ignored
[0.272s] [34mcolcon.colcon_core.package_identification[0m [1;30mLevel 1[0m _identify(src) by extensions ['ignore', 'ignore_ament_install']
[0.272s] [34mcolcon.colcon_core.package_identification[0m [1;30mLevel 1[0m _identify(src) by extension 'ignore'
[0.272s] [34mcolcon.colcon_core.package_identification[0m [1;30mLevel 1[0m _identify(src) by extension 'ignore_ament_install'
[0.272s] [34mcolcon.colcon_core.package_identification[0m [1;30mLevel 1[0m _identify(src) by extensions ['colcon_pkg']
[0.272s] [34mcolcon.colcon_core.package_identification[0m [1;30mLevel 1[0m _identify(src) by extension 'colcon_pkg'
[0.272s] [34mcolcon.colcon_core.package_identification[0m [1;30mLevel 1[0m _identify(src) by extensions ['colcon_meta']
[0.272s] [34mcolcon.colcon_core.package_identification[0m [1;30mLevel 1[0m _identify(src) by extension 'colcon_meta'
[0.272s] [34mcolcon.colcon_core.package_identification[0m [1;30mLevel 1[0m _identify(src) by extensions ['ros']
[0.272s] [34mcolcon.colcon_core.package_identification[0m [1;30mLevel 1[0m _identify(src) by extension 'ros'
[0.272s] [34mcolcon.colcon_core.package_identification[0m [1;30mLevel 1[0m _identify(src) by extensions ['cmake', 'python']
[0.272s] [34mcolcon.colcon_core.package_identification[0m [1;30mLevel 1[0m _identify(src) by extension 'cmake'
[0.272s] [34mcolcon.colcon_core.package_identification[0m [1;30mLevel 1[0m _identify(src) by extension 'python'
[0.272s] [34mcolcon.colcon_core.package_identification[0m [1;30mLevel 1[0m _identify(src) by extensions ['python_setup_py']
[0.272s] [34mcolcon.colcon_core.package_identification[0m [1;30mLevel 1[0m _identify(src) by extension 'python_setup_py'
[0.272s] [34mcolcon.colcon_core.package_identification[0m [1;30mLevel 1[0m _identify(src/unitree_go2_ros2) by extensions ['ignore', 'ignore_ament_install']
[0.272s] [34mcolcon.colcon_core.package_identification[0m [1;30mLevel 1[0m _identify(src/unitree_go2_ros2) by extension 'ignore'
[0.272s] [34mcolcon.colcon_core.package_identification[0m [1;30mLevel 1[0m _identify(src/unitree_go2_ros2) by extension 'ignore_ament_install'
[0.272s] [34mcolcon.colcon_core.package_identification[0m [1;30mLevel 1[0m _identify(src/unitree_go2_ros2) by extensions ['colcon_pkg']
[0.272s] [34mcolcon.colcon_core.package_identification[0m [1;30mLevel 1[0m _identify(src/unitree_go2_ros2) by extension 'colcon_pkg'
[0.273s] [34mcolcon.colcon_core.package_identification[0m [1;30mLevel 1[0m _identify(src/unitree_go2_ros2) by extensions ['colcon_meta']
[0.273s] [34mcolcon.colcon_core.package_identification[0m [1;30mLevel 1[0m _identify(src/unitree_go2_ros2) by extension 'colcon_meta'
[0.273s] [34mcolcon.colcon_core.package_identification[0m [1;30mLevel 1[0m _identify(src/unitree_go2_ros2) by extensions ['ros']
[0.273s] [34mcolcon.colcon_core.package_identification[0m [1;30mLevel 1[0m _identify(src/unitree_go2_ros2) by extension 'ros'
[0.273s] [34mcolcon.colcon_core.package_identification[0m [1;30mLevel 1[0m _identify(src/unitree_go2_ros2) by extensions ['cmake', 'python']
[0.273s] [34mcolcon.colcon_core.package_identification[0m [1;30mLevel 1[0m _identify(src/unitree_go2_ros2) by extension 'cmake'
[0.273s] [34mcolcon.colcon_core.package_identification[0m [1;30mLevel 1[0m _identify(src/unitree_go2_ros2) by extension 'python'
[0.273s] [34mcolcon.colcon_core.package_identification[0m [1;30mLevel 1[0m _identify(src/unitree_go2_ros2) by extensions ['python_setup_py']
[0.273s] [34mcolcon.colcon_core.package_identification[0m [1;30mLevel 1[0m _identify(src/unitree_go2_ros2) by extension 'python_setup_py'
[0.273s] [34mcolcon.colcon_core.package_identification[0m [1;30mLevel 1[0m _identify(src/unitree_go2_ros2/champ) by extensions ['ignore', 'ignore_ament_install']
[0.273s] [34mcolcon.colcon_core.package_identification[0m [1;30mLevel 1[0m _identify(src/unitree_go2_ros2/champ) by extension 'ignore'
[0.273s] [34mcolcon.colcon_core.package_identification[0m [1;30mLevel 1[0m _identify(src/unitree_go2_ros2/champ) by extension 'ignore_ament_install'
[0.273s] [34mcolcon.colcon_core.package_identification[0m [1;30mLevel 1[0m _identify(src/unitree_go2_ros2/champ) by extensions ['colcon_pkg']
[0.273s] [34mcolcon.colcon_core.package_identification[0m [1;30mLevel 1[0m _identify(src/unitree_go2_ros2/champ) by extension 'colcon_pkg'
[0.273s] [34mcolcon.colcon_core.package_identification[0m [1;30mLevel 1[0m _identify(src/unitree_go2_ros2/champ) by extensions ['colcon_meta']
[0.273s] [34mcolcon.colcon_core.package_identification[0m [1;30mLevel 1[0m _identify(src/unitree_go2_ros2/champ) by extension 'colcon_meta'
[0.273s] [34mcolcon.colcon_core.package_identification[0m [1;30mLevel 1[0m _identify(src/unitree_go2_ros2/champ) by extensions ['ros']
[0.273s] [34mcolcon.colcon_core.package_identification[0m [1;30mLevel 1[0m _identify(src/unitree_go2_ros2/champ) by extension 'ros'
[0.275s] [34mcolcon.colcon_core.package_identification[0m [1;30mDEBUG[0m [32mPackage 'src/unitree_go2_ros2/champ' with type 'ros.ament_cmake' and name 'champ'[0m
[0.275s] [34mcolcon.colcon_core.package_identification[0m [1;30mLevel 1[0m _identify(src/unitree_go2_ros2/champ_base) by extensions ['ignore', 'ignore_ament_install']
[0.275s] [34mcolcon.colcon_core.package_identification[0m [1;30mLevel 1[0m _identify(src/unitree_go2_ros2/champ_base) by extension 'ignore'
[0.275s] [34mcolcon.colcon_core.package_identification[0m [1;30mLevel 1[0m _identify(src/unitree_go2_ros2/champ_base) by extension 'ignore_ament_install'
[0.275s] [34mcolcon.colcon_core.package_identification[0m [1;30mLevel 1[0m _identify(src/unitree_go2_ros2/champ_base) by extensions ['colcon_pkg']
[0.276s] [34mcolcon.colcon_core.package_identification[0m [1;30mLevel 1[0m _identify(src/unitree_go2_ros2/champ_base) by extension 'colcon_pkg'
[0.276s] [34mcolcon.colcon_core.package_identification[0m [1;30mLevel 1[0m _identify(src/unitree_go2_ros2/champ_base) by extensions ['colcon_meta']
[0.276s] [34mcolcon.colcon_core.package_identification[0m [1;30mLevel 1[0m _identify(src/unitree_go2_ros2/champ_base) by extension 'colcon_meta'
[0.276s] [34mcolcon.colcon_core.package_identification[0m [1;30mLevel 1[0m _identify(src/unitree_go2_ros2/champ_base) by extensions ['ros']
[0.276s] [34mcolcon.colcon_core.package_identification[0m [1;30mLevel 1[0m _identify(src/unitree_go2_ros2/champ_base) by extension 'ros'
[0.277s] [34mcolcon.colcon_core.package_identification[0m [1;30mDEBUG[0m [32mPackage 'src/unitree_go2_ros2/champ_base' with type 'ros.ament_cmake' and name 'champ_base'[0m
[0.277s] [34mcolcon.colcon_core.package_identification[0m [1;30mLevel 1[0m _identify(src/unitree_go2_ros2/champ_msgs) by extensions ['ignore', 'ignore_ament_install']
[0.277s] [34mcolcon.colcon_core.package_identification[0m [1;30mLevel 1[0m _identify(src/unitree_go2_ros2/champ_msgs) by extension 'ignore'
[0.277s] [34mcolcon.colcon_core.package_identification[0m [1;30mLevel 1[0m _identify(src/unitree_go2_ros2/champ_msgs) by extension 'ignore_ament_install'
[0.277s] [34mcolcon.colcon_core.package_identification[0m [1;30mLevel 1[0m _identify(src/unitree_go2_ros2/champ_msgs) by extensions ['colcon_pkg']
[0.277s] [34mcolcon.colcon_core.package_identification[0m [1;30mLevel 1[0m _identify(src/unitree_go2_ros2/champ_msgs) by extension 'colcon_pkg'
[0.277s] [34mcolcon.colcon_core.package_identification[0m [1;30mLevel 1[0m _identify(src/unitree_go2_ros2/champ_msgs) by extensions ['colcon_meta']
[0.277s] [34mcolcon.colcon_core.package_identification[0m [1;30mLevel 1[0m _identify(src/unitree_go2_ros2/champ_msgs) by extension 'colcon_meta'
[0.277s] [34mcolcon.colcon_core.package_identification[0m [1;30mLevel 1[0m _identify(src/unitree_go2_ros2/champ_msgs) by extensions ['ros']
[0.277s] [34mcolcon.colcon_core.package_identification[0m [1;30mLevel 1[0m _identify(src/unitree_go2_ros2/champ_msgs) by extension 'ros'
[0.278s] [34mcolcon.colcon_core.package_identification[0m [1;30mDEBUG[0m [32mPackage 'src/unitree_go2_ros2/champ_msgs' with type 'ros.ament_cmake' and name 'champ_msgs'[0m
[0.278s] [34mcolcon.colcon_core.package_identification[0m [1;30mLevel 1[0m _identify(src/unitree_go2_ros2/docs) by extensions ['ignore', 'ignore_ament_install']
[0.278s] [34mcolcon.colcon_core.package_identification[0m [1;30mLevel 1[0m _identify(src/unitree_go2_ros2/docs) by extension 'ignore'
[0.278s] [34mcolcon.colcon_core.package_identification[0m [1;30mLevel 1[0m _identify(src/unitree_go2_ros2/docs) by extension 'ignore_ament_install'
[0.278s] [34mcolcon.colcon_core.package_identification[0m [1;30mLevel 1[0m _identify(src/unitree_go2_ros2/docs) by extensions ['colcon_pkg']
[0.278s] [34mcolcon.colcon_core.package_identification[0m [1;30mLevel 1[0m _identify(src/unitree_go2_ros2/docs) by extension 'colcon_pkg'
[0.278s] [34mcolcon.colcon_core.package_identification[0m [1;30mLevel 1[0m _identify(src/unitree_go2_ros2/docs) by extensions ['colcon_meta']
[0.278s] [34mcolcon.colcon_core.package_identification[0m [1;30mLevel 1[0m _identify(src/unitree_go2_ros2/docs) by extension 'colcon_meta'
[0.278s] [34mcolcon.colcon_core.package_identification[0m [1;30mLevel 1[0m _identify(src/unitree_go2_ros2/docs) by extensions ['ros']
[0.278s] [34mcolcon.colcon_core.package_identification[0m [1;30mLevel 1[0m _identify(src/unitree_go2_ros2/docs) by extension 'ros'
[0.278s] [34mcolcon.colcon_core.package_identification[0m [1;30mLevel 1[0m _identify(src/unitree_go2_ros2/docs) by extensions ['cmake', 'python']
[0.278s] [34mcolcon.colcon_core.package_identification[0m [1;30mLevel 1[0m _identify(src/unitree_go2_ros2/docs) by extension 'cmake'
[0.279s] [34mcolcon.colcon_core.package_identification[0m [1;30mLevel 1[0m _identify(src/unitree_go2_ros2/docs) by extension 'python'
[0.279s] [34mcolcon.colcon_core.package_identification[0m [1;30mLevel 1[0m _identify(src/unitree_go2_ros2/docs) by extensions ['python_setup_py']
[0.279s] [34mcolcon.colcon_core.package_identification[0m [1;30mLevel 1[0m _identify(src/unitree_go2_ros2/docs) by extension 'python_setup_py'
[0.279s] [34mcolcon.colcon_core.package_identification[0m [1;30mLevel 1[0m _identify(src/unitree_go2_ros2/unitree_go2_description) by extensions ['ignore', 'ignore_ament_install']
[0.279s] [34mcolcon.colcon_core.package_identification[0m [1;30mLevel 1[0m _identify(src/unitree_go2_ros2/unitree_go2_description) by extension 'ignore'
[0.279s] [34mcolcon.colcon_core.package_identification[0m [1;30mLevel 1[0m _identify(src/unitree_go2_ros2/unitree_go2_description) by extension 'ignore_ament_install'
[0.279s] [34mcolcon.colcon_core.package_identification[0m [1;30mLevel 1[0m _identify(src/unitree_go2_ros2/unitree_go2_description) by extensions ['colcon_pkg']
[0.279s] [34mcolcon.colcon_core.package_identification[0m [1;30mLevel 1[0m _identify(src/unitree_go2_ros2/unitree_go2_description) by extension 'colcon_pkg'
[0.279s] [34mcolcon.colcon_core.package_identification[0m [1;30mLevel 1[0m _identify(src/unitree_go2_ros2/unitree_go2_description) by extensions ['colcon_meta']
[0.279s] [34mcolcon.colcon_core.package_identification[0m [1;30mLevel 1[0m _identify(src/unitree_go2_ros2/unitree_go2_description) by extension 'colcon_meta'
[0.279s] [34mcolcon.colcon_core.package_identification[0m [1;30mLevel 1[0m _identify(src/unitree_go2_ros2/unitree_go2_description) by extensions ['ros']
[0.279s] [34mcolcon.colcon_core.package_identification[0m [1;30mLevel 1[0m _identify(src/unitree_go2_ros2/unitree_go2_description) by extension 'ros'
[0.279s] [34mcolcon.colcon_core.package_identification[0m [1;30mDEBUG[0m [32mPackage 'src/unitree_go2_ros2/unitree_go2_description' with type 'ros.ament_cmake' and name 'unitree_go2_description'[0m
[0.280s] [34mcolcon.colcon_core.package_identification[0m [1;30mLevel 1[0m _identify(src/unitree_go2_ros2/unitree_go2_sim) by extensions ['ignore', 'ignore_ament_install']
[0.280s] [34mcolcon.colcon_core.package_identification[0m [1;30mLevel 1[0m _identify(src/unitree_go2_ros2/unitree_go2_sim) by extension 'ignore'
[0.280s] [34mcolcon.colcon_core.package_identification[0m [1;30mLevel 1[0m _identify(src/unitree_go2_ros2/unitree_go2_sim) by extension 'ignore_ament_install'
[0.280s] [34mcolcon.colcon_core.package_identification[0m [1;30mLevel 1[0m _identify(src/unitree_go2_ros2/unitree_go2_sim) by extensions ['colcon_pkg']
[0.280s] [34mcolcon.colcon_core.package_identification[0m [1;30mLevel 1[0m _identify(src/unitree_go2_ros2/unitree_go2_sim) by extension 'colcon_pkg'
[0.280s] [34mcolcon.colcon_core.package_identification[0m [1;30mLevel 1[0m _identify(src/unitree_go2_ros2/unitree_go2_sim) by extensions ['colcon_meta']
[0.280s] [34mcolcon.colcon_core.package_identification[0m [1;30mLevel 1[0m _identify(src/unitree_go2_ros2/unitree_go2_sim) by extension 'colcon_meta'
[0.280s] [34mcolcon.colcon_core.package_identification[0m [1;30mLevel 1[0m _identify(src/unitree_go2_ros2/unitree_go2_sim) by extensions ['ros']
[0.280s] [34mcolcon.colcon_core.package_identification[0m [1;30mLevel 1[0m _identify(src/unitree_go2_ros2/unitree_go2_sim) by extension 'ros'
[0.280s] [34mcolcon.colcon_core.package_identification[0m [1;30mDEBUG[0m [32mPackage 'src/unitree_go2_ros2/unitree_go2_sim' with type 'ros.ament_cmake' and name 'unitree_go2_sim'[0m
[0.280s] [34mcolcon.colcon_core.package_discovery[0m [1;30mLevel 1[0m discover_packages(recursive) using defaults
[0.280s] [34mcolcon.colcon_core.package_discovery[0m [1;30mLevel 1[0m discover_packages(ignore) discover
[0.280s] [34mcolcon.colcon_core.package_discovery[0m [1;30mLevel 1[0m discover_packages(ignore) using defaults
[0.280s] [34mcolcon.colcon_core.package_discovery[0m [1;30mLevel 1[0m discover_packages(path) discover
[0.280s] [34mcolcon.colcon_core.package_discovery[0m [1;30mLevel 1[0m discover_packages(path) using defaults
[0.295s] [34mcolcon.colcon_core.package_selection[0m [1;30mINFO[0m Skipping not selected package 'champ' in 'src/unitree_go2_ros2/champ'
[0.295s] [34mcolcon.colcon_core.package_selection[0m [1;30mINFO[0m Skipping not selected package 'champ_msgs' in 'src/unitree_go2_ros2/champ_msgs'
[0.295s] [34mcolcon.colcon_core.package_selection[0m [1;30mINFO[0m Skipping not selected package 'champ_base' in 'src/unitree_go2_ros2/champ_base'
[0.296s] [34mcolcon.colcon_core.verb[0m [1;30mLevel 5[0m set package 'unitree_go2_description' build argument 'cmake_args' from command line to 'None'
[0.296s] [34mcolcon.colcon_core.verb[0m [1;30mLevel 5[0m set package 'unitree_go2_description' build argument 'cmake_target' from command line to 'None'
[0.296s] [34mcolcon.colcon_core.verb[0m [1;30mLevel 5[0m set package 'unitree_go2_description' build argument 'cmake_target_skip_unavailable' from command line to 'False'
[0.296s] [34mcolcon.colcon_core.verb[0m [1;30mLevel 5[0m set package 'unitree_go2_description' build argument 'cmake_clean_cache' from command line to 'False'
[0.296s] [34mcolcon.colcon_core.verb[0m [1;30mLevel 5[0m set package 'unitree_go2_description' build argument 'cmake_clean_first' from command line to 'False'
[0.296s] [34mcolcon.colcon_core.verb[0m [1;30mLevel 5[0m set package 'unitree_go2_description' build argument 'cmake_force_configure' from command line to 'False'
[0.296s] [34mcolcon.colcon_core.verb[0m [1;30mLevel 5[0m set package 'unitree_go2_description' build argument 'ament_cmake_args' from command line to 'None'
[0.296s] [34mcolcon.colcon_core.verb[0m [1;30mLevel 5[0m set package 'unitree_go2_description' build argument 'catkin_cmake_args' from command line to 'None'
[0.296s] [34mcolcon.colcon_core.verb[0m [1;30mLevel 5[0m set package 'unitree_go2_description' build argument 'catkin_skip_building_tests' from command line to 'False'
[0.296s] [34mcolcon.colcon_core.verb[0m [1;30mDEBUG[0m [32mBuilding package 'unitree_go2_description' with the following arguments: {'ament_cmake_args': None, 'build_base': '/mnt/data/2026_1/go2_ws/build/unitree_go2_description', 'catkin_cmake_args': None, 'catkin_skip_building_tests': False, 'cmake_args': None, 'cmake_clean_cache': False, 'cmake_clean_first': False, 'cmake_force_configure': False, 'cmake_target': None, 'cmake_target_skip_unavailable': False, 'install_base': '/mnt/data/2026_1/go2_ws/install/unitree_go2_description', 'merge_install': False, 'path': '/mnt/data/2026_1/go2_ws/src/unitree_go2_ros2/unitree_go2_description', 'symlink_install': True, 'test_result_base': None}[0m
[0.296s] [34mcolcon.colcon_core.verb[0m [1;30mLevel 5[0m set package 'unitree_go2_sim' build argument 'cmake_args' from command line to 'None'
[0.296s] [34mcolcon.colcon_core.verb[0m [1;30mLevel 5[0m set package 'unitree_go2_sim' build argument 'cmake_target' from command line to 'None'
[0.296s] [34mcolcon.colcon_core.verb[0m [1;30mLevel 5[0m set package 'unitree_go2_sim' build argument 'cmake_target_skip_unavailable' from command line to 'False'
[0.296s] [34mcolcon.colcon_core.verb[0m [1;30mLevel 5[0m set package 'unitree_go2_sim' build argument 'cmake_clean_cache' from command line to 'False'
[0.296s] [34mcolcon.colcon_core.verb[0m [1;30mLevel 5[0m set package 'unitree_go2_sim' build argument 'cmake_clean_first' from command line to 'False'
[0.296s] [34mcolcon.colcon_core.verb[0m [1;30mLevel 5[0m set package 'unitree_go2_sim' build argument 'cmake_force_configure' from command line to 'False'
[0.297s] [34mcolcon.colcon_core.verb[0m [1;30mLevel 5[0m set package 'unitree_go2_sim' build argument 'ament_cmake_args' from command line to 'None'
[0.297s] [34mcolcon.colcon_core.verb[0m [1;30mLevel 5[0m set package 'unitree_go2_sim' build argument 'catkin_cmake_args' from command line to 'None'
[0.297s] [34mcolcon.colcon_core.verb[0m [1;30mLevel 5[0m set package 'unitree_go2_sim' build argument 'catkin_skip_building_tests' from command line to 'False'
[0.297s] [34mcolcon.colcon_core.verb[0m [1;30mDEBUG[0m [32mBuilding package 'unitree_go2_sim' with the following arguments: {'ament_cmake_args': None, 'build_base': '/mnt/data/2026_1/go2_ws/build/unitree_go2_sim', 'catkin_cmake_args': None, 'catkin_skip_building_tests': False, 'cmake_args': None, 'cmake_clean_cache': False, 'cmake_clean_first': False, 'cmake_force_configure': False, 'cmake_target': None, 'cmake_target_skip_unavailable': False, 'install_base': '/mnt/data/2026_1/go2_ws/install/unitree_go2_sim', 'merge_install': False, 'path': '/mnt/data/2026_1/go2_ws/src/unitree_go2_ros2/unitree_go2_sim', 'symlink_install': True, 'test_result_base': None}[0m
[0.297s] [34mcolcon.colcon_core.executor[0m [1;30mINFO[0m Executing jobs using 'parallel' executor
[0.307s] [34mcolcon.colcon_parallel_executor.executor.parallel[0m [1;30mDEBUG[0m [32mrun_until_complete[0m
[0.307s] [34mcolcon.colcon_ros.task.ament_cmake.build[0m [1;30mINFO[0m Building ROS package in '/mnt/data/2026_1/go2_ws/src/unitree_go2_ros2/unitree_go2_description' with build type 'ament_cmake'
[0.307s] [34mcolcon.colcon_cmake.task.cmake.build[0m [1;30mINFO[0m Building CMake package in '/mnt/data/2026_1/go2_ws/src/unitree_go2_ros2/unitree_go2_description'
[0.309s] [34mcolcon.colcon_core.plugin_system[0m [1;30mINFO[0m Skipping extension 'colcon_core.shell.bat': Not used on non-Windows systems
[0.309s] [34mcolcon.colcon_core.shell[0m [1;30mINFO[0m Skip shell extension 'powershell' for command environment: Not usable outside of PowerShell
[0.309s] [34mcolcon.colcon_core.shell[0m [1;30mDEBUG[0m [32mSkip shell extension 'dsv' for command environment[0m
[0.315s] [34mcolcon.colcon_ros.task.ament_cmake.build[0m [1;30mINFO[0m Building ROS package in '/mnt/data/2026_1/go2_ws/src/unitree_go2_ros2/unitree_go2_sim' with build type 'ament_cmake'
[0.315s] [34mcolcon.colcon_cmake.task.cmake.build[0m [1;30mINFO[0m Building CMake package in '/mnt/data/2026_1/go2_ws/src/unitree_go2_ros2/unitree_go2_sim'
[0.315s] [34mcolcon.colcon_core.shell[0m [1;30mINFO[0m Skip shell extension 'powershell' for command environment: Not usable outside of PowerShell
[0.315s] [34mcolcon.colcon_core.shell[0m [1;30mDEBUG[0m [32mSkip shell extension 'dsv' for command environment[0m
[0.323s] [34mcolcon.colcon_core.event_handler.log_command[0m [1;30mDEBUG[0m [32mInvoking command in '/mnt/data/2026_1/go2_ws/build/unitree_go2_description': CMAKE_PREFIX_PATH=${CMAKE_PREFIX_PATH}:/mnt/data/drone_writer_ws/install/drone_writer:/mnt/data/px4_ros_ws/install/drone_control:/opt/ros/humble PIXI_PROMPT=(unitree_go2_ros2) PS1=(unitree_go2_ros2) \[\e]0;\u@\h: \w\a\]${debian_chroot:+($debian_chroot)}\[\033[01;32m\]\u@\h\[\033[00m\]:\[\033[01;34m\]\w\[\033[00m\]\$ /mnt/data/2026_1/go2_ws/.pixi/envs/default/bin/cmake --build /mnt/data/2026_1/go2_ws/build/unitree_go2_description -- -j12 -l12[0m
[0.326s] [34mcolcon.colcon_core.event_handler.log_command[0m [1;30mDEBUG[0m [32mInvoking command in '/mnt/data/2026_1/go2_ws/build/unitree_go2_sim': CMAKE_PREFIX_PATH=${CMAKE_PREFIX_PATH}:/mnt/data/drone_writer_ws/install/drone_writer:/mnt/data/px4_ros_ws/install/drone_control:/opt/ros/humble PIXI_PROMPT=(unitree_go2_ros2) PS1=(unitree_go2_ros2) \[\e]0;\u@\h: \w\a\]${debian_chroot:+($debian_chroot)}\[\033[01;32m\]\u@\h\[\033[00m\]:\[\033[01;34m\]\w\[\033[00m\]\$ /mnt/data/2026_1/go2_ws/.pixi/envs/default/bin/cmake --build /mnt/data/2026_1/go2_ws/build/unitree_go2_sim -- -j12 -l12[0m
[0.352s] [34mcolcon.colcon_core.event_handler.log_command[0m [1;30mDEBUG[0m [32mInvoked command in '/mnt/data/2026_1/go2_ws/build/unitree_go2_description' returned '0': CMAKE_PREFIX_PATH=${CMAKE_PREFIX_PATH}:/mnt/data/drone_writer_ws/install/drone_writer:/mnt/data/px4_ros_ws/install/drone_control:/opt/ros/humble PIXI_PROMPT=(unitree_go2_ros2) PS1=(unitree_go2_ros2) \[\e]0;\u@\h: \w\a\]${debian_chroot:+($debian_chroot)}\[\033[01;32m\]\u@\h\[\033[00m\]:\[\033[01;34m\]\w\[\033[00m\]\$ /mnt/data/2026_1/go2_ws/.pixi/envs/default/bin/cmake --build /mnt/data/2026_1/go2_ws/build/unitree_go2_description -- -j12 -l12[0m
[0.359s] [34mcolcon.colcon_core.event_handler.log_command[0m [1;30mDEBUG[0m [32mInvoking command in '/mnt/data/2026_1/go2_ws/build/unitree_go2_description': CMAKE_PREFIX_PATH=${CMAKE_PREFIX_PATH}:/mnt/data/drone_writer_ws/install/drone_writer:/mnt/data/px4_ros_ws/install/drone_control:/opt/ros/humble PIXI_PROMPT=(unitree_go2_ros2) PS1=(unitree_go2_ros2) \[\e]0;\u@\h: \w\a\]${debian_chroot:+($debian_chroot)}\[\033[01;32m\]\u@\h\[\033[00m\]:\[\033[01;34m\]\w\[\033[00m\]\$ /mnt/data/2026_1/go2_ws/.pixi/envs/default/bin/cmake --install /mnt/data/2026_1/go2_ws/build/unitree_go2_description[0m
[0.360s] [34mcolcon.colcon_core.event_handler.log_command[0m [1;30mDEBUG[0m [32mInvoked command in '/mnt/data/2026_1/go2_ws/build/unitree_go2_sim' returned '0': CMAKE_PREFIX_PATH=${CMAKE_PREFIX_PATH}:/mnt/data/drone_writer_ws/install/drone_writer:/mnt/data/px4_ros_ws/install/drone_control:/opt/ros/humble PIXI_PROMPT=(unitree_go2_ros2) PS1=(unitree_go2_ros2) \[\e]0;\u@\h: \w\a\]${debian_chroot:+($debian_chroot)}\[\033[01;32m\]\u@\h\[\033[00m\]:\[\033[01;34m\]\w\[\033[00m\]\$ /mnt/data/2026_1/go2_ws/.pixi/envs/default/bin/cmake --build /mnt/data/2026_1/go2_ws/build/unitree_go2_sim -- -j12 -l12[0m
[0.362s] [34mcolcon.colcon_core.event_handler.log_command[0m [1;30mDEBUG[0m [32mInvoking command in '/mnt/data/2026_1/go2_ws/build/unitree_go2_sim': CMAKE_PREFIX_PATH=${CMAKE_PREFIX_PATH}:/mnt/data/drone_writer_ws/install/drone_writer:/mnt/data/px4_ros_ws/install/drone_control:/opt/ros/humble PIXI_PROMPT=(unitree_go2_ros2) PS1=(unitree_go2_ros2) \[\e]0;\u@\h: \w\a\]${debian_chroot:+($debian_chroot)}\[\033[01;32m\]\u@\h\[\033[00m\]:\[\033[01;34m\]\w\[\033[00m\]\$ /mnt/data/2026_1/go2_ws/.pixi/envs/default/bin/cmake --install /mnt/data/2026_1/go2_ws/build/unitree_go2_sim[0m
[0.378s] [34mcolcon.colcon_core.environment[0m [1;30mLevel 1[0m create_environment_scripts_only(unitree_go2_sim)
[0.378s] [34mcolcon.colcon_core.event_handler.log_command[0m [1;30mDEBUG[0m [32mInvoked command in '/mnt/data/2026_1/go2_ws/build/unitree_go2_sim' returned '0': CMAKE_PREFIX_PATH=${CMAKE_PREFIX_PATH}:/mnt/data/drone_writer_ws/install/drone_writer:/mnt/data/px4_ros_ws/install/drone_control:/opt/ros/humble PIXI_PROMPT=(unitree_go2_ros2) PS1=(unitree_go2_ros2) \[\e]0;\u@\h: \w\a\]${debian_chroot:+($debian_chroot)}\[\033[01;32m\]\u@\h\[\033[00m\]:\[\033[01;34m\]\w\[\033[00m\]\$ /mnt/data/2026_1/go2_ws/.pixi/envs/default/bin/cmake --install /mnt/data/2026_1/go2_ws/build/unitree_go2_sim[0m
[0.380s] [34mcolcon.colcon_core.environment[0m [1;30mLevel 1[0m checking '/mnt/data/2026_1/go2_ws/install/unitree_go2_sim' for CMake module files
[0.380s] [34mcolcon.colcon_core.environment[0m [1;30mLevel 1[0m checking '/mnt/data/2026_1/go2_ws/install/unitree_go2_sim' for CMake config files
[0.381s] [34mcolcon.colcon_core.shell[0m [1;30mLevel 1[0m create_environment_hook('unitree_go2_sim', 'cmake_prefix_path')
[0.381s] [34mcolcon.colcon_core.shell[0m [1;30mINFO[0m Creating environment hook '/mnt/data/2026_1/go2_ws/install/unitree_go2_sim/share/unitree_go2_sim/hook/cmake_prefix_path.ps1'
[0.381s] [34mcolcon.colcon_core.shell[0m [1;30mINFO[0m Creating environment descriptor '/mnt/data/2026_1/go2_ws/install/unitree_go2_sim/share/unitree_go2_sim/hook/cmake_prefix_path.dsv'
[0.382s] [34mcolcon.colcon_core.shell[0m [1;30mINFO[0m Creating environment hook '/mnt/data/2026_1/go2_ws/install/unitree_go2_sim/share/unitree_go2_sim/hook/cmake_prefix_path.sh'
[0.382s] [34mcolcon.colcon_core.environment[0m [1;30mLevel 1[0m checking '/mnt/data/2026_1/go2_ws/install/unitree_go2_sim/bin'
[0.382s] [34mcolcon.colcon_core.environment[0m [1;30mLevel 1[0m checking '/mnt/data/2026_1/go2_ws/install/unitree_go2_sim/lib/pkgconfig/unitree_go2_sim.pc'
[0.383s] [34mcolcon.colcon_core.environment[0m [1;30mLevel 1[0m checking '/mnt/data/2026_1/go2_ws/install/unitree_go2_sim/lib/python3.10/site-packages'
[0.384s] [34mcolcon.colcon_core.environment[0m [1;30mLevel 1[0m checking '/mnt/data/2026_1/go2_ws/install/unitree_go2_sim/bin'
[0.384s] [34mcolcon.colcon_core.shell[0m [1;30mINFO[0m Creating package script '/mnt/data/2026_1/go2_ws/install/unitree_go2_sim/share/unitree_go2_sim/package.ps1'
[0.385s] [34mcolcon.colcon_core.shell[0m [1;30mINFO[0m Creating package descriptor '/mnt/data/2026_1/go2_ws/install/unitree_go2_sim/share/unitree_go2_sim/package.dsv'
[0.385s] [34mcolcon.colcon_core.shell[0m [1;30mINFO[0m Creating package script '/mnt/data/2026_1/go2_ws/install/unitree_go2_sim/share/unitree_go2_sim/package.sh'
[0.386s] [34mcolcon.colcon_core.shell[0m [1;30mINFO[0m Creating package script '/mnt/data/2026_1/go2_ws/install/unitree_go2_sim/share/unitree_go2_sim/package.bash'
[0.386s] [34mcolcon.colcon_core.shell[0m [1;30mINFO[0m Creating package script '/mnt/data/2026_1/go2_ws/install/unitree_go2_sim/share/unitree_go2_sim/package.zsh'
[0.387s] [34mcolcon.colcon_core.environment[0m [1;30mLevel 1[0m create_file_with_runtime_dependencies(/mnt/data/2026_1/go2_ws/install/unitree_go2_sim/share/colcon-core/packages/unitree_go2_sim)
[0.387s] [34mcolcon.colcon_core.environment[0m [1;30mLevel 1[0m create_environment_scripts_only(unitree_go2_sim)
[0.388s] [34mcolcon.colcon_core.environment[0m [1;30mLevel 1[0m checking '/mnt/data/2026_1/go2_ws/install/unitree_go2_sim' for CMake module files
[0.388s] [34mcolcon.colcon_core.environment[0m [1;30mLevel 1[0m checking '/mnt/data/2026_1/go2_ws/install/unitree_go2_sim' for CMake config files
[0.388s] [34mcolcon.colcon_core.shell[0m [1;30mLevel 1[0m create_environment_hook('unitree_go2_sim', 'cmake_prefix_path')
[0.388s] [34mcolcon.colcon_core.shell[0m [1;30mINFO[0m Creating environment hook '/mnt/data/2026_1/go2_ws/install/unitree_go2_sim/share/unitree_go2_sim/hook/cmake_prefix_path.ps1'
[0.389s] [34mcolcon.colcon_core.shell[0m [1;30mINFO[0m Creating environment descriptor '/mnt/data/2026_1/go2_ws/install/unitree_go2_sim/share/unitree_go2_sim/hook/cmake_prefix_path.dsv'
[0.389s] [34mcolcon.colcon_core.shell[0m [1;30mINFO[0m Creating environment hook '/mnt/data/2026_1/go2_ws/install/unitree_go2_sim/share/unitree_go2_sim/hook/cmake_prefix_path.sh'
[0.389s] [34mcolcon.colcon_core.environment[0m [1;30mLevel 1[0m checking '/mnt/data/2026_1/go2_ws/install/unitree_go2_sim/bin'
[0.389s] [34mcolcon.colcon_core.environment[0m [1;30mLevel 1[0m checking '/mnt/data/2026_1/go2_ws/install/unitree_go2_sim/lib/pkgconfig/unitree_go2_sim.pc'
[0.389s] [34mcolcon.colcon_core.environment[0m [1;30mLevel 1[0m checking '/mnt/data/2026_1/go2_ws/install/unitree_go2_sim/lib/python3.10/site-packages'
[0.390s] [34mcolcon.colcon_core.environment[0m [1;30mLevel 1[0m checking '/mnt/data/2026_1/go2_ws/install/unitree_go2_sim/bin'
[0.390s] [34mcolcon.colcon_core.shell[0m [1;30mINFO[0m Creating package script '/mnt/data/2026_1/go2_ws/install/unitree_go2_sim/share/unitree_go2_sim/package.ps1'
[0.390s] [34mcolcon.colcon_core.shell[0m [1;30mINFO[0m Creating package descriptor '/mnt/data/2026_1/go2_ws/install/unitree_go2_sim/share/unitree_go2_sim/package.dsv'
[0.391s] [34mcolcon.colcon_core.shell[0m [1;30mINFO[0m Creating package script '/mnt/data/2026_1/go2_ws/install/unitree_go2_sim/share/unitree_go2_sim/package.sh'
[0.391s] [34mcolcon.colcon_core.shell[0m [1;30mINFO[0m Creating package script '/mnt/data/2026_1/go2_ws/install/unitree_go2_sim/share/unitree_go2_sim/package.bash'
[0.391s] [34mcolcon.colcon_core.shell[0m [1;30mINFO[0m Creating package script '/mnt/data/2026_1/go2_ws/install/unitree_go2_sim/share/unitree_go2_sim/package.zsh'
[0.392s] [34mcolcon.colcon_core.environment[0m [1;30mLevel 1[0m create_file_with_runtime_dependencies(/mnt/data/2026_1/go2_ws/install/unitree_go2_sim/share/colcon-core/packages/unitree_go2_sim)
[0.392s] [34mcolcon.colcon_core.environment[0m [1;30mLevel 1[0m create_environment_scripts_only(unitree_go2_description)
[0.392s] [34mcolcon.colcon_core.environment[0m [1;30mLevel 1[0m checking '/mnt/data/2026_1/go2_ws/install/unitree_go2_description' for CMake module files
[0.393s] [34mcolcon.colcon_core.event_handler.log_command[0m [1;30mDEBUG[0m [32mInvoked command in '/mnt/data/2026_1/go2_ws/build/unitree_go2_description' returned '0': CMAKE_PREFIX_PATH=${CMAKE_PREFIX_PATH}:/mnt/data/drone_writer_ws/install/drone_writer:/mnt/data/px4_ros_ws/install/drone_control:/opt/ros/humble PIXI_PROMPT=(unitree_go2_ros2) PS1=(unitree_go2_ros2) \[\e]0;\u@\h: \w\a\]${debian_chroot:+($debian_chroot)}\[\033[01;32m\]\u@\h\[\033[00m\]:\[\033[01;34m\]\w\[\033[00m\]\$ /mnt/data/2026_1/go2_ws/.pixi/envs/default/bin/cmake --install /mnt/data/2026_1/go2_ws/build/unitree_go2_description[0m
[0.393s] [34mcolcon.colcon_core.environment[0m [1;30mLevel 1[0m checking '/mnt/data/2026_1/go2_ws/install/unitree_go2_description' for CMake config files
[0.393s] [34mcolcon.colcon_core.shell[0m [1;30mLevel 1[0m create_environment_hook('unitree_go2_description', 'cmake_prefix_path')
[0.393s] [34mcolcon.colcon_core.shell[0m [1;30mINFO[0m Creating environment hook '/mnt/data/2026_1/go2_ws/install/unitree_go2_description/share/unitree_go2_description/hook/cmake_prefix_path.ps1'
[0.394s] [34mcolcon.colcon_core.shell[0m [1;30mINFO[0m Creating environment descriptor '/mnt/data/2026_1/go2_ws/install/unitree_go2_description/share/unitree_go2_description/hook/cmake_prefix_path.dsv'
[0.394s] [34mcolcon.colcon_core.shell[0m [1;30mINFO[0m Creating environment hook '/mnt/data/2026_1/go2_ws/install/unitree_go2_description/share/unitree_go2_description/hook/cmake_prefix_path.sh'
[0.394s] [34mcolcon.colcon_core.environment[0m [1;30mLevel 1[0m checking '/mnt/data/2026_1/go2_ws/install/unitree_go2_description/bin'
[0.394s] [34mcolcon.colcon_core.environment[0m [1;30mLevel 1[0m checking '/mnt/data/2026_1/go2_ws/install/unitree_go2_description/lib/pkgconfig/unitree_go2_description.pc'
[0.394s] [34mcolcon.colcon_core.environment[0m [1;30mLevel 1[0m checking '/mnt/data/2026_1/go2_ws/install/unitree_go2_description/lib/python3.10/site-packages'
[0.395s] [34mcolcon.colcon_core.environment[0m [1;30mLevel 1[0m checking '/mnt/data/2026_1/go2_ws/install/unitree_go2_description/bin'
[0.395s] [34mcolcon.colcon_core.shell[0m [1;30mINFO[0m Creating package script '/mnt/data/2026_1/go2_ws/install/unitree_go2_description/share/unitree_go2_description/package.ps1'
[0.395s] [34mcolcon.colcon_core.shell[0m [1;30mINFO[0m Creating package descriptor '/mnt/data/2026_1/go2_ws/install/unitree_go2_description/share/unitree_go2_description/package.dsv'
[0.396s] [34mcolcon.colcon_core.shell[0m [1;30mINFO[0m Creating package script '/mnt/data/2026_1/go2_ws/install/unitree_go2_description/share/unitree_go2_description/package.sh'
[0.396s] [34mcolcon.colcon_core.shell[0m [1;30mINFO[0m Creating package script '/mnt/data/2026_1/go2_ws/install/unitree_go2_description/share/unitree_go2_description/package.bash'
[0.396s] [34mcolcon.colcon_core.shell[0m [1;30mINFO[0m Creating package script '/mnt/data/2026_1/go2_ws/install/unitree_go2_description/share/unitree_go2_description/package.zsh'
[0.397s] [34mcolcon.colcon_core.environment[0m [1;30mLevel 1[0m create_file_with_runtime_dependencies(/mnt/data/2026_1/go2_ws/install/unitree_go2_description/share/colcon-core/packages/unitree_go2_description)
[0.397s] [34mcolcon.colcon_core.environment[0m [1;30mLevel 1[0m create_environment_scripts_only(unitree_go2_description)
[0.397s] [34mcolcon.colcon_core.environment[0m [1;30mLevel 1[0m checking '/mnt/data/2026_1/go2_ws/install/unitree_go2_description' for CMake module files
[0.398s] [34mcolcon.colcon_core.environment[0m [1;30mLevel 1[0m checking '/mnt/data/2026_1/go2_ws/install/unitree_go2_description' for CMake config files
[0.398s] [34mcolcon.colcon_core.shell[0m [1;30mLevel 1[0m create_environment_hook('unitree_go2_description', 'cmake_prefix_path')
[0.398s] [34mcolcon.colcon_core.shell[0m [1;30mINFO[0m Creating environment hook '/mnt/data/2026_1/go2_ws/install/unitree_go2_description/share/unitree_go2_description/hook/cmake_prefix_path.ps1'
[0.398s] [34mcolcon.colcon_core.shell[0m [1;30mINFO[0m Creating environment descriptor '/mnt/data/2026_1/go2_ws/install/unitree_go2_description/share/unitree_go2_description/hook/cmake_prefix_path.dsv'
[0.398s] [34mcolcon.colcon_core.shell[0m [1;30mINFO[0m Creating environment hook '/mnt/data/2026_1/go2_ws/install/unitree_go2_description/share/unitree_go2_description/hook/cmake_prefix_path.sh'
[0.399s] [34mcolcon.colcon_core.environment[0m [1;30mLevel 1[0m checking '/mnt/data/2026_1/go2_ws/install/unitree_go2_description/bin'
[0.399s] [34mcolcon.colcon_core.environment[0m [1;30mLevel 1[0m checking '/mnt/data/2026_1/go2_ws/install/unitree_go2_description/lib/pkgconfig/unitree_go2_description.pc'
[0.399s] [34mcolcon.colcon_core.environment[0m [1;30mLevel 1[0m checking '/mnt/data/2026_1/go2_ws/install/unitree_go2_description/lib/python3.10/site-packages'
[0.399s] [34mcolcon.colcon_core.environment[0m [1;30mLevel 1[0m checking '/mnt/data/2026_1/go2_ws/install/unitree_go2_description/bin'
[0.400s] [34mcolcon.colcon_core.shell[0m [1;30mINFO[0m Creating package script '/mnt/data/2026_1/go2_ws/install/unitree_go2_description/share/unitree_go2_description/package.ps1'
[0.400s] [34mcolcon.colcon_core.shell[0m [1;30mINFO[0m Creating package descriptor '/mnt/data/2026_1/go2_ws/install/unitree_go2_description/share/unitree_go2_description/package.dsv'
[0.400s] [34mcolcon.colcon_core.shell[0m [1;30mINFO[0m Creating package script '/mnt/data/2026_1/go2_ws/install/unitree_go2_description/share/unitree_go2_description/package.sh'
[0.401s] [34mcolcon.colcon_core.shell[0m [1;30mINFO[0m Creating package script '/mnt/data/2026_1/go2_ws/install/unitree_go2_description/share/unitree_go2_description/package.bash'
[0.401s] [34mcolcon.colcon_core.shell[0m [1;30mINFO[0m Creating package script '/mnt/data/2026_1/go2_ws/install/unitree_go2_description/share/unitree_go2_description/package.zsh'
[0.401s] [34mcolcon.colcon_core.environment[0m [1;30mLevel 1[0m create_file_with_runtime_dependencies(/mnt/data/2026_1/go2_ws/install/unitree_go2_description/share/colcon-core/packages/unitree_go2_description)
[0.402s] [34mcolcon.colcon_parallel_executor.executor.parallel[0m [1;30mDEBUG[0m [32mclosing loop[0m
[0.402s] [34mcolcon.colcon_parallel_executor.executor.parallel[0m [1;30mDEBUG[0m [32mloop closed[0m
[0.402s] [34mcolcon.colcon_parallel_executor.executor.parallel[0m [1;30mDEBUG[0m [32mrun_until_complete finished with '0'[0m
[0.402s] [34mcolcon.colcon_core.event_reactor[0m [1;30mDEBUG[0m [32mjoining thread[0m
[0.402s] [34mcolcon.colcon_core.event_reactor[0m [1;30mDEBUG[0m [32mjoined thread[0m
[0.403s] [34mcolcon.colcon_core.shell[0m [1;30mINFO[0m Creating prefix script '/mnt/data/2026_1/go2_ws/install/local_setup.ps1'
[0.403s] [34mcolcon.colcon_core.shell[0m [1;30mINFO[0m Creating prefix util module '/mnt/data/2026_1/go2_ws/install/_local_setup_util_ps1.py'
[0.404s] [34mcolcon.colcon_core.shell[0m [1;30mINFO[0m Creating prefix chain script '/mnt/data/2026_1/go2_ws/install/setup.ps1'
[0.406s] [34mcolcon.colcon_core.shell[0m [1;30mINFO[0m Creating prefix script '/mnt/data/2026_1/go2_ws/install/local_setup.sh'
[0.406s] [34mcolcon.colcon_core.shell[0m [1;30mINFO[0m Creating prefix util module '/mnt/data/2026_1/go2_ws/install/_local_setup_util_sh.py'
[0.407s] [34mcolcon.colcon_core.shell[0m [1;30mINFO[0m Creating prefix chain script '/mnt/data/2026_1/go2_ws/install/setup.sh'
[0.408s] [34mcolcon.colcon_core.shell[0m [1;30mINFO[0m Creating prefix script '/mnt/data/2026_1/go2_ws/install/local_setup.bash'
[0.408s] [34mcolcon.colcon_core.shell[0m [1;30mINFO[0m Creating prefix chain script '/mnt/data/2026_1/go2_ws/install/setup.bash'
[0.410s] [34mcolcon.colcon_core.shell[0m [1;30mINFO[0m Creating prefix script '/mnt/data/2026_1/go2_ws/install/local_setup.zsh'
[0.410s] [34mcolcon.colcon_core.shell[0m [1;30mINFO[0m Creating prefix chain script '/mnt/data/2026_1/go2_ws/install/setup.zsh'
