[0.016s] Invoking command in '/mnt/data/2026_1/go2_ws/build/champ_msgs': CMAKE_PREFIX_PATH=${CMAKE_PREFIX_PATH}:/mnt/data/drone_writer_ws/install/drone_writer:/mnt/data/px4_ros_ws/install/drone_control:/opt/ros/humble CONDA_ENV_SHLVL_2_PIXI_PROMPT=(unitree_go2_ros2) PIXI_PROMPT=(unitree_go2_ros2) PS1=(unitree_go2_ros2) \[\e]0;\u@\h: \w\a\]${debian_chroot:+($debian_chroot)}\[\033[01;32m\]\u@\h\[\033[00m\]:\[\033[01;34m\]\w\[\033[00m\]\$ /mnt/data/2026_1/go2_ws/.pixi/envs/default/bin/cmake --build /mnt/data/2026_1/go2_ws/build/champ_msgs -- -j12 -l12
[0.047s] [  1%] [1m[34mGenerating C code for ROS interfaces[0m
[0.056s] [  2%] [1m[34mGenerating C++ code for ROS interfaces[0m
[0.061s] [  2%] Built target ament_cmake_python_symlink_champ_msgs
[0.263s] running egg_info
[0.263s] writing champ_msgs.egg-info/PKG-INFO
[0.263s] writing dependency_links to champ_msgs.egg-info/dependency_links.txt
[0.263s] writing top-level names to champ_msgs.egg-info/top_level.txt
[0.273s] reading manifest file 'champ_msgs.egg-info/SOURCES.txt'
[0.273s] writing manifest file 'champ_msgs.egg-info/SOURCES.txt'
[0.298s] [  2%] Built target ament_cmake_python_build_champ_msgs_egg
[0.570s] [  2%] Built target champ_msgs__cpp
[0.581s] [  3%] [1m[34mGenerating C++ type support for eProsima Fast-RTPS[0m
[0.581s] [  4%] [1m[34mGenerating C++ type support dispatch for ROS interfaces[0m
[0.582s] [  5%] [1m[34mGenerating C++ introspection for ROS interfaces[0m
[0.636s] [ 12%] [32mBuilding C object CMakeFiles/champ_msgs__rosidl_generator_c.dir/rosidl_generator_c/champ_msgs/msg/detail/point__functions.c.o[0m
[0.636s] [ 12%] [32mBuilding C object CMakeFiles/champ_msgs__rosidl_generator_c.dir/rosidl_generator_c/champ_msgs/msg/detail/contacts__functions.c.o[0m
[0.636s] [ 12%] [32mBuilding C object CMakeFiles/champ_msgs__rosidl_generator_c.dir/rosidl_generator_c/champ_msgs/msg/detail/contacts_stamped__functions.c.o[0m
[0.636s] [ 12%] [32mBuilding C object CMakeFiles/champ_msgs__rosidl_generator_c.dir/rosidl_generator_c/champ_msgs/msg/detail/imu__functions.c.o[0m
[0.636s] [ 12%] [32mBuilding C object CMakeFiles/champ_msgs__rosidl_generator_c.dir/rosidl_generator_c/champ_msgs/msg/detail/velocities__functions.c.o[0m
[0.636s] [ 12%] [32mBuilding C object CMakeFiles/champ_msgs__rosidl_generator_c.dir/rosidl_generator_c/champ_msgs/msg/detail/point_array__functions.c.o[0m
[0.636s] [ 12%] [32mBuilding C object CMakeFiles/champ_msgs__rosidl_generator_c.dir/rosidl_generator_c/champ_msgs/msg/detail/joints__functions.c.o[0m
[0.636s] [ 13%] [32mBuilding C object CMakeFiles/champ_msgs__rosidl_generator_c.dir/rosidl_generator_c/champ_msgs/msg/detail/pid__functions.c.o[0m
[0.636s] [ 14%] [32mBuilding C object CMakeFiles/champ_msgs__rosidl_generator_c.dir/rosidl_generator_c/champ_msgs/msg/detail/pose__functions.c.o[0m
[0.710s] [ 15%] [1m[32mLinking C shared library libchamp_msgs__rosidl_generator_c.so[0m
[0.747s] [ 15%] Built target champ_msgs__rosidl_generator_c
[0.756s] [ 18%] [1m[34mGenerating C type support dispatch for ROS interfaces[0m
[0.756s] [ 18%] [1m[34mGenerating C type support for eProsima Fast-RTPS[0m
[0.756s] [ 18%] [1m[34mGenerating C introspection for ROS interfaces[0m
[0.959s] [ 24%] [32mBuilding CXX object CMakeFiles/champ_msgs__rosidl_typesupport_cpp.dir/rosidl_typesupport_cpp/champ_msgs/msg/point__type_support.cpp.o[0m
[0.959s] [ 24%] [32mBuilding CXX object CMakeFiles/champ_msgs__rosidl_typesupport_cpp.dir/rosidl_typesupport_cpp/champ_msgs/msg/imu__type_support.cpp.o[0m
[0.959s] [ 24%] [32mBuilding CXX object CMakeFiles/champ_msgs__rosidl_typesupport_cpp.dir/rosidl_typesupport_cpp/champ_msgs/msg/point_array__type_support.cpp.o[0m
[0.960s] [ 24%] [32mBuilding CXX object CMakeFiles/champ_msgs__rosidl_typesupport_cpp.dir/rosidl_typesupport_cpp/champ_msgs/msg/pid__type_support.cpp.o[0m
[0.960s] [ 24%] [32mBuilding CXX object CMakeFiles/champ_msgs__rosidl_typesupport_cpp.dir/rosidl_typesupport_cpp/champ_msgs/msg/velocities__type_support.cpp.o[0m
[0.960s] [ 25%] [32mBuilding CXX object CMakeFiles/champ_msgs__rosidl_typesupport_cpp.dir/rosidl_typesupport_cpp/champ_msgs/msg/contacts__type_support.cpp.o[0m
[0.960s] [ 26%] [32mBuilding CXX object CMakeFiles/champ_msgs__rosidl_typesupport_cpp.dir/rosidl_typesupport_cpp/champ_msgs/msg/joints__type_support.cpp.o[0m
[1.230s] [ 27%] [32mBuilding CXX object CMakeFiles/champ_msgs__rosidl_typesupport_introspection_cpp.dir/rosidl_typesupport_introspection_cpp/champ_msgs/msg/detail/velocities__type_support.cpp.o[0m
[1.294s] [ 28%] [32mBuilding CXX object CMakeFiles/champ_msgs__rosidl_typesupport_c.dir/rosidl_typesupport_c/champ_msgs/msg/velocities__type_support.cpp.o[0m
[1.309s] [ 29%] [32mBuilding CXX object CMakeFiles/champ_msgs__rosidl_typesupport_fastrtps_cpp.dir/rosidl_typesupport_fastrtps_cpp/champ_msgs/msg/detail/dds_fastrtps/velocities__type_support.cpp.o[0m
[1.355s] [ 30%] [32mBuilding CXX object CMakeFiles/champ_msgs__rosidl_typesupport_c.dir/rosidl_typesupport_c/champ_msgs/msg/pid__type_support.cpp.o[0m
[1.382s] [ 32%] [32mBuilding CXX object CMakeFiles/champ_msgs__rosidl_typesupport_fastrtps_cpp.dir/rosidl_typesupport_fastrtps_cpp/champ_msgs/msg/detail/dds_fastrtps/pid__type_support.cpp.o[0m
[1.382s] [ 32%] [32mBuilding CXX object CMakeFiles/champ_msgs__rosidl_typesupport_c.dir/rosidl_typesupport_c/champ_msgs/msg/imu__type_support.cpp.o[0m
[1.389s] [ 33%] [32mBuilding CXX object CMakeFiles/champ_msgs__rosidl_typesupport_fastrtps_cpp.dir/rosidl_typesupport_fastrtps_cpp/champ_msgs/msg/detail/dds_fastrtps/imu__type_support.cpp.o[0m
[1.395s] [ 34%] [32mBuilding CXX object CMakeFiles/champ_msgs__rosidl_typesupport_introspection_cpp.dir/rosidl_typesupport_introspection_cpp/champ_msgs/msg/detail/pid__type_support.cpp.o[0m
[1.404s] [ 35%] [32mBuilding CXX object CMakeFiles/champ_msgs__rosidl_typesupport_cpp.dir/rosidl_typesupport_cpp/champ_msgs/msg/contacts_stamped__type_support.cpp.o[0m
[1.426s] [ 36%] [32mBuilding CXX object CMakeFiles/champ_msgs__rosidl_typesupport_c.dir/rosidl_typesupport_c/champ_msgs/msg/point__type_support.cpp.o[0m
[1.426s] [ 37%] [32mBuilding CXX object CMakeFiles/champ_msgs__rosidl_typesupport_fastrtps_cpp.dir/rosidl_typesupport_fastrtps_cpp/champ_msgs/msg/detail/dds_fastrtps/point__type_support.cpp.o[0m
[1.428s] [ 38%] [32mBuilding CXX object CMakeFiles/champ_msgs__rosidl_typesupport_fastrtps_cpp.dir/rosidl_typesupport_fastrtps_cpp/champ_msgs/msg/detail/dds_fastrtps/point_array__type_support.cpp.o[0m
[1.433s] [ 40%] [32mBuilding CXX object CMakeFiles/champ_msgs__rosidl_typesupport_c.dir/rosidl_typesupport_c/champ_msgs/msg/point_array__type_support.cpp.o[0m
[1.471s] [ 41%] [32mBuilding CXX object CMakeFiles/champ_msgs__rosidl_typesupport_fastrtps_cpp.dir/rosidl_typesupport_fastrtps_cpp/champ_msgs/msg/detail/dds_fastrtps/joints__type_support.cpp.o[0m
[1.487s] [ 42%] [32mBuilding CXX object CMakeFiles/champ_msgs__rosidl_typesupport_c.dir/rosidl_typesupport_c/champ_msgs/msg/joints__type_support.cpp.o[0m
[1.540s] [ 43%] [32mBuilding CXX object CMakeFiles/champ_msgs__rosidl_typesupport_c.dir/rosidl_typesupport_c/champ_msgs/msg/contacts__type_support.cpp.o[0m
[1.566s] [ 44%] [32mBuilding C object CMakeFiles/champ_msgs__rosidl_typesupport_introspection_c.dir/rosidl_typesupport_introspection_c/champ_msgs/msg/detail/velocities__type_support.c.o[0m
[1.591s] [ 45%] [32mBuilding CXX object CMakeFiles/champ_msgs__rosidl_typesupport_c.dir/rosidl_typesupport_c/champ_msgs/msg/contacts_stamped__type_support.cpp.o[0m
[1.600s] [ 46%] [32mBuilding CXX object CMakeFiles/champ_msgs__rosidl_typesupport_fastrtps_c.dir/rosidl_typesupport_fastrtps_c/champ_msgs/msg/detail/velocities__type_support_c.cpp.o[0m
[1.628s] [ 47%] [32mBuilding C object CMakeFiles/champ_msgs__rosidl_typesupport_introspection_c.dir/rosidl_typesupport_introspection_c/champ_msgs/msg/detail/pid__type_support.c.o[0m
[1.643s] [ 48%] [32mBuilding CXX object CMakeFiles/champ_msgs__rosidl_typesupport_c.dir/rosidl_typesupport_c/champ_msgs/msg/pose__type_support.cpp.o[0m
[1.688s] [ 49%] [32mBuilding C object CMakeFiles/champ_msgs__rosidl_typesupport_introspection_c.dir/rosidl_typesupport_introspection_c/champ_msgs/msg/detail/imu__type_support.c.o[0m
[1.691s] [ 50%] [1m[32mLinking CXX shared library libchamp_msgs__rosidl_typesupport_c.so[0m
[1.753s] [ 51%] [32mBuilding C object CMakeFiles/champ_msgs__rosidl_typesupport_introspection_c.dir/rosidl_typesupport_introspection_c/champ_msgs/msg/detail/point__type_support.c.o[0m
[1.771s] [ 51%] Built target champ_msgs__rosidl_typesupport_c
[1.786s] [ 52%] [32mBuilding CXX object CMakeFiles/champ_msgs__rosidl_typesupport_cpp.dir/rosidl_typesupport_cpp/champ_msgs/msg/pose__type_support.cpp.o[0m
[1.807s] [ 53%] [32mBuilding CXX object CMakeFiles/champ_msgs__rosidl_typesupport_fastrtps_cpp.dir/rosidl_typesupport_fastrtps_cpp/champ_msgs/msg/detail/dds_fastrtps/contacts__type_support.cpp.o[0m
[1.819s] [ 54%] [32mBuilding C object CMakeFiles/champ_msgs__rosidl_typesupport_introspection_c.dir/rosidl_typesupport_introspection_c/champ_msgs/msg/detail/point_array__type_support.c.o[0m
[1.835s] [ 55%] [32mBuilding CXX object CMakeFiles/champ_msgs__rosidl_typesupport_fastrtps_cpp.dir/rosidl_typesupport_fastrtps_cpp/champ_msgs/msg/detail/dds_fastrtps/contacts_stamped__type_support.cpp.o[0m
[1.879s] [ 56%] [32mBuilding C object CMakeFiles/champ_msgs__rosidl_typesupport_introspection_c.dir/rosidl_typesupport_introspection_c/champ_msgs/msg/detail/joints__type_support.c.o[0m
[1.936s] [ 57%] [32mBuilding C object CMakeFiles/champ_msgs__rosidl_typesupport_introspection_c.dir/rosidl_typesupport_introspection_c/champ_msgs/msg/detail/contacts__type_support.c.o[0m
[1.946s] [ 58%] [32mBuilding CXX object CMakeFiles/champ_msgs__rosidl_typesupport_fastrtps_c.dir/rosidl_typesupport_fastrtps_c/champ_msgs/msg/detail/pid__type_support_c.cpp.o[0m
[1.955s] [ 60%] [32mBuilding CXX object CMakeFiles/champ_msgs__rosidl_typesupport_introspection_cpp.dir/rosidl_typesupport_introspection_cpp/champ_msgs/msg/detail/imu__type_support.cpp.o[0m
[1.994s] [ 61%] [32mBuilding CXX object CMakeFiles/champ_msgs__rosidl_typesupport_introspection_cpp.dir/rosidl_typesupport_introspection_cpp/champ_msgs/msg/detail/point__type_support.cpp.o[0m
[1.999s] [ 62%] [32mBuilding C object CMakeFiles/champ_msgs__rosidl_typesupport_introspection_c.dir/rosidl_typesupport_introspection_c/champ_msgs/msg/detail/contacts_stamped__type_support.c.o[0m
[2.000s] [ 63%] [32mBuilding CXX object CMakeFiles/champ_msgs__rosidl_typesupport_introspection_cpp.dir/rosidl_typesupport_introspection_cpp/champ_msgs/msg/detail/point_array__type_support.cpp.o[0m
[2.001s] [ 64%] [32mBuilding C object CMakeFiles/champ_msgs__rosidl_typesupport_introspection_c.dir/rosidl_typesupport_introspection_c/champ_msgs/msg/detail/pose__type_support.c.o[0m
[2.021s] [ 65%] [32mBuilding CXX object CMakeFiles/champ_msgs__rosidl_typesupport_introspection_cpp.dir/rosidl_typesupport_introspection_cpp/champ_msgs/msg/detail/joints__type_support.cpp.o[0m
[2.057s] [ 66%] [32mBuilding CXX object CMakeFiles/champ_msgs__rosidl_typesupport_fastrtps_c.dir/rosidl_typesupport_fastrtps_c/champ_msgs/msg/detail/imu__type_support_c.cpp.o[0m
[2.060s] [ 67%] [1m[32mLinking C shared library libchamp_msgs__rosidl_typesupport_introspection_c.so[0m
[2.113s] [ 68%] [32mBuilding CXX object CMakeFiles/champ_msgs__rosidl_typesupport_fastrtps_cpp.dir/rosidl_typesupport_fastrtps_cpp/champ_msgs/msg/detail/dds_fastrtps/pose__type_support.cpp.o[0m
[2.128s] [ 68%] Built target champ_msgs__rosidl_typesupport_introspection_c
[2.138s] [ 70%] [32mBuilding CXX object CMakeFiles/champ_msgs__rosidl_typesupport_introspection_cpp.dir/rosidl_typesupport_introspection_cpp/champ_msgs/msg/detail/contacts__type_support.cpp.o[0m
[2.139s] [ 70%] [32mBuilding CXX object CMakeFiles/champ_msgs__rosidl_typesupport_fastrtps_c.dir/rosidl_typesupport_fastrtps_c/champ_msgs/msg/detail/point__type_support_c.cpp.o[0m
[2.194s] [ 71%] [1m[32mLinking CXX shared library libchamp_msgs__rosidl_typesupport_cpp.so[0m
[2.279s] [ 71%] Built target champ_msgs__rosidl_typesupport_cpp
[2.291s] [ 72%] [32mBuilding CXX object CMakeFiles/champ_msgs__rosidl_typesupport_introspection_cpp.dir/rosidl_typesupport_introspection_cpp/champ_msgs/msg/detail/contacts_stamped__type_support.cpp.o[0m
[2.428s] [ 73%] [32mBuilding CXX object CMakeFiles/champ_msgs__rosidl_typesupport_fastrtps_c.dir/rosidl_typesupport_fastrtps_c/champ_msgs/msg/detail/point_array__type_support_c.cpp.o[0m
[2.439s] [ 74%] [32mBuilding CXX object CMakeFiles/champ_msgs__rosidl_typesupport_fastrtps_c.dir/rosidl_typesupport_fastrtps_c/champ_msgs/msg/detail/joints__type_support_c.cpp.o[0m
[2.456s] [ 75%] [32mBuilding CXX object CMakeFiles/champ_msgs__rosidl_typesupport_fastrtps_c.dir/rosidl_typesupport_fastrtps_c/champ_msgs/msg/detail/contacts__type_support_c.cpp.o[0m
[2.548s] [ 76%] [32mBuilding CXX object CMakeFiles/champ_msgs__rosidl_typesupport_fastrtps_c.dir/rosidl_typesupport_fastrtps_c/champ_msgs/msg/detail/contacts_stamped__type_support_c.cpp.o[0m
[2.563s] [ 77%] [32mBuilding CXX object CMakeFiles/champ_msgs__rosidl_typesupport_fastrtps_c.dir/rosidl_typesupport_fastrtps_c/champ_msgs/msg/detail/pose__type_support_c.cpp.o[0m
[2.565s] [ 78%] [32mBuilding CXX object CMakeFiles/champ_msgs__rosidl_typesupport_introspection_cpp.dir/rosidl_typesupport_introspection_cpp/champ_msgs/msg/detail/pose__type_support.cpp.o[0m
[2.686s] [ 80%] [1m[32mLinking CXX shared library libchamp_msgs__rosidl_typesupport_fastrtps_cpp.so[0m
[2.871s] [ 80%] Built target champ_msgs__rosidl_typesupport_fastrtps_cpp
[2.931s] [ 81%] [1m[32mLinking CXX shared library libchamp_msgs__rosidl_typesupport_fastrtps_c.so[0m
[3.002s] [ 82%] [1m[32mLinking CXX shared library libchamp_msgs__rosidl_typesupport_introspection_cpp.so[0m
[3.003s] [ 82%] Built target champ_msgs__rosidl_typesupport_fastrtps_c
[3.067s] [ 82%] Built target champ_msgs__rosidl_typesupport_introspection_cpp
[3.083s] [ 82%] Built target champ_msgs
[3.099s] [ 83%] [1m[34mGenerating Python code for ROS interfaces[0m
[3.797s] [ 83%] Built target champ_msgs__py
[3.815s] [ 85%] [32mBuilding C object CMakeFiles/champ_msgs__rosidl_generator_py.dir/rosidl_generator_py/champ_msgs/msg/_pid_s.c.o[0m
[3.815s] [ 85%] [32mBuilding C object CMakeFiles/champ_msgs__rosidl_generator_py.dir/rosidl_generator_py/champ_msgs/msg/_imu_s.c.o[0m
[3.816s] [ 86%] [32mBuilding C object CMakeFiles/champ_msgs__rosidl_generator_py.dir/rosidl_generator_py/champ_msgs/msg/_velocities_s.c.o[0m
[3.816s] [ 87%] [32mBuilding C object CMakeFiles/champ_msgs__rosidl_generator_py.dir/rosidl_generator_py/champ_msgs/msg/_point_s.c.o[0m
[3.816s] [ 88%] [32mBuilding C object CMakeFiles/champ_msgs__rosidl_generator_py.dir/rosidl_generator_py/champ_msgs/msg/_contacts_stamped_s.c.o[0m
[3.816s] [ 90%] [32mBuilding C object CMakeFiles/champ_msgs__rosidl_generator_py.dir/rosidl_generator_py/champ_msgs/msg/_point_array_s.c.o[0m
[3.816s] [ 90%] [32mBuilding C object CMakeFiles/champ_msgs__rosidl_generator_py.dir/rosidl_generator_py/champ_msgs/msg/_joints_s.c.o[0m
[3.816s] [ 91%] [32mBuilding C object CMakeFiles/champ_msgs__rosidl_generator_py.dir/rosidl_generator_py/champ_msgs/msg/_contacts_s.c.o[0m
[3.817s] [ 92%] [32mBuilding C object CMakeFiles/champ_msgs__rosidl_generator_py.dir/rosidl_generator_py/champ_msgs/msg/_pose_s.c.o[0m
[3.964s] [ 93%] [1m[32mLinking C shared library rosidl_generator_py/champ_msgs/libchamp_msgs__rosidl_generator_py.so[0m
[4.002s] [ 93%] Built target champ_msgs__rosidl_generator_py
[4.018s] [ 96%] [32mBuilding C object CMakeFiles/champ_msgs__rosidl_typesupport_c__pyext.dir/rosidl_generator_py/champ_msgs/_champ_msgs_s.ep.rosidl_typesupport_c.c.o[0m
[4.019s] [ 96%] [32mBuilding C object CMakeFiles/champ_msgs__rosidl_typesupport_fastrtps_c__pyext.dir/rosidl_generator_py/champ_msgs/_champ_msgs_s.ep.rosidl_typesupport_fastrtps_c.c.o[0m
[4.019s] [ 96%] [32mBuilding C object CMakeFiles/champ_msgs__rosidl_typesupport_introspection_c__pyext.dir/rosidl_generator_py/champ_msgs/_champ_msgs_s.ep.rosidl_typesupport_introspection_c.c.o[0m
[4.121s] [100%] [1m[32mLinking C shared library rosidl_generator_py/champ_msgs/champ_msgs_s__rosidl_typesupport_c.cpython-310-x86_64-linux-gnu.so[0m
[4.121s] [100%] [1m[32mLinking C shared library rosidl_generator_py/champ_msgs/champ_msgs_s__rosidl_typesupport_introspection_c.cpython-310-x86_64-linux-gnu.so[0m
[4.121s] [100%] [1m[32mLinking C shared library rosidl_generator_py/champ_msgs/champ_msgs_s__rosidl_typesupport_fastrtps_c.cpython-310-x86_64-linux-gnu.so[0m
[4.156s] [100%] Built target champ_msgs__rosidl_typesupport_introspection_c__pyext
[4.156s] [100%] Built target champ_msgs__rosidl_typesupport_c__pyext
[4.156s] [100%] Built target champ_msgs__rosidl_typesupport_fastrtps_c__pyext
[4.165s] Invoked command in '/mnt/data/2026_1/go2_ws/build/champ_msgs' returned '0': CMAKE_PREFIX_PATH=${CMAKE_PREFIX_PATH}:/mnt/data/drone_writer_ws/install/drone_writer:/mnt/data/px4_ros_ws/install/drone_control:/opt/ros/humble CONDA_ENV_SHLVL_2_PIXI_PROMPT=(unitree_go2_ros2) PIXI_PROMPT=(unitree_go2_ros2) PS1=(unitree_go2_ros2) \[\e]0;\u@\h: \w\a\]${debian_chroot:+($debian_chroot)}\[\033[01;32m\]\u@\h\[\033[00m\]:\[\033[01;34m\]\w\[\033[00m\]\$ /mnt/data/2026_1/go2_ws/.pixi/envs/default/bin/cmake --build /mnt/data/2026_1/go2_ws/build/champ_msgs -- -j12 -l12
[4.167s] Invoking command in '/mnt/data/2026_1/go2_ws/build/champ_msgs': CMAKE_PREFIX_PATH=${CMAKE_PREFIX_PATH}:/mnt/data/drone_writer_ws/install/drone_writer:/mnt/data/px4_ros_ws/install/drone_control:/opt/ros/humble CONDA_ENV_SHLVL_2_PIXI_PROMPT=(unitree_go2_ros2) PIXI_PROMPT=(unitree_go2_ros2) PS1=(unitree_go2_ros2) \[\e]0;\u@\h: \w\a\]${debian_chroot:+($debian_chroot)}\[\033[01;32m\]\u@\h\[\033[00m\]:\[\033[01;34m\]\w\[\033[00m\]\$ /mnt/data/2026_1/go2_ws/.pixi/envs/default/bin/cmake --install /mnt/data/2026_1/go2_ws/build/champ_msgs
[4.172s] -- Install configuration: ""
[4.172s] -- Execute custom install script
[4.173s] -- Symlinking: /mnt/data/2026_1/go2_ws/install/champ_msgs/share/ament_index/resource_index/rosidl_interfaces/champ_msgs
[4.180s] -- Symlinking: /mnt/data/2026_1/go2_ws/install/champ_msgs/include/champ_msgs/champ_msgs/msg/contacts.h
[4.186s] -- Symlinking: /mnt/data/2026_1/go2_ws/install/champ_msgs/include/champ_msgs/champ_msgs/msg/contacts_stamped.h
[4.192s] -- Symlinking: /mnt/data/2026_1/go2_ws/install/champ_msgs/include/champ_msgs/champ_msgs/msg/detail/contacts__functions.h
[4.198s] -- Symlinking: /mnt/data/2026_1/go2_ws/install/champ_msgs/include/champ_msgs/champ_msgs/msg/detail/contacts__struct.h
[4.203s] -- Symlinking: /mnt/data/2026_1/go2_ws/install/champ_msgs/include/champ_msgs/champ_msgs/msg/detail/contacts__type_support.h
[4.210s] -- Symlinking: /mnt/data/2026_1/go2_ws/install/champ_msgs/include/champ_msgs/champ_msgs/msg/detail/contacts_stamped__functions.h
[4.216s] -- Symlinking: /mnt/data/2026_1/go2_ws/install/champ_msgs/include/champ_msgs/champ_msgs/msg/detail/contacts_stamped__struct.h
[4.222s] -- Symlinking: /mnt/data/2026_1/go2_ws/install/champ_msgs/include/champ_msgs/champ_msgs/msg/detail/contacts_stamped__type_support.h
[4.227s] -- Symlinking: /mnt/data/2026_1/go2_ws/install/champ_msgs/include/champ_msgs/champ_msgs/msg/detail/imu__functions.h
[4.233s] -- Symlinking: /mnt/data/2026_1/go2_ws/install/champ_msgs/include/champ_msgs/champ_msgs/msg/detail/imu__struct.h
[4.239s] -- Symlinking: /mnt/data/2026_1/go2_ws/install/champ_msgs/include/champ_msgs/champ_msgs/msg/detail/imu__type_support.h
[4.244s] -- Symlinking: /mnt/data/2026_1/go2_ws/install/champ_msgs/include/champ_msgs/champ_msgs/msg/detail/joints__functions.h
[4.250s] -- Symlinking: /mnt/data/2026_1/go2_ws/install/champ_msgs/include/champ_msgs/champ_msgs/msg/detail/joints__struct.h
[4.256s] -- Symlinking: /mnt/data/2026_1/go2_ws/install/champ_msgs/include/champ_msgs/champ_msgs/msg/detail/joints__type_support.h
[4.261s] -- Symlinking: /mnt/data/2026_1/go2_ws/install/champ_msgs/include/champ_msgs/champ_msgs/msg/detail/pid__functions.h
[4.267s] -- Symlinking: /mnt/data/2026_1/go2_ws/install/champ_msgs/include/champ_msgs/champ_msgs/msg/detail/pid__struct.h
[4.273s] -- Symlinking: /mnt/data/2026_1/go2_ws/install/champ_msgs/include/champ_msgs/champ_msgs/msg/detail/pid__type_support.h
[4.279s] -- Symlinking: /mnt/data/2026_1/go2_ws/install/champ_msgs/include/champ_msgs/champ_msgs/msg/detail/point__functions.h
[4.285s] -- Symlinking: /mnt/data/2026_1/go2_ws/install/champ_msgs/include/champ_msgs/champ_msgs/msg/detail/point__struct.h
[4.290s] -- Symlinking: /mnt/data/2026_1/go2_ws/install/champ_msgs/include/champ_msgs/champ_msgs/msg/detail/point__type_support.h
[4.296s] -- Symlinking: /mnt/data/2026_1/go2_ws/install/champ_msgs/include/champ_msgs/champ_msgs/msg/detail/point_array__functions.h
[4.302s] -- Symlinking: /mnt/data/2026_1/go2_ws/install/champ_msgs/include/champ_msgs/champ_msgs/msg/detail/point_array__struct.h
[4.308s] -- Symlinking: /mnt/data/2026_1/go2_ws/install/champ_msgs/include/champ_msgs/champ_msgs/msg/detail/point_array__type_support.h
[4.314s] -- Symlinking: /mnt/data/2026_1/go2_ws/install/champ_msgs/include/champ_msgs/champ_msgs/msg/detail/pose__functions.h
[4.320s] -- Symlinking: /mnt/data/2026_1/go2_ws/install/champ_msgs/include/champ_msgs/champ_msgs/msg/detail/pose__struct.h
[4.326s] -- Symlinking: /mnt/data/2026_1/go2_ws/install/champ_msgs/include/champ_msgs/champ_msgs/msg/detail/pose__type_support.h
[4.332s] -- Symlinking: /mnt/data/2026_1/go2_ws/install/champ_msgs/include/champ_msgs/champ_msgs/msg/detail/velocities__functions.h
[4.338s] -- Symlinking: /mnt/data/2026_1/go2_ws/install/champ_msgs/include/champ_msgs/champ_msgs/msg/detail/velocities__struct.h
[4.344s] -- Symlinking: /mnt/data/2026_1/go2_ws/install/champ_msgs/include/champ_msgs/champ_msgs/msg/detail/velocities__type_support.h
[4.350s] -- Symlinking: /mnt/data/2026_1/go2_ws/install/champ_msgs/include/champ_msgs/champ_msgs/msg/imu.h
[4.355s] -- Symlinking: /mnt/data/2026_1/go2_ws/install/champ_msgs/include/champ_msgs/champ_msgs/msg/joints.h
[4.361s] -- Symlinking: /mnt/data/2026_1/go2_ws/install/champ_msgs/include/champ_msgs/champ_msgs/msg/pid.h
[4.367s] -- Symlinking: /mnt/data/2026_1/go2_ws/install/champ_msgs/include/champ_msgs/champ_msgs/msg/point.h
[4.373s] -- Symlinking: /mnt/data/2026_1/go2_ws/install/champ_msgs/include/champ_msgs/champ_msgs/msg/point_array.h
[4.379s] -- Symlinking: /mnt/data/2026_1/go2_ws/install/champ_msgs/include/champ_msgs/champ_msgs/msg/pose.h
[4.385s] -- Symlinking: /mnt/data/2026_1/go2_ws/install/champ_msgs/include/champ_msgs/champ_msgs/msg/rosidl_generator_c__visibility_control.h
[4.391s] -- Symlinking: /mnt/data/2026_1/go2_ws/install/champ_msgs/include/champ_msgs/champ_msgs/msg/velocities.h
[4.397s] -- Symlinking: /mnt/data/2026_1/go2_ws/install/champ_msgs/share/champ_msgs/environment/library_path.sh
[4.403s] -- Symlinking: /mnt/data/2026_1/go2_ws/install/champ_msgs/share/champ_msgs/environment/library_path.dsv
[4.409s] -- Symlinking: /mnt/data/2026_1/go2_ws/install/champ_msgs/include/champ_msgs/champ_msgs/msg/detail/contacts__rosidl_typesupport_fastrtps_c.h
[4.415s] -- Symlinking: /mnt/data/2026_1/go2_ws/install/champ_msgs/include/champ_msgs/champ_msgs/msg/detail/contacts_stamped__rosidl_typesupport_fastrtps_c.h
[4.421s] -- Symlinking: /mnt/data/2026_1/go2_ws/install/champ_msgs/include/champ_msgs/champ_msgs/msg/detail/imu__rosidl_typesupport_fastrtps_c.h
[4.427s] -- Symlinking: /mnt/data/2026_1/go2_ws/install/champ_msgs/include/champ_msgs/champ_msgs/msg/detail/joints__rosidl_typesupport_fastrtps_c.h
[4.433s] -- Symlinking: /mnt/data/2026_1/go2_ws/install/champ_msgs/include/champ_msgs/champ_msgs/msg/detail/pid__rosidl_typesupport_fastrtps_c.h
[4.439s] -- Symlinking: /mnt/data/2026_1/go2_ws/install/champ_msgs/include/champ_msgs/champ_msgs/msg/detail/point__rosidl_typesupport_fastrtps_c.h
[4.445s] -- Symlinking: /mnt/data/2026_1/go2_ws/install/champ_msgs/include/champ_msgs/champ_msgs/msg/detail/point_array__rosidl_typesupport_fastrtps_c.h
[4.451s] -- Symlinking: /mnt/data/2026_1/go2_ws/install/champ_msgs/include/champ_msgs/champ_msgs/msg/detail/pose__rosidl_typesupport_fastrtps_c.h
[4.457s] -- Symlinking: /mnt/data/2026_1/go2_ws/install/champ_msgs/include/champ_msgs/champ_msgs/msg/detail/velocities__rosidl_typesupport_fastrtps_c.h
[4.463s] -- Symlinking: /mnt/data/2026_1/go2_ws/install/champ_msgs/include/champ_msgs/champ_msgs/msg/rosidl_typesupport_fastrtps_c__visibility_control.h
[4.469s] -- Symlinking: /mnt/data/2026_1/go2_ws/install/champ_msgs/include/champ_msgs/champ_msgs/msg/detail/contacts__rosidl_typesupport_introspection_c.h
[4.475s] -- Symlinking: /mnt/data/2026_1/go2_ws/install/champ_msgs/include/champ_msgs/champ_msgs/msg/detail/contacts_stamped__rosidl_typesupport_introspection_c.h
[4.481s] -- Symlinking: /mnt/data/2026_1/go2_ws/install/champ_msgs/include/champ_msgs/champ_msgs/msg/detail/imu__rosidl_typesupport_introspection_c.h
[4.487s] -- Symlinking: /mnt/data/2026_1/go2_ws/install/champ_msgs/include/champ_msgs/champ_msgs/msg/detail/joints__rosidl_typesupport_introspection_c.h
[4.493s] -- Symlinking: /mnt/data/2026_1/go2_ws/install/champ_msgs/include/champ_msgs/champ_msgs/msg/detail/pid__rosidl_typesupport_introspection_c.h
[4.499s] -- Symlinking: /mnt/data/2026_1/go2_ws/install/champ_msgs/include/champ_msgs/champ_msgs/msg/detail/point__rosidl_typesupport_introspection_c.h
[4.505s] -- Symlinking: /mnt/data/2026_1/go2_ws/install/champ_msgs/include/champ_msgs/champ_msgs/msg/detail/point_array__rosidl_typesupport_introspection_c.h
[4.511s] -- Symlinking: /mnt/data/2026_1/go2_ws/install/champ_msgs/include/champ_msgs/champ_msgs/msg/detail/pose__rosidl_typesupport_introspection_c.h
[4.517s] -- Symlinking: /mnt/data/2026_1/go2_ws/install/champ_msgs/include/champ_msgs/champ_msgs/msg/detail/velocities__rosidl_typesupport_introspection_c.h
[4.522s] -- Symlinking: /mnt/data/2026_1/go2_ws/install/champ_msgs/include/champ_msgs/champ_msgs/msg/rosidl_typesupport_introspection_c__visibility_control.h
[4.529s] -- Symlinking: /mnt/data/2026_1/go2_ws/install/champ_msgs/include/champ_msgs/champ_msgs/msg/contacts.hpp
[4.534s] -- Symlinking: /mnt/data/2026_1/go2_ws/install/champ_msgs/include/champ_msgs/champ_msgs/msg/contacts_stamped.hpp
[4.540s] -- Symlinking: /mnt/data/2026_1/go2_ws/install/champ_msgs/include/champ_msgs/champ_msgs/msg/detail/contacts__builder.hpp
[4.546s] -- Symlinking: /mnt/data/2026_1/go2_ws/install/champ_msgs/include/champ_msgs/champ_msgs/msg/detail/contacts__struct.hpp
[4.552s] -- Symlinking: /mnt/data/2026_1/go2_ws/install/champ_msgs/include/champ_msgs/champ_msgs/msg/detail/contacts__traits.hpp
[4.558s] -- Symlinking: /mnt/data/2026_1/go2_ws/install/champ_msgs/include/champ_msgs/champ_msgs/msg/detail/contacts__type_support.hpp
[4.563s] -- Symlinking: /mnt/data/2026_1/go2_ws/install/champ_msgs/include/champ_msgs/champ_msgs/msg/detail/contacts_stamped__builder.hpp
[4.569s] -- Symlinking: /mnt/data/2026_1/go2_ws/install/champ_msgs/include/champ_msgs/champ_msgs/msg/detail/contacts_stamped__struct.hpp
[4.575s] -- Symlinking: /mnt/data/2026_1/go2_ws/install/champ_msgs/include/champ_msgs/champ_msgs/msg/detail/contacts_stamped__traits.hpp
[4.580s] -- Symlinking: /mnt/data/2026_1/go2_ws/install/champ_msgs/include/champ_msgs/champ_msgs/msg/detail/contacts_stamped__type_support.hpp
[4.586s] -- Symlinking: /mnt/data/2026_1/go2_ws/install/champ_msgs/include/champ_msgs/champ_msgs/msg/detail/imu__builder.hpp
[4.592s] -- Symlinking: /mnt/data/2026_1/go2_ws/install/champ_msgs/include/champ_msgs/champ_msgs/msg/detail/imu__struct.hpp
[4.597s] -- Symlinking: /mnt/data/2026_1/go2_ws/install/champ_msgs/include/champ_msgs/champ_msgs/msg/detail/imu__traits.hpp
[4.603s] -- Symlinking: /mnt/data/2026_1/go2_ws/install/champ_msgs/include/champ_msgs/champ_msgs/msg/detail/imu__type_support.hpp
[4.608s] -- Symlinking: /mnt/data/2026_1/go2_ws/install/champ_msgs/include/champ_msgs/champ_msgs/msg/detail/joints__builder.hpp
[4.614s] -- Symlinking: /mnt/data/2026_1/go2_ws/install/champ_msgs/include/champ_msgs/champ_msgs/msg/detail/joints__struct.hpp
[4.620s] -- Symlinking: /mnt/data/2026_1/go2_ws/install/champ_msgs/include/champ_msgs/champ_msgs/msg/detail/joints__traits.hpp
[4.625s] -- Symlinking: /mnt/data/2026_1/go2_ws/install/champ_msgs/include/champ_msgs/champ_msgs/msg/detail/joints__type_support.hpp
[4.630s] -- Symlinking: /mnt/data/2026_1/go2_ws/install/champ_msgs/include/champ_msgs/champ_msgs/msg/detail/pid__builder.hpp
[4.636s] -- Symlinking: /mnt/data/2026_1/go2_ws/install/champ_msgs/include/champ_msgs/champ_msgs/msg/detail/pid__struct.hpp
[4.642s] -- Symlinking: /mnt/data/2026_1/go2_ws/install/champ_msgs/include/champ_msgs/champ_msgs/msg/detail/pid__traits.hpp
[4.647s] -- Symlinking: /mnt/data/2026_1/go2_ws/install/champ_msgs/include/champ_msgs/champ_msgs/msg/detail/pid__type_support.hpp
[4.653s] -- Symlinking: /mnt/data/2026_1/go2_ws/install/champ_msgs/include/champ_msgs/champ_msgs/msg/detail/point__builder.hpp
[4.658s] -- Symlinking: /mnt/data/2026_1/go2_ws/install/champ_msgs/include/champ_msgs/champ_msgs/msg/detail/point__struct.hpp
[4.664s] -- Symlinking: /mnt/data/2026_1/go2_ws/install/champ_msgs/include/champ_msgs/champ_msgs/msg/detail/point__traits.hpp
[4.670s] -- Symlinking: /mnt/data/2026_1/go2_ws/install/champ_msgs/include/champ_msgs/champ_msgs/msg/detail/point__type_support.hpp
[4.675s] -- Symlinking: /mnt/data/2026_1/go2_ws/install/champ_msgs/include/champ_msgs/champ_msgs/msg/detail/point_array__builder.hpp
[4.681s] -- Symlinking: /mnt/data/2026_1/go2_ws/install/champ_msgs/include/champ_msgs/champ_msgs/msg/detail/point_array__struct.hpp
[4.687s] -- Symlinking: /mnt/data/2026_1/go2_ws/install/champ_msgs/include/champ_msgs/champ_msgs/msg/detail/point_array__traits.hpp
[4.692s] -- Symlinking: /mnt/data/2026_1/go2_ws/install/champ_msgs/include/champ_msgs/champ_msgs/msg/detail/point_array__type_support.hpp
[4.698s] -- Symlinking: /mnt/data/2026_1/go2_ws/install/champ_msgs/include/champ_msgs/champ_msgs/msg/detail/pose__builder.hpp
[4.704s] -- Symlinking: /mnt/data/2026_1/go2_ws/install/champ_msgs/include/champ_msgs/champ_msgs/msg/detail/pose__struct.hpp
[4.709s] -- Symlinking: /mnt/data/2026_1/go2_ws/install/champ_msgs/include/champ_msgs/champ_msgs/msg/detail/pose__traits.hpp
[4.715s] -- Symlinking: /mnt/data/2026_1/go2_ws/install/champ_msgs/include/champ_msgs/champ_msgs/msg/detail/pose__type_support.hpp
[4.720s] -- Symlinking: /mnt/data/2026_1/go2_ws/install/champ_msgs/include/champ_msgs/champ_msgs/msg/detail/velocities__builder.hpp
[4.726s] -- Symlinking: /mnt/data/2026_1/go2_ws/install/champ_msgs/include/champ_msgs/champ_msgs/msg/detail/velocities__struct.hpp
[4.732s] -- Symlinking: /mnt/data/2026_1/go2_ws/install/champ_msgs/include/champ_msgs/champ_msgs/msg/detail/velocities__traits.hpp
[4.738s] -- Symlinking: /mnt/data/2026_1/go2_ws/install/champ_msgs/include/champ_msgs/champ_msgs/msg/detail/velocities__type_support.hpp
[4.744s] -- Symlinking: /mnt/data/2026_1/go2_ws/install/champ_msgs/include/champ_msgs/champ_msgs/msg/imu.hpp
[4.751s] -- Symlinking: /mnt/data/2026_1/go2_ws/install/champ_msgs/include/champ_msgs/champ_msgs/msg/joints.hpp
[4.757s] -- Symlinking: /mnt/data/2026_1/go2_ws/install/champ_msgs/include/champ_msgs/champ_msgs/msg/pid.hpp
[4.762s] -- Symlinking: /mnt/data/2026_1/go2_ws/install/champ_msgs/include/champ_msgs/champ_msgs/msg/point.hpp
[4.769s] -- Symlinking: /mnt/data/2026_1/go2_ws/install/champ_msgs/include/champ_msgs/champ_msgs/msg/point_array.hpp
[4.775s] -- Symlinking: /mnt/data/2026_1/go2_ws/install/champ_msgs/include/champ_msgs/champ_msgs/msg/pose.hpp
[4.781s] -- Symlinking: /mnt/data/2026_1/go2_ws/install/champ_msgs/include/champ_msgs/champ_msgs/msg/rosidl_generator_cpp__visibility_control.hpp
[4.787s] -- Symlinking: /mnt/data/2026_1/go2_ws/install/champ_msgs/include/champ_msgs/champ_msgs/msg/velocities.hpp
[4.793s] -- Symlinking: /mnt/data/2026_1/go2_ws/install/champ_msgs/include/champ_msgs/champ_msgs/msg/detail/contacts__rosidl_typesupport_fastrtps_cpp.hpp
[4.799s] -- Symlinking: /mnt/data/2026_1/go2_ws/install/champ_msgs/include/champ_msgs/champ_msgs/msg/detail/contacts_stamped__rosidl_typesupport_fastrtps_cpp.hpp
[4.805s] -- Symlinking: /mnt/data/2026_1/go2_ws/install/champ_msgs/include/champ_msgs/champ_msgs/msg/detail/imu__rosidl_typesupport_fastrtps_cpp.hpp
[4.811s] -- Symlinking: /mnt/data/2026_1/go2_ws/install/champ_msgs/include/champ_msgs/champ_msgs/msg/detail/joints__rosidl_typesupport_fastrtps_cpp.hpp
[4.817s] -- Symlinking: /mnt/data/2026_1/go2_ws/install/champ_msgs/include/champ_msgs/champ_msgs/msg/detail/pid__rosidl_typesupport_fastrtps_cpp.hpp
[4.823s] -- Symlinking: /mnt/data/2026_1/go2_ws/install/champ_msgs/include/champ_msgs/champ_msgs/msg/detail/point__rosidl_typesupport_fastrtps_cpp.hpp
[4.829s] -- Symlinking: /mnt/data/2026_1/go2_ws/install/champ_msgs/include/champ_msgs/champ_msgs/msg/detail/point_array__rosidl_typesupport_fastrtps_cpp.hpp
[4.835s] -- Symlinking: /mnt/data/2026_1/go2_ws/install/champ_msgs/include/champ_msgs/champ_msgs/msg/detail/pose__rosidl_typesupport_fastrtps_cpp.hpp
[4.841s] -- Symlinking: /mnt/data/2026_1/go2_ws/install/champ_msgs/include/champ_msgs/champ_msgs/msg/detail/velocities__rosidl_typesupport_fastrtps_cpp.hpp
[4.846s] -- Symlinking: /mnt/data/2026_1/go2_ws/install/champ_msgs/include/champ_msgs/champ_msgs/msg/rosidl_typesupport_fastrtps_cpp__visibility_control.h
[4.853s] -- Symlinking: /mnt/data/2026_1/go2_ws/install/champ_msgs/include/champ_msgs/champ_msgs/msg/detail/contacts__rosidl_typesupport_introspection_cpp.hpp
[4.859s] -- Symlinking: /mnt/data/2026_1/go2_ws/install/champ_msgs/include/champ_msgs/champ_msgs/msg/detail/contacts_stamped__rosidl_typesupport_introspection_cpp.hpp
[4.866s] -- Symlinking: /mnt/data/2026_1/go2_ws/install/champ_msgs/include/champ_msgs/champ_msgs/msg/detail/imu__rosidl_typesupport_introspection_cpp.hpp
[4.872s] -- Symlinking: /mnt/data/2026_1/go2_ws/install/champ_msgs/include/champ_msgs/champ_msgs/msg/detail/joints__rosidl_typesupport_introspection_cpp.hpp
[4.878s] -- Symlinking: /mnt/data/2026_1/go2_ws/install/champ_msgs/include/champ_msgs/champ_msgs/msg/detail/pid__rosidl_typesupport_introspection_cpp.hpp
[4.884s] -- Symlinking: /mnt/data/2026_1/go2_ws/install/champ_msgs/include/champ_msgs/champ_msgs/msg/detail/point__rosidl_typesupport_introspection_cpp.hpp
[4.890s] -- Symlinking: /mnt/data/2026_1/go2_ws/install/champ_msgs/include/champ_msgs/champ_msgs/msg/detail/point_array__rosidl_typesupport_introspection_cpp.hpp
[4.896s] -- Symlinking: /mnt/data/2026_1/go2_ws/install/champ_msgs/include/champ_msgs/champ_msgs/msg/detail/pose__rosidl_typesupport_introspection_cpp.hpp
[4.902s] -- Symlinking: /mnt/data/2026_1/go2_ws/install/champ_msgs/include/champ_msgs/champ_msgs/msg/detail/velocities__rosidl_typesupport_introspection_cpp.hpp
[4.908s] -- Symlinking: /mnt/data/2026_1/go2_ws/install/champ_msgs/share/champ_msgs/environment/pythonpath.sh
[4.914s] -- Symlinking: /mnt/data/2026_1/go2_ws/install/champ_msgs/share/champ_msgs/environment/pythonpath.dsv
[4.920s] -- Symlinking: /mnt/data/2026_1/go2_ws/install/champ_msgs/lib/python3.10/site-packages/champ_msgs-0.1.0-py3.10.egg-info/PKG-INFO
[4.926s] -- Symlinking: /mnt/data/2026_1/go2_ws/install/champ_msgs/lib/python3.10/site-packages/champ_msgs-0.1.0-py3.10.egg-info/SOURCES.txt
[4.932s] -- Symlinking: /mnt/data/2026_1/go2_ws/install/champ_msgs/lib/python3.10/site-packages/champ_msgs-0.1.0-py3.10.egg-info/dependency_links.txt
[4.938s] -- Symlinking: /mnt/data/2026_1/go2_ws/install/champ_msgs/lib/python3.10/site-packages/champ_msgs-0.1.0-py3.10.egg-info/top_level.txt
[4.945s] -- Symlinking: /mnt/data/2026_1/go2_ws/install/champ_msgs/lib/python3.10/site-packages/champ_msgs/__init__.py
[4.951s] -- Symlinking: /mnt/data/2026_1/go2_ws/install/champ_msgs/lib/python3.10/site-packages/champ_msgs/_champ_msgs_s.ep.rosidl_typesupport_c.c
[4.957s] -- Symlinking: /mnt/data/2026_1/go2_ws/install/champ_msgs/lib/python3.10/site-packages/champ_msgs/_champ_msgs_s.ep.rosidl_typesupport_fastrtps_c.c
[4.963s] -- Symlinking: /mnt/data/2026_1/go2_ws/install/champ_msgs/lib/python3.10/site-packages/champ_msgs/_champ_msgs_s.ep.rosidl_typesupport_introspection_c.c
[4.970s] -- Symlinking: /mnt/data/2026_1/go2_ws/install/champ_msgs/lib/python3.10/site-packages/champ_msgs/champ_msgs_s__rosidl_typesupport_c.cpython-310-x86_64-linux-gnu.so
[4.975s] -- Symlinking: /mnt/data/2026_1/go2_ws/install/champ_msgs/lib/python3.10/site-packages/champ_msgs/champ_msgs_s__rosidl_typesupport_fastrtps_c.cpython-310-x86_64-linux-gnu.so
[4.981s] -- Symlinking: /mnt/data/2026_1/go2_ws/install/champ_msgs/lib/python3.10/site-packages/champ_msgs/champ_msgs_s__rosidl_typesupport_introspection_c.cpython-310-x86_64-linux-gnu.so
[4.987s] -- Symlinking: /mnt/data/2026_1/go2_ws/install/champ_msgs/lib/python3.10/site-packages/champ_msgs/libchamp_msgs__rosidl_generator_py.so
[4.993s] -- Symlinking: /mnt/data/2026_1/go2_ws/install/champ_msgs/lib/python3.10/site-packages/champ_msgs/msg/__init__.py
[4.999s] -- Symlinking: /mnt/data/2026_1/go2_ws/install/champ_msgs/lib/python3.10/site-packages/champ_msgs/msg/_contacts.py
[5.005s] -- Symlinking: /mnt/data/2026_1/go2_ws/install/champ_msgs/lib/python3.10/site-packages/champ_msgs/msg/_contacts_s.c
[5.011s] -- Symlinking: /mnt/data/2026_1/go2_ws/install/champ_msgs/lib/python3.10/site-packages/champ_msgs/msg/_contacts_stamped.py
[5.017s] -- Symlinking: /mnt/data/2026_1/go2_ws/install/champ_msgs/lib/python3.10/site-packages/champ_msgs/msg/_contacts_stamped_s.c
[5.023s] -- Symlinking: /mnt/data/2026_1/go2_ws/install/champ_msgs/lib/python3.10/site-packages/champ_msgs/msg/_imu.py
[5.028s] -- Symlinking: /mnt/data/2026_1/go2_ws/install/champ_msgs/lib/python3.10/site-packages/champ_msgs/msg/_imu_s.c
[5.034s] -- Symlinking: /mnt/data/2026_1/go2_ws/install/champ_msgs/lib/python3.10/site-packages/champ_msgs/msg/_joints.py
[5.040s] -- Symlinking: /mnt/data/2026_1/go2_ws/install/champ_msgs/lib/python3.10/site-packages/champ_msgs/msg/_joints_s.c
[5.045s] -- Symlinking: /mnt/data/2026_1/go2_ws/install/champ_msgs/lib/python3.10/site-packages/champ_msgs/msg/_pid.py
[5.051s] -- Symlinking: /mnt/data/2026_1/go2_ws/install/champ_msgs/lib/python3.10/site-packages/champ_msgs/msg/_pid_s.c
[5.057s] -- Symlinking: /mnt/data/2026_1/go2_ws/install/champ_msgs/lib/python3.10/site-packages/champ_msgs/msg/_point.py
[5.063s] -- Symlinking: /mnt/data/2026_1/go2_ws/install/champ_msgs/lib/python3.10/site-packages/champ_msgs/msg/_point_array.py
[5.069s] -- Symlinking: /mnt/data/2026_1/go2_ws/install/champ_msgs/lib/python3.10/site-packages/champ_msgs/msg/_point_array_s.c
[5.075s] -- Symlinking: /mnt/data/2026_1/go2_ws/install/champ_msgs/lib/python3.10/site-packages/champ_msgs/msg/_point_s.c
[5.081s] -- Symlinking: /mnt/data/2026_1/go2_ws/install/champ_msgs/lib/python3.10/site-packages/champ_msgs/msg/_pose.py
[5.087s] -- Symlinking: /mnt/data/2026_1/go2_ws/install/champ_msgs/lib/python3.10/site-packages/champ_msgs/msg/_pose_s.c
[5.093s] -- Symlinking: /mnt/data/2026_1/go2_ws/install/champ_msgs/lib/python3.10/site-packages/champ_msgs/msg/_velocities.py
[5.098s] -- Symlinking: /mnt/data/2026_1/go2_ws/install/champ_msgs/lib/python3.10/site-packages/champ_msgs/msg/_velocities_s.c
[5.105s] -- Up-to-date symlink: /mnt/data/2026_1/go2_ws/install/champ_msgs/lib/python3.10/site-packages/champ_msgs/champ_msgs_s__rosidl_typesupport_fastrtps_c.cpython-310-x86_64-linux-gnu.so
[5.105s] -- Up-to-date symlink: /mnt/data/2026_1/go2_ws/install/champ_msgs/lib/python3.10/site-packages/champ_msgs/champ_msgs_s__rosidl_typesupport_introspection_c.cpython-310-x86_64-linux-gnu.so
[5.105s] -- Up-to-date symlink: /mnt/data/2026_1/go2_ws/install/champ_msgs/lib/python3.10/site-packages/champ_msgs/champ_msgs_s__rosidl_typesupport_c.cpython-310-x86_64-linux-gnu.so
[5.105s] -- Symlinking: /mnt/data/2026_1/go2_ws/install/champ_msgs/share/champ_msgs/msg/Velocities.idl
[5.111s] -- Symlinking: /mnt/data/2026_1/go2_ws/install/champ_msgs/share/champ_msgs/msg/PID.idl
[5.117s] -- Symlinking: /mnt/data/2026_1/go2_ws/install/champ_msgs/share/champ_msgs/msg/Imu.idl
[5.122s] -- Symlinking: /mnt/data/2026_1/go2_ws/install/champ_msgs/share/champ_msgs/msg/Point.idl
[5.128s] -- Symlinking: /mnt/data/2026_1/go2_ws/install/champ_msgs/share/champ_msgs/msg/PointArray.idl
[5.135s] -- Symlinking: /mnt/data/2026_1/go2_ws/install/champ_msgs/share/champ_msgs/msg/Joints.idl
[5.140s] -- Symlinking: /mnt/data/2026_1/go2_ws/install/champ_msgs/share/champ_msgs/msg/Contacts.idl
[5.146s] -- Symlinking: /mnt/data/2026_1/go2_ws/install/champ_msgs/share/champ_msgs/msg/ContactsStamped.idl
[5.152s] -- Symlinking: /mnt/data/2026_1/go2_ws/install/champ_msgs/share/champ_msgs/msg/Pose.idl
[5.158s] -- Symlinking: /mnt/data/2026_1/go2_ws/install/champ_msgs/share/champ_msgs/msg/Velocities.msg
[5.164s] -- Symlinking: /mnt/data/2026_1/go2_ws/install/champ_msgs/share/champ_msgs/msg/PID.msg
[5.170s] -- Symlinking: /mnt/data/2026_1/go2_ws/install/champ_msgs/share/champ_msgs/msg/Imu.msg
[5.176s] -- Symlinking: /mnt/data/2026_1/go2_ws/install/champ_msgs/share/champ_msgs/msg/Point.msg
[5.182s] -- Symlinking: /mnt/data/2026_1/go2_ws/install/champ_msgs/share/champ_msgs/msg/PointArray.msg
[5.187s] -- Symlinking: /mnt/data/2026_1/go2_ws/install/champ_msgs/share/champ_msgs/msg/Joints.msg
[5.193s] -- Symlinking: /mnt/data/2026_1/go2_ws/install/champ_msgs/share/champ_msgs/msg/Contacts.msg
[5.200s] -- Symlinking: /mnt/data/2026_1/go2_ws/install/champ_msgs/share/champ_msgs/msg/ContactsStamped.msg
[5.206s] -- Symlinking: /mnt/data/2026_1/go2_ws/install/champ_msgs/share/champ_msgs/msg/Pose.msg
[5.211s] -- Symlinking: /mnt/data/2026_1/go2_ws/install/champ_msgs/share/ament_index/resource_index/package_run_dependencies/champ_msgs
[5.218s] -- Symlinking: /mnt/data/2026_1/go2_ws/install/champ_msgs/share/ament_index/resource_index/parent_prefix_path/champ_msgs
[5.223s] -- Symlinking: /mnt/data/2026_1/go2_ws/install/champ_msgs/share/champ_msgs/environment/ament_prefix_path.sh
[5.230s] -- Symlinking: /mnt/data/2026_1/go2_ws/install/champ_msgs/share/champ_msgs/environment/ament_prefix_path.dsv
[5.236s] -- Symlinking: /mnt/data/2026_1/go2_ws/install/champ_msgs/share/champ_msgs/environment/path.sh
[5.242s] -- Symlinking: /mnt/data/2026_1/go2_ws/install/champ_msgs/share/champ_msgs/environment/path.dsv
[5.248s] -- Symlinking: /mnt/data/2026_1/go2_ws/install/champ_msgs/share/champ_msgs/local_setup.bash
[5.254s] -- Symlinking: /mnt/data/2026_1/go2_ws/install/champ_msgs/share/champ_msgs/local_setup.sh
[5.260s] -- Symlinking: /mnt/data/2026_1/go2_ws/install/champ_msgs/share/champ_msgs/local_setup.zsh
[5.267s] -- Symlinking: /mnt/data/2026_1/go2_ws/install/champ_msgs/share/champ_msgs/local_setup.dsv
[5.272s] -- Symlinking: /mnt/data/2026_1/go2_ws/install/champ_msgs/share/champ_msgs/package.dsv
[5.279s] -- Symlinking: /mnt/data/2026_1/go2_ws/install/champ_msgs/share/ament_index/resource_index/packages/champ_msgs
[5.285s] -- Symlinking: /mnt/data/2026_1/go2_ws/install/champ_msgs/share/champ_msgs/cmake/rosidl_cmake-extras.cmake
[5.291s] -- Symlinking: /mnt/data/2026_1/go2_ws/install/champ_msgs/share/champ_msgs/cmake/ament_cmake_export_dependencies-extras.cmake
[5.297s] -- Symlinking: /mnt/data/2026_1/go2_ws/install/champ_msgs/share/champ_msgs/cmake/ament_cmake_export_include_directories-extras.cmake
[5.303s] -- Symlinking: /mnt/data/2026_1/go2_ws/install/champ_msgs/share/champ_msgs/cmake/ament_cmake_export_libraries-extras.cmake
[5.309s] -- Symlinking: /mnt/data/2026_1/go2_ws/install/champ_msgs/share/champ_msgs/cmake/ament_cmake_export_targets-extras.cmake
[5.316s] -- Symlinking: /mnt/data/2026_1/go2_ws/install/champ_msgs/share/champ_msgs/cmake/rosidl_cmake_export_typesupport_targets-extras.cmake
[5.322s] -- Symlinking: /mnt/data/2026_1/go2_ws/install/champ_msgs/share/champ_msgs/cmake/rosidl_cmake_export_typesupport_libraries-extras.cmake
[5.328s] -- Symlinking: /mnt/data/2026_1/go2_ws/install/champ_msgs/share/champ_msgs/cmake/champ_msgsConfig.cmake
[5.334s] -- Symlinking: /mnt/data/2026_1/go2_ws/install/champ_msgs/share/champ_msgs/cmake/champ_msgsConfig-version.cmake
[5.339s] -- Symlinking: /mnt/data/2026_1/go2_ws/install/champ_msgs/share/champ_msgs/package.xml
[5.346s] -- Installing: /mnt/data/2026_1/go2_ws/install/champ_msgs/lib/libchamp_msgs__rosidl_generator_c.so
[5.346s] -- Set non-toolchain portion of runtime path of "/mnt/data/2026_1/go2_ws/install/champ_msgs/lib/libchamp_msgs__rosidl_generator_c.so" to ""
[5.346s] -- Installing: /mnt/data/2026_1/go2_ws/install/champ_msgs/lib/libchamp_msgs__rosidl_typesupport_fastrtps_c.so
[5.347s] -- Set non-toolchain portion of runtime path of "/mnt/data/2026_1/go2_ws/install/champ_msgs/lib/libchamp_msgs__rosidl_typesupport_fastrtps_c.so" to ""
[5.347s] -- Installing: /mnt/data/2026_1/go2_ws/install/champ_msgs/lib/libchamp_msgs__rosidl_typesupport_introspection_c.so
[5.347s] -- Set non-toolchain portion of runtime path of "/mnt/data/2026_1/go2_ws/install/champ_msgs/lib/libchamp_msgs__rosidl_typesupport_introspection_c.so" to ""
[5.347s] -- Installing: /mnt/data/2026_1/go2_ws/install/champ_msgs/lib/libchamp_msgs__rosidl_typesupport_c.so
[5.347s] -- Set non-toolchain portion of runtime path of "/mnt/data/2026_1/go2_ws/install/champ_msgs/lib/libchamp_msgs__rosidl_typesupport_c.so" to ""
[5.347s] -- Installing: /mnt/data/2026_1/go2_ws/install/champ_msgs/lib/libchamp_msgs__rosidl_typesupport_fastrtps_cpp.so
[5.348s] -- Set non-toolchain portion of runtime path of "/mnt/data/2026_1/go2_ws/install/champ_msgs/lib/libchamp_msgs__rosidl_typesupport_fastrtps_cpp.so" to ""
[5.348s] -- Installing: /mnt/data/2026_1/go2_ws/install/champ_msgs/lib/libchamp_msgs__rosidl_typesupport_introspection_cpp.so
[5.348s] -- Set non-toolchain portion of runtime path of "/mnt/data/2026_1/go2_ws/install/champ_msgs/lib/libchamp_msgs__rosidl_typesupport_introspection_cpp.so" to ""
[5.348s] -- Installing: /mnt/data/2026_1/go2_ws/install/champ_msgs/lib/libchamp_msgs__rosidl_typesupport_cpp.so
[5.349s] -- Set non-toolchain portion of runtime path of "/mnt/data/2026_1/go2_ws/install/champ_msgs/lib/libchamp_msgs__rosidl_typesupport_cpp.so" to ""
[5.388s] Listing '/mnt/data/2026_1/go2_ws/install/champ_msgs/lib/python3.10/site-packages/champ_msgs'...
[5.389s] Compiling '/mnt/data/2026_1/go2_ws/install/champ_msgs/lib/python3.10/site-packages/champ_msgs/__init__.py'...
[5.389s] Listing '/mnt/data/2026_1/go2_ws/install/champ_msgs/lib/python3.10/site-packages/champ_msgs/msg'...
[5.389s] Compiling '/mnt/data/2026_1/go2_ws/install/champ_msgs/lib/python3.10/site-packages/champ_msgs/msg/__init__.py'...
[5.389s] Compiling '/mnt/data/2026_1/go2_ws/install/champ_msgs/lib/python3.10/site-packages/champ_msgs/msg/_contacts.py'...
[5.389s] Compiling '/mnt/data/2026_1/go2_ws/install/champ_msgs/lib/python3.10/site-packages/champ_msgs/msg/_contacts_stamped.py'...
[5.389s] Compiling '/mnt/data/2026_1/go2_ws/install/champ_msgs/lib/python3.10/site-packages/champ_msgs/msg/_imu.py'...
[5.389s] Compiling '/mnt/data/2026_1/go2_ws/install/champ_msgs/lib/python3.10/site-packages/champ_msgs/msg/_joints.py'...
[5.389s] Compiling '/mnt/data/2026_1/go2_ws/install/champ_msgs/lib/python3.10/site-packages/champ_msgs/msg/_pid.py'...
[5.389s] Compiling '/mnt/data/2026_1/go2_ws/install/champ_msgs/lib/python3.10/site-packages/champ_msgs/msg/_point.py'...
[5.389s] Compiling '/mnt/data/2026_1/go2_ws/install/champ_msgs/lib/python3.10/site-packages/champ_msgs/msg/_point_array.py'...
[5.389s] Compiling '/mnt/data/2026_1/go2_ws/install/champ_msgs/lib/python3.10/site-packages/champ_msgs/msg/_pose.py'...
[5.389s] Compiling '/mnt/data/2026_1/go2_ws/install/champ_msgs/lib/python3.10/site-packages/champ_msgs/msg/_velocities.py'...
[5.392s] -- Installing: /mnt/data/2026_1/go2_ws/install/champ_msgs/lib/libchamp_msgs__rosidl_generator_py.so
[5.393s] -- Set non-toolchain portion of runtime path of "/mnt/data/2026_1/go2_ws/install/champ_msgs/lib/libchamp_msgs__rosidl_generator_py.so" to ""
[5.393s] -- Installing: /mnt/data/2026_1/go2_ws/install/champ_msgs/share/champ_msgs/cmake/export_champ_msgs__rosidl_generator_cExport.cmake
[5.393s] -- Installing: /mnt/data/2026_1/go2_ws/install/champ_msgs/share/champ_msgs/cmake/export_champ_msgs__rosidl_generator_cExport-noconfig.cmake
[5.393s] -- Installing: /mnt/data/2026_1/go2_ws/install/champ_msgs/share/champ_msgs/cmake/export_champ_msgs__rosidl_typesupport_fastrtps_cExport.cmake
[5.393s] -- Installing: /mnt/data/2026_1/go2_ws/install/champ_msgs/share/champ_msgs/cmake/export_champ_msgs__rosidl_typesupport_fastrtps_cExport-noconfig.cmake
[5.393s] -- Installing: /mnt/data/2026_1/go2_ws/install/champ_msgs/share/champ_msgs/cmake/champ_msgs__rosidl_typesupport_introspection_cExport.cmake
[5.394s] -- Installing: /mnt/data/2026_1/go2_ws/install/champ_msgs/share/champ_msgs/cmake/champ_msgs__rosidl_typesupport_introspection_cExport-noconfig.cmake
[5.394s] -- Installing: /mnt/data/2026_1/go2_ws/install/champ_msgs/share/champ_msgs/cmake/champ_msgs__rosidl_typesupport_cExport.cmake
[5.394s] -- Installing: /mnt/data/2026_1/go2_ws/install/champ_msgs/share/champ_msgs/cmake/champ_msgs__rosidl_typesupport_cExport-noconfig.cmake
[5.394s] -- Installing: /mnt/data/2026_1/go2_ws/install/champ_msgs/share/champ_msgs/cmake/export_champ_msgs__rosidl_generator_cppExport.cmake
[5.394s] -- Installing: /mnt/data/2026_1/go2_ws/install/champ_msgs/share/champ_msgs/cmake/export_champ_msgs__rosidl_typesupport_fastrtps_cppExport.cmake
[5.394s] -- Installing: /mnt/data/2026_1/go2_ws/install/champ_msgs/share/champ_msgs/cmake/export_champ_msgs__rosidl_typesupport_fastrtps_cppExport-noconfig.cmake
[5.394s] -- Installing: /mnt/data/2026_1/go2_ws/install/champ_msgs/share/champ_msgs/cmake/champ_msgs__rosidl_typesupport_introspection_cppExport.cmake
[5.395s] -- Installing: /mnt/data/2026_1/go2_ws/install/champ_msgs/share/champ_msgs/cmake/champ_msgs__rosidl_typesupport_introspection_cppExport-noconfig.cmake
[5.395s] -- Installing: /mnt/data/2026_1/go2_ws/install/champ_msgs/share/champ_msgs/cmake/champ_msgs__rosidl_typesupport_cppExport.cmake
[5.395s] -- Installing: /mnt/data/2026_1/go2_ws/install/champ_msgs/share/champ_msgs/cmake/champ_msgs__rosidl_typesupport_cppExport-noconfig.cmake
[5.395s] -- Installing: /mnt/data/2026_1/go2_ws/install/champ_msgs/share/champ_msgs/cmake/export_champ_msgs__rosidl_generator_pyExport.cmake
[5.395s] -- Installing: /mnt/data/2026_1/go2_ws/install/champ_msgs/share/champ_msgs/cmake/export_champ_msgs__rosidl_generator_pyExport-noconfig.cmake
[5.398s] Invoked command in '/mnt/data/2026_1/go2_ws/build/champ_msgs' returned '0': CMAKE_PREFIX_PATH=${CMAKE_PREFIX_PATH}:/mnt/data/drone_writer_ws/install/drone_writer:/mnt/data/px4_ros_ws/install/drone_control:/opt/ros/humble CONDA_ENV_SHLVL_2_PIXI_PROMPT=(unitree_go2_ros2) PIXI_PROMPT=(unitree_go2_ros2) PS1=(unitree_go2_ros2) \[\e]0;\u@\h: \w\a\]${debian_chroot:+($debian_chroot)}\[\033[01;32m\]\u@\h\[\033[00m\]:\[\033[01;34m\]\w\[\033[00m\]\$ /mnt/data/2026_1/go2_ws/.pixi/envs/default/bin/cmake --install /mnt/data/2026_1/go2_ws/build/champ_msgs
