[0.014s] Invoking command in '/mnt/data/2026_1/go2_ws/build/unitree_go2_sim': CMAKE_PREFIX_PATH=${CMAKE_PREFIX_PATH}:/mnt/data/drone_writer_ws/install/drone_writer:/mnt/data/px4_ros_ws/install/drone_control:/opt/ros/humble /usr/bin/cmake --build /mnt/data/2026_1/go2_ws/build/unitree_go2_sim -- -j12 -l12
[0.082s] Invoked command in '/mnt/data/2026_1/go2_ws/build/unitree_go2_sim' returned '0': CMAKE_PREFIX_PATH=${CMAKE_PREFIX_PATH}:/mnt/data/drone_writer_ws/install/drone_writer:/mnt/data/px4_ros_ws/install/drone_control:/opt/ros/humble /usr/bin/cmake --build /mnt/data/2026_1/go2_ws/build/unitree_go2_sim -- -j12 -l12
[0.098s] Invoking command in '/mnt/data/2026_1/go2_ws/build/unitree_go2_sim': CMAKE_PREFIX_PATH=${CMAKE_PREFIX_PATH}:/mnt/data/drone_writer_ws/install/drone_writer:/mnt/data/px4_ros_ws/install/drone_control:/opt/ros/humble /usr/bin/cmake --install /mnt/data/2026_1/go2_ws/build/unitree_go2_sim
[0.116s] -- Install configuration: ""
[0.116s] -- Execute custom install script
[0.118s] -- Symlinking: /mnt/data/2026_1/go2_ws/install/unitree_go2_sim/share/unitree_go2_sim/launch/go2_fork_teleop_launch.py
[0.128s] -- Up-to-date symlink: /mnt/data/2026_1/go2_ws/install/unitree_go2_sim/share/unitree_go2_sim/launch/unitree_go2_launch.py
[0.128s] -- Up-to-date symlink: /mnt/data/2026_1/go2_ws/install/unitree_go2_sim/share/unitree_go2_sim/launch/unitree_go2_with_fork_launch.py
[0.128s] -- Up-to-date symlink: /mnt/data/2026_1/go2_ws/install/unitree_go2_sim/share/unitree_go2_sim/config/gait/gait.yaml
[0.128s] -- Up-to-date symlink: /mnt/data/2026_1/go2_ws/install/unitree_go2_sim/share/unitree_go2_sim/config/joints/joints.yaml
[0.128s] -- Up-to-date symlink: /mnt/data/2026_1/go2_ws/install/unitree_go2_sim/share/unitree_go2_sim/config/links/links.yaml
[0.129s] -- Up-to-date symlink: /mnt/data/2026_1/go2_ws/install/unitree_go2_sim/share/unitree_go2_sim/config/ros_control/ros_control.yaml
[0.129s] -- Up-to-date symlink: /mnt/data/2026_1/go2_ws/install/unitree_go2_sim/share/unitree_go2_sim/rviz/rviz.rviz
[0.129s] -- Up-to-date symlink: /mnt/data/2026_1/go2_ws/install/unitree_go2_sim/share/ament_index/resource_index/package_run_dependencies/unitree_go2_sim
[0.129s] -- Up-to-date symlink: /mnt/data/2026_1/go2_ws/install/unitree_go2_sim/share/ament_index/resource_index/parent_prefix_path/unitree_go2_sim
[0.129s] -- Up-to-date symlink: /mnt/data/2026_1/go2_ws/install/unitree_go2_sim/share/unitree_go2_sim/environment/ament_prefix_path.sh
[0.130s] -- Up-to-date symlink: /mnt/data/2026_1/go2_ws/install/unitree_go2_sim/share/unitree_go2_sim/environment/ament_prefix_path.dsv
[0.130s] -- Up-to-date symlink: /mnt/data/2026_1/go2_ws/install/unitree_go2_sim/share/unitree_go2_sim/environment/path.sh
[0.130s] -- Up-to-date symlink: /mnt/data/2026_1/go2_ws/install/unitree_go2_sim/share/unitree_go2_sim/environment/path.dsv
[0.130s] -- Up-to-date symlink: /mnt/data/2026_1/go2_ws/install/unitree_go2_sim/share/unitree_go2_sim/local_setup.bash
[0.130s] -- Up-to-date symlink: /mnt/data/2026_1/go2_ws/install/unitree_go2_sim/share/unitree_go2_sim/local_setup.sh
[0.130s] -- Up-to-date symlink: /mnt/data/2026_1/go2_ws/install/unitree_go2_sim/share/unitree_go2_sim/local_setup.zsh
[0.130s] -- Up-to-date symlink: /mnt/data/2026_1/go2_ws/install/unitree_go2_sim/share/unitree_go2_sim/local_setup.dsv
[0.131s] -- Symlinking: /mnt/data/2026_1/go2_ws/install/unitree_go2_sim/share/unitree_go2_sim/package.dsv
[0.141s] -- Up-to-date symlink: /mnt/data/2026_1/go2_ws/install/unitree_go2_sim/share/ament_index/resource_index/packages/unitree_go2_sim
[0.142s] -- Up-to-date symlink: /mnt/data/2026_1/go2_ws/install/unitree_go2_sim/share/unitree_go2_sim/cmake/unitree_go2_simConfig.cmake
[0.142s] -- Up-to-date symlink: /mnt/data/2026_1/go2_ws/install/unitree_go2_sim/share/unitree_go2_sim/cmake/unitree_go2_simConfig-version.cmake
[0.142s] -- Up-to-date symlink: /mnt/data/2026_1/go2_ws/install/unitree_go2_sim/share/unitree_go2_sim/package.xml
[0.163s] Invoked command in '/mnt/data/2026_1/go2_ws/build/unitree_go2_sim' returned '0': CMAKE_PREFIX_PATH=${CMAKE_PREFIX_PATH}:/mnt/data/drone_writer_ws/install/drone_writer:/mnt/data/px4_ros_ws/install/drone_control:/opt/ros/humble /usr/bin/cmake --install /mnt/data/2026_1/go2_ws/build/unitree_go2_sim
