[0mCMake Deprecation Warning at CMakeLists.txt:1 (cmake_minimum_required):
  Compatibility with CMake < 3.10 will be removed from a future version of
  CMake.

  Update the VERSION argument <min> value.  Or, use the <min>...<max> syntax
  to tell CMake that the project requires at least <min> but has been updated
  to work with policies introduced by <max> or earlier.

[0m
-- Found ament_cmake: 1.3.14 (/opt/ros/humble/share/ament_cmake/cmake)
-- Override CMake install command with custom implementation using symlinks instead of copying resources
-- Configuring done (0.3s)
-- Generating done (0.0s)
-- Build files have been written to: /mnt/data/2026_1/go2_ws/build/unitree_go2_sim
-- Install configuration: ""
-- Execute custom install script
-- Up-to-date symlink: /mnt/data/2026_1/go2_ws/install/unitree_go2_sim/share/unitree_go2_sim/launch/go2_fork_teleop_launch.py
-- Up-to-date symlink: /mnt/data/2026_1/go2_ws/install/unitree_go2_sim/share/unitree_go2_sim/launch/unitree_go2_launch.py
-- Up-to-date symlink: /mnt/data/2026_1/go2_ws/install/unitree_go2_sim/share/unitree_go2_sim/launch/unitree_go2_with_fork_launch.py
-- Up-to-date symlink: /mnt/data/2026_1/go2_ws/install/unitree_go2_sim/share/unitree_go2_sim/config/gait/gait.yaml
-- Up-to-date symlink: /mnt/data/2026_1/go2_ws/install/unitree_go2_sim/share/unitree_go2_sim/config/joints/joints.yaml
-- Up-to-date symlink: /mnt/data/2026_1/go2_ws/install/unitree_go2_sim/share/unitree_go2_sim/config/links/links.yaml
-- Up-to-date symlink: /mnt/data/2026_1/go2_ws/install/unitree_go2_sim/share/unitree_go2_sim/config/ros_control/ros_control.yaml
-- Up-to-date symlink: /mnt/data/2026_1/go2_ws/install/unitree_go2_sim/share/unitree_go2_sim/rviz/rviz.rviz
-- Symlinking: /mnt/data/2026_1/go2_ws/install/unitree_go2_sim/lib/unitree_go2_sim/go2_fork_teleop.py
-- Symlinking: /mnt/data/2026_1/go2_ws/install/unitree_go2_sim/lib/unitree_go2_sim/go2_fork_teleop_dual.py
-- Up-to-date symlink: /mnt/data/2026_1/go2_ws/install/unitree_go2_sim/share/ament_index/resource_index/package_run_dependencies/unitree_go2_sim
-- Up-to-date symlink: /mnt/data/2026_1/go2_ws/install/unitree_go2_sim/share/ament_index/resource_index/parent_prefix_path/unitree_go2_sim
-- Up-to-date symlink: /mnt/data/2026_1/go2_ws/install/unitree_go2_sim/share/unitree_go2_sim/environment/ament_prefix_path.sh
-- Up-to-date symlink: /mnt/data/2026_1/go2_ws/install/unitree_go2_sim/share/unitree_go2_sim/environment/ament_prefix_path.dsv
-- Up-to-date symlink: /mnt/data/2026_1/go2_ws/install/unitree_go2_sim/share/unitree_go2_sim/environment/path.sh
-- Up-to-date symlink: /mnt/data/2026_1/go2_ws/install/unitree_go2_sim/share/unitree_go2_sim/environment/path.dsv
-- Up-to-date symlink: /mnt/data/2026_1/go2_ws/install/unitree_go2_sim/share/unitree_go2_sim/local_setup.bash
-- Up-to-date symlink: /mnt/data/2026_1/go2_ws/install/unitree_go2_sim/share/unitree_go2_sim/local_setup.sh
-- Up-to-date symlink: /mnt/data/2026_1/go2_ws/install/unitree_go2_sim/share/unitree_go2_sim/local_setup.zsh
-- Up-to-date symlink: /mnt/data/2026_1/go2_ws/install/unitree_go2_sim/share/unitree_go2_sim/local_setup.dsv
-- Symlinking: /mnt/data/2026_1/go2_ws/install/unitree_go2_sim/share/unitree_go2_sim/package.dsv
-- Up-to-date symlink: /mnt/data/2026_1/go2_ws/install/unitree_go2_sim/share/ament_index/resource_index/packages/unitree_go2_sim
-- Up-to-date symlink: /mnt/data/2026_1/go2_ws/install/unitree_go2_sim/share/unitree_go2_sim/cmake/unitree_go2_simConfig.cmake
-- Up-to-date symlink: /mnt/data/2026_1/go2_ws/install/unitree_go2_sim/share/unitree_go2_sim/cmake/unitree_go2_simConfig-version.cmake
-- Up-to-date symlink: /mnt/data/2026_1/go2_ws/install/unitree_go2_sim/share/unitree_go2_sim/package.xml
