[0.010s] Invoking command in '/mnt/data/2026_1/go2_ws/build/unitree_go2_sim': CMAKE_PREFIX_PATH=${CMAKE_PREFIX_PATH}:/mnt/data/drone_writer_ws/install/drone_writer:/mnt/data/px4_ros_ws/install/drone_control:/opt/ros/humble PIXI_PROMPT=(unitree_go2_ros2) PS1=(unitree_go2_ros2) \[\e]0;\u@\h: \w\a\]${debian_chroot:+($debian_chroot)}\[\033[01;32m\]\u@\h\[\033[00m\]:\[\033[01;34m\]\w\[\033[00m\]\$ /mnt/data/2026_1/go2_ws/.pixi/envs/default/bin/cmake --build /mnt/data/2026_1/go2_ws/build/unitree_go2_sim -- -j12 -l12
[0.026s] [0mCMake Deprecation Warning at CMakeLists.txt:1 (cmake_minimum_required):
[0.026s]   Compatibility with CMake < 3.10 will be removed from a future version of
[0.026s]   CMake.
[0.026s] 
[0.026s]   Update the VERSION argument <min> value.  Or, use the <min>...<max> syntax
[0.026s]   to tell CMake that the project requires at least <min> but has been updated
[0.026s]   to work with policies introduced by <max> or earlier.
[0.026s] 
[0.026s] [0m
[0.046s] -- Found ament_cmake: 1.3.14 (/opt/ros/humble/share/ament_cmake/cmake)
[0.214s] -- Override CMake install command with custom implementation using symlinks instead of copying resources
[0.319s] -- Configuring done (0.3s)
[0.325s] -- Generating done (0.0s)
[0.327s] -- Build files have been written to: /mnt/data/2026_1/go2_ws/build/unitree_go2_sim
[0.344s] Invoked command in '/mnt/data/2026_1/go2_ws/build/unitree_go2_sim' returned '0': CMAKE_PREFIX_PATH=${CMAKE_PREFIX_PATH}:/mnt/data/drone_writer_ws/install/drone_writer:/mnt/data/px4_ros_ws/install/drone_control:/opt/ros/humble PIXI_PROMPT=(unitree_go2_ros2) PS1=(unitree_go2_ros2) \[\e]0;\u@\h: \w\a\]${debian_chroot:+($debian_chroot)}\[\033[01;32m\]\u@\h\[\033[00m\]:\[\033[01;34m\]\w\[\033[00m\]\$ /mnt/data/2026_1/go2_ws/.pixi/envs/default/bin/cmake --build /mnt/data/2026_1/go2_ws/build/unitree_go2_sim -- -j12 -l12
[0.345s] Invoking command in '/mnt/data/2026_1/go2_ws/build/unitree_go2_sim': CMAKE_PREFIX_PATH=${CMAKE_PREFIX_PATH}:/mnt/data/drone_writer_ws/install/drone_writer:/mnt/data/px4_ros_ws/install/drone_control:/opt/ros/humble PIXI_PROMPT=(unitree_go2_ros2) PS1=(unitree_go2_ros2) \[\e]0;\u@\h: \w\a\]${debian_chroot:+($debian_chroot)}\[\033[01;32m\]\u@\h\[\033[00m\]:\[\033[01;34m\]\w\[\033[00m\]\$ /mnt/data/2026_1/go2_ws/.pixi/envs/default/bin/cmake --install /mnt/data/2026_1/go2_ws/build/unitree_go2_sim
[0.350s] -- Install configuration: ""
[0.350s] -- Execute custom install script
[0.351s] -- Up-to-date symlink: /mnt/data/2026_1/go2_ws/install/unitree_go2_sim/share/unitree_go2_sim/launch/go2_fork_teleop_launch.py
[0.351s] -- Up-to-date symlink: /mnt/data/2026_1/go2_ws/install/unitree_go2_sim/share/unitree_go2_sim/launch/unitree_go2_launch.py
[0.351s] -- Up-to-date symlink: /mnt/data/2026_1/go2_ws/install/unitree_go2_sim/share/unitree_go2_sim/launch/unitree_go2_with_fork_launch.py
[0.351s] -- Up-to-date symlink: /mnt/data/2026_1/go2_ws/install/unitree_go2_sim/share/unitree_go2_sim/config/gait/gait.yaml
[0.351s] -- Up-to-date symlink: /mnt/data/2026_1/go2_ws/install/unitree_go2_sim/share/unitree_go2_sim/config/joints/joints.yaml
[0.351s] -- Up-to-date symlink: /mnt/data/2026_1/go2_ws/install/unitree_go2_sim/share/unitree_go2_sim/config/links/links.yaml
[0.352s] -- Up-to-date symlink: /mnt/data/2026_1/go2_ws/install/unitree_go2_sim/share/unitree_go2_sim/config/ros_control/ros_control.yaml
[0.352s] -- Up-to-date symlink: /mnt/data/2026_1/go2_ws/install/unitree_go2_sim/share/unitree_go2_sim/rviz/rviz.rviz
[0.352s] -- Symlinking: /mnt/data/2026_1/go2_ws/install/unitree_go2_sim/lib/unitree_go2_sim/go2_fork_teleop.py
[0.358s] -- Symlinking: /mnt/data/2026_1/go2_ws/install/unitree_go2_sim/lib/unitree_go2_sim/go2_fork_teleop_dual.py
[0.364s] -- Up-to-date symlink: /mnt/data/2026_1/go2_ws/install/unitree_go2_sim/share/ament_index/resource_index/package_run_dependencies/unitree_go2_sim
[0.364s] -- Up-to-date symlink: /mnt/data/2026_1/go2_ws/install/unitree_go2_sim/share/ament_index/resource_index/parent_prefix_path/unitree_go2_sim
[0.364s] -- Up-to-date symlink: /mnt/data/2026_1/go2_ws/install/unitree_go2_sim/share/unitree_go2_sim/environment/ament_prefix_path.sh
[0.364s] -- Up-to-date symlink: /mnt/data/2026_1/go2_ws/install/unitree_go2_sim/share/unitree_go2_sim/environment/ament_prefix_path.dsv
[0.364s] -- Up-to-date symlink: /mnt/data/2026_1/go2_ws/install/unitree_go2_sim/share/unitree_go2_sim/environment/path.sh
[0.364s] -- Up-to-date symlink: /mnt/data/2026_1/go2_ws/install/unitree_go2_sim/share/unitree_go2_sim/environment/path.dsv
[0.364s] -- Up-to-date symlink: /mnt/data/2026_1/go2_ws/install/unitree_go2_sim/share/unitree_go2_sim/local_setup.bash
[0.365s] -- Up-to-date symlink: /mnt/data/2026_1/go2_ws/install/unitree_go2_sim/share/unitree_go2_sim/local_setup.sh
[0.365s] -- Up-to-date symlink: /mnt/data/2026_1/go2_ws/install/unitree_go2_sim/share/unitree_go2_sim/local_setup.zsh
[0.365s] -- Up-to-date symlink: /mnt/data/2026_1/go2_ws/install/unitree_go2_sim/share/unitree_go2_sim/local_setup.dsv
[0.365s] -- Symlinking: /mnt/data/2026_1/go2_ws/install/unitree_go2_sim/share/unitree_go2_sim/package.dsv
[0.371s] -- Up-to-date symlink: /mnt/data/2026_1/go2_ws/install/unitree_go2_sim/share/ament_index/resource_index/packages/unitree_go2_sim
[0.371s] -- Up-to-date symlink: /mnt/data/2026_1/go2_ws/install/unitree_go2_sim/share/unitree_go2_sim/cmake/unitree_go2_simConfig.cmake
[0.371s] -- Up-to-date symlink: /mnt/data/2026_1/go2_ws/install/unitree_go2_sim/share/unitree_go2_sim/cmake/unitree_go2_simConfig-version.cmake
[0.371s] -- Up-to-date symlink: /mnt/data/2026_1/go2_ws/install/unitree_go2_sim/share/unitree_go2_sim/package.xml
[0.373s] Invoked command in '/mnt/data/2026_1/go2_ws/build/unitree_go2_sim' returned '0': CMAKE_PREFIX_PATH=${CMAKE_PREFIX_PATH}:/mnt/data/drone_writer_ws/install/drone_writer:/mnt/data/px4_ros_ws/install/drone_control:/opt/ros/humble PIXI_PROMPT=(unitree_go2_ros2) PS1=(unitree_go2_ros2) \[\e]0;\u@\h: \w\a\]${debian_chroot:+($debian_chroot)}\[\033[01;32m\]\u@\h\[\033[00m\]:\[\033[01;34m\]\w\[\033[00m\]\$ /mnt/data/2026_1/go2_ws/.pixi/envs/default/bin/cmake --install /mnt/data/2026_1/go2_ws/build/unitree_go2_sim
